running egg_info
creating ../../build/decision/decision.egg-info
writing ../../build/decision/decision.egg-info/PKG-INFO
writing dependency_links to ../../build/decision/decision.egg-info/dependency_links.txt
writing entry points to ../../build/decision/decision.egg-info/entry_points.txt
writing requirements to ../../build/decision/decision.egg-info/requires.txt
writing top-level names to ../../build/decision/decision.egg-info/top_level.txt
writing manifest file '../../build/decision/decision.egg-info/SOURCES.txt'
reading manifest file '../../build/decision/decision.egg-info/SOURCES.txt'
writing manifest file '../../build/decision/decision.egg-info/SOURCES.txt'
running build
running build_py
creating /home/solhee/irc/build/decision/build/lib/decision
copying decision/__init__.py -> /home/solhee/irc/build/decision/build/lib/decision
copying decision/main_decision.py -> /home/solhee/irc/build/decision/build/lib/decision
running install
running install_lib
creating /home/solhee/irc/install/decision/lib/python3.10/site-packages/decision
copying /home/solhee/irc/build/decision/build/lib/decision/__init__.py -> /home/solhee/irc/install/decision/lib/python3.10/site-packages/decision
copying /home/solhee/irc/build/decision/build/lib/decision/main_decision.py -> /home/solhee/irc/install/decision/lib/python3.10/site-packages/decision
byte-compiling /home/solhee/irc/install/decision/lib/python3.10/site-packages/decision/__init__.py to __init__.cpython-310.pyc
byte-compiling /home/solhee/irc/install/decision/lib/python3.10/site-packages/decision/main_decision.py to main_decision.cpython-310.pyc
running install_data
creating /home/solhee/irc/install/decision/share/ament_index/resource_index/packages
copying resource/decision -> /home/solhee/irc/install/decision/share/ament_index/resource_index/packages
copying package.xml -> /home/solhee/irc/install/decision/share/decision
running install_egg_info
Copying ../../build/decision/decision.egg-info to /home/solhee/irc/install/decision/lib/python3.10/site-packages/decision-0.0.0-py3.10.egg-info
running install_scripts
Installing main_decision script to /home/solhee/irc/install/decision/lib/decision
writing list of installed files to '/home/solhee/irc/build/decision/install.log'
