[0.420s] Invoking command in '/home/solhee/irc/src/decision': PS1=\[\e]0;\u@\h: \w\a\]${debian_chroot:+($debian_chroot)}\[\033[01;32m\]\u@\h\[\033[00m\]:\[\033[01;34m\]\w\[\033[00m\]\$ PYTHONPATH=/home/solhee/irc/build/decision/prefix_override:/usr/lib/python3/dist-packages/colcon_core/task/python/colcon_distutils_commands:/home/solhee/irc/install/decision/lib/python3.10/site-packages:${PYTHONPATH} /usr/bin/python3 -W ignore:setup.py install is deprecated -W ignore:easy_install command is deprecated setup.py egg_info --egg-base ../../build/decision build --build-base /home/solhee/irc/build/decision/build install --record /home/solhee/irc/build/decision/install.log --single-version-externally-managed install_data
[0.580s] running egg_info
[0.589s] creating ../../build/decision/decision.egg-info
[0.589s] writing ../../build/decision/decision.egg-info/PKG-INFO
[0.590s] writing dependency_links to ../../build/decision/decision.egg-info/dependency_links.txt
[0.590s] writing entry points to ../../build/decision/decision.egg-info/entry_points.txt
[0.590s] writing requirements to ../../build/decision/decision.egg-info/requires.txt
[0.590s] writing top-level names to ../../build/decision/decision.egg-info/top_level.txt
[0.590s] writing manifest file '../../build/decision/decision.egg-info/SOURCES.txt'
[0.610s] reading manifest file '../../build/decision/decision.egg-info/SOURCES.txt'
[0.611s] writing manifest file '../../build/decision/decision.egg-info/SOURCES.txt'
[0.611s] running build
[0.611s] running build_py
[0.611s] creating /home/solhee/irc/build/decision/build/lib/decision
[0.611s] copying decision/__init__.py -> /home/solhee/irc/build/decision/build/lib/decision
[0.611s] copying decision/main_decision.py -> /home/solhee/irc/build/decision/build/lib/decision
[0.611s] running install
[0.614s] running install_lib
[0.624s] creating /home/solhee/irc/install/decision/lib/python3.10/site-packages/decision
[0.624s] copying /home/solhee/irc/build/decision/build/lib/decision/__init__.py -> /home/solhee/irc/install/decision/lib/python3.10/site-packages/decision
[0.624s] copying /home/solhee/irc/build/decision/build/lib/decision/main_decision.py -> /home/solhee/irc/install/decision/lib/python3.10/site-packages/decision
[0.624s] byte-compiling /home/solhee/irc/install/decision/lib/python3.10/site-packages/decision/__init__.py to __init__.cpython-310.pyc
[0.624s] byte-compiling /home/solhee/irc/install/decision/lib/python3.10/site-packages/decision/main_decision.py to main_decision.cpython-310.pyc
[0.626s] running install_data
[0.626s] creating /home/solhee/irc/install/decision/share/ament_index/resource_index/packages
[0.626s] copying resource/decision -> /home/solhee/irc/install/decision/share/ament_index/resource_index/packages
[0.626s] copying package.xml -> /home/solhee/irc/install/decision/share/decision
[0.626s] running install_egg_info
[0.636s] Copying ../../build/decision/decision.egg-info to /home/solhee/irc/install/decision/lib/python3.10/site-packages/decision-0.0.0-py3.10.egg-info
[0.637s] running install_scripts
[0.657s] Installing main_decision script to /home/solhee/irc/install/decision/lib/decision
[0.657s] writing list of installed files to '/home/solhee/irc/build/decision/install.log'
[0.671s] Invoked command in '/home/solhee/irc/src/decision' returned '0': PS1=\[\e]0;\u@\h: \w\a\]${debian_chroot:+($debian_chroot)}\[\033[01;32m\]\u@\h\[\033[00m\]:\[\033[01;34m\]\w\[\033[00m\]\$ PYTHONPATH=/home/solhee/irc/build/decision/prefix_override:/usr/lib/python3/dist-packages/colcon_core/task/python/colcon_distutils_commands:/home/solhee/irc/install/decision/lib/python3.10/site-packages:${PYTHONPATH} /usr/bin/python3 -W ignore:setup.py install is deprecated -W ignore:easy_install command is deprecated setup.py egg_info --egg-base ../../build/decision build --build-base /home/solhee/irc/build/decision/build install --record /home/solhee/irc/build/decision/install.log --single-version-externally-managed install_data
