[0.003s] Invoking command in '/home/solhee/irc/build/vision': AMENT_PREFIX_PATH=/home/solhee/irc/install/msgs CMAKE_PREFIX_PATH=/home/solhee/irc/install/msgs LD_LIBRARY_PATH=/home/solhee/irc/install/msgs/lib PYTHONPATH=/home/solhee/irc/install/msgs/local/lib/python3.10/dist-packages /usr/bin/cmake /home/solhee/irc/src/vision -DCMAKE_INSTALL_PREFIX=/home/solhee/irc/install/vision
[0.010s] -- Found ament_cmake: 1.3.13 (/opt/ros/humble/share/ament_cmake/cmake)
[0.094s] Traceback (most recent call last):
[0.094s]   File "/opt/ros/humble/share/ament_cmake_core/cmake/package_templates/templates_2_cmake.py", line 21, in <module>
[0.094s]     from ament_package.templates import get_environment_hook_template_path
[0.094s] ModuleNotFoundError: No module named 'ament_package'
[0.101s] [31mCMake Error at /opt/ros/humble/share/ament_cmake_core/cmake/ament_cmake_package_templates-extras.cmake:41 (message):
[0.101s]   execute_process(/usr/bin/python3
[0.101s]   /opt/ros/humble/share/ament_cmake_core/cmake/package_templates/templates_2_cmake.py
[0.101s]   /home/solhee/irc/build/vision/ament_cmake_package_templates/templates.cmake)
[0.101s]   returned error code 1
[0.102s] Call Stack (most recent call first):
[0.102s]   /opt/ros/humble/share/ament_cmake_core/cmake/ament_cmake_coreConfig.cmake:41 (include)
[0.102s]   /opt/ros/humble/share/ament_cmake/cmake/ament_cmake_export_dependencies-extras.cmake:15 (find_package)
[0.102s]   /opt/ros/humble/share/ament_cmake/cmake/ament_cmakeConfig.cmake:41 (include)
[0.102s]   CMakeLists.txt:9 (find_package)
[0.102s] 
[0.102s] [0m
[0.102s] -- Configuring incomplete, errors occurred!
[0.102s] See also "/home/solhee/irc/build/vision/CMakeFiles/CMakeOutput.log".
