-- Found rclcpp: 16.0.18 (/opt/ros/humble/share/rclcpp/cmake)
-- Found rosidl_generator_c: 3.1.8 (/opt/ros/humble/share/rosidl_generator_c/cmake)
-- Found rosidl_adapter: 3.1.8 (/opt/ros/humble/share/rosidl_adapter/cmake)
-- Found rosidl_generator_cpp: 3.1.8 (/opt/ros/humble/share/rosidl_generator_cpp/cmake)
-- Using all available rosidl_typesupport_c: rosidl_typesupport_fastrtps_c;rosidl_typesupport_introspection_c
-- Using all available rosidl_typesupport_cpp: rosidl_typesupport_fastrtps_cpp;rosidl_typesupport_introspection_cpp
-- Found rmw_implementation_cmake: 6.1.2 (/opt/ros/humble/share/rmw_implementation_cmake/cmake)
-- Found rmw_fastrtps_cpp: 6.2.10 (/opt/ros/humble/share/rmw_fastrtps_cpp/cmake)
-- Using RMW implementation 'rmw_fastrtps_cpp' as default
[31mCMake Error at CMakeLists.txt:11 (find_package):
  By not providing "Finddynamixel_sdk.cmake" in CMAKE_MODULE_PATH this
  project has asked CMake to find a package configuration file provided by
  "dynamixel_sdk", but CMake did not find one.

  Could not find a package configuration file provided by "dynamixel_sdk"
  with any of the following names:

    dynamixel_sdkConfig.cmake
    dynamixel_sdk-config.cmake

  Add the installation prefix of "dynamixel_sdk" to CMAKE_PREFIX_PATH or set
  "dynamixel_sdk_DIR" to a directory containing one of the above files.  If
  "dynamixel_sdk" provides a separate development package or SDK, be sure it
  has been installed.

[0m
-- Configuring incomplete, errors occurred!
See also "/home/solhee/irc/build/motion/CMakeFiles/CMakeOutput.log".
