[0.138s] Invoking command in '/home/solhee/irc/build/motion': CMAKE_PREFIX_PATH=${CMAKE_PREFIX_PATH}:/home/solhee/ros2_study/install/sol_package:/home/solhee/ros2_study/install/sol_line_track:/home/solhee/ros2_study/install/rnd:/home/solhee/ros2_study/install/my_first_package:/opt/ros/humble /usr/bin/cmake /home/solhee/irc/src/motion -DCMAKE_INSTALL_PREFIX=/home/solhee/irc/install/motion
[0.145s] -- Found rclcpp: 16.0.18 (/opt/ros/humble/share/rclcpp/cmake)
[0.250s] -- Found rosidl_generator_c: 3.1.8 (/opt/ros/humble/share/rosidl_generator_c/cmake)
[0.252s] -- Found rosidl_adapter: 3.1.8 (/opt/ros/humble/share/rosidl_adapter/cmake)
[0.255s] -- Found rosidl_generator_cpp: 3.1.8 (/opt/ros/humble/share/rosidl_generator_cpp/cmake)
[0.261s] -- Using all available rosidl_typesupport_c: rosidl_typesupport_fastrtps_c;rosidl_typesupport_introspection_c
[0.268s] -- Using all available rosidl_typesupport_cpp: rosidl_typesupport_fastrtps_cpp;rosidl_typesupport_introspection_cpp
[0.288s] -- Found rmw_implementation_cmake: 6.1.2 (/opt/ros/humble/share/rmw_implementation_cmake/cmake)
[0.289s] -- Found rmw_fastrtps_cpp: 6.2.10 (/opt/ros/humble/share/rmw_fastrtps_cpp/cmake)
[0.358s] -- Using RMW implementation 'rmw_fastrtps_cpp' as default
[0.394s] [31mCMake Error at CMakeLists.txt:11 (find_package):
[0.394s]   By not providing "Finddynamixel_sdk.cmake" in CMAKE_MODULE_PATH this
[0.394s]   project has asked CMake to find a package configuration file provided by
[0.394s]   "dynamixel_sdk", but CMake did not find one.
[0.394s] 
[0.394s]   Could not find a package configuration file provided by "dynamixel_sdk"
[0.394s]   with any of the following names:
[0.394s] 
[0.394s]     dynamixel_sdkConfig.cmake
[0.394s]     dynamixel_sdk-config.cmake
[0.394s] 
[0.395s]   Add the installation prefix of "dynamixel_sdk" to CMAKE_PREFIX_PATH or set
[0.395s]   "dynamixel_sdk_DIR" to a directory containing one of the above files.  If
[0.395s]   "dynamixel_sdk" provides a separate development package or SDK, be sure it
[0.395s]   has been installed.
[0.395s] 
[0.395s] [0m
[0.395s] -- Configuring incomplete, errors occurred!
[0.395s] See also "/home/solhee/irc/build/motion/CMakeFiles/CMakeOutput.log".
[0.399s] Invoked command in '/home/solhee/irc/build/motion' returned '1': CMAKE_PREFIX_PATH=${CMAKE_PREFIX_PATH}:/home/solhee/ros2_study/install/sol_package:/home/solhee/ros2_study/install/sol_line_track:/home/solhee/ros2_study/install/rnd:/home/solhee/ros2_study/install/my_first_package:/opt/ros/humble /usr/bin/cmake /home/solhee/irc/src/motion -DCMAKE_INSTALL_PREFIX=/home/solhee/irc/install/motion
