[0.006s] Invoking command in '/home/solhee/irc/build/msgs': CMAKE_PREFIX_PATH=${CMAKE_PREFIX_PATH}:/home/solhee/irc/install/robot_bringup:/home/solhee/irc/install/decision:/home/solhee/ros2_study/install/sol_package:/home/solhee/ros2_study/install/sol_line_track:/home/solhee/ros2_study/install/rnd:/home/solhee/ros2_study/install/my_first_package:/opt/ros/humble /usr/bin/cmake /home/solhee/irc/src/msgs -DAMENT_CMAKE_SYMLINK_INSTALL=1 -DCMAKE_INSTALL_PREFIX=/home/solhee/irc/install/msgs
[0.014s] -- Found ament_cmake: 1.3.13 (/opt/ros/humble/share/ament_cmake/cmake)
[0.099s] -- Override CMake install command with custom implementation using symlinks instead of copying resources
[0.103s] -- Found rosidl_default_generators: 1.2.0 (/opt/ros/humble/share/rosidl_default_generators/cmake)
[0.104s] -- Using all available rosidl_typesupport_c: rosidl_typesupport_fastrtps_c;rosidl_typesupport_introspection_c
[0.106s] -- Found rosidl_adapter: 3.1.8 (/opt/ros/humble/share/rosidl_adapter/cmake)
[0.124s] -- Using all available rosidl_typesupport_cpp: rosidl_typesupport_fastrtps_cpp;rosidl_typesupport_introspection_cpp
[0.138s] -- Found std_msgs: 4.9.1 (/opt/ros/humble/share/std_msgs/cmake)
[0.360s] -- Found ament_cmake_ros: 0.10.0 (/opt/ros/humble/share/ament_cmake_ros/cmake)
[0.504s] -- Using all available rosidl_typesupport_c: rosidl_typesupport_fastrtps_c;rosidl_typesupport_introspection_c
[0.695s] -- Using all available rosidl_typesupport_cpp: rosidl_typesupport_fastrtps_cpp;rosidl_typesupport_introspection_cpp
[0.711s] -- Found python_cmake_module: 0.10.0 (/opt/ros/humble/share/python_cmake_module/cmake)
[0.726s] -- Using PYTHON_EXECUTABLE: /usr/bin/python3
[0.726s] -- Using PYTHON_INCLUDE_DIRS: /usr/include/python3.10
[0.726s] -- Using PYTHON_LIBRARIES: /usr/lib/x86_64-linux-gnu/libpython3.10.so
[0.745s] -- Found ament_lint_auto: 0.12.15 (/opt/ros/humble/share/ament_lint_auto/cmake)
[0.751s] -- Added test 'lint_cmake' to check CMake code style
[0.751s] -- Added test 'xmllint' to check XML markup files
[0.752s] -- Configuring done
[0.774s] -- Generating done
[0.781s] -- Build files have been written to: /home/solhee/irc/build/msgs
[0.786s] Invoked command in '/home/solhee/irc/build/msgs' returned '0': CMAKE_PREFIX_PATH=${CMAKE_PREFIX_PATH}:/home/solhee/irc/install/robot_bringup:/home/solhee/irc/install/decision:/home/solhee/ros2_study/install/sol_package:/home/solhee/ros2_study/install/sol_line_track:/home/solhee/ros2_study/install/rnd:/home/solhee/ros2_study/install/my_first_package:/opt/ros/humble /usr/bin/cmake /home/solhee/irc/src/msgs -DAMENT_CMAKE_SYMLINK_INSTALL=1 -DCMAKE_INSTALL_PREFIX=/home/solhee/irc/install/msgs
[0.787s] Invoking command in '/home/solhee/irc/build/msgs': CMAKE_PREFIX_PATH=${CMAKE_PREFIX_PATH}:/home/solhee/irc/install/robot_bringup:/home/solhee/irc/install/decision:/home/solhee/ros2_study/install/sol_package:/home/solhee/ros2_study/install/sol_line_track:/home/solhee/ros2_study/install/rnd:/home/solhee/ros2_study/install/my_first_package:/opt/ros/humble /usr/bin/cmake --build /home/solhee/irc/build/msgs -- -j12 -l12
[0.814s] Consolidate compiler generated dependencies of target msgs__rosidl_generator_c
[0.821s] [  1%] Built target msgs__cpp
[0.823s] [ 12%] Built target msgs__rosidl_generator_c
[0.828s] [ 12%] Built target ament_cmake_python_symlink_msgs
[0.833s] Consolidate compiler generated dependencies of target msgs__rosidl_typesupport_fastrtps_cpp
[0.833s] Consolidate compiler generated dependencies of target msgs__rosidl_typesupport_c
[0.833s] Consolidate compiler generated dependencies of target msgs__rosidl_typesupport_cpp
[0.835s] Consolidate compiler generated dependencies of target msgs__rosidl_typesupport_introspection_cpp
[0.835s] Consolidate compiler generated dependencies of target msgs__rosidl_typesupport_introspection_c
[0.836s] Consolidate compiler generated dependencies of target msgs__rosidl_typesupport_fastrtps_c
[0.840s] [ 23%] Built target msgs__rosidl_typesupport_c
[0.842s] [ 44%] Built target msgs__rosidl_typesupport_cpp
[0.842s] [ 46%] Built target msgs__rosidl_typesupport_introspection_c
[0.843s] [ 57%] Built target msgs__rosidl_typesupport_fastrtps_cpp
[0.843s] [ 68%] Built target msgs__rosidl_typesupport_introspection_cpp
[0.846s] [ 79%] Built target msgs__rosidl_typesupport_fastrtps_c
[0.858s] [ 79%] Built target msgs
[0.870s] [ 80%] Built target msgs__py
[0.879s] Consolidate compiler generated dependencies of target msgs__rosidl_generator_py
[0.887s] [ 90%] Built target msgs__rosidl_generator_py
[0.894s] Consolidate compiler generated dependencies of target msgs__rosidl_typesupport_introspection_c__pyext
[0.895s] Consolidate compiler generated dependencies of target msgs__rosidl_typesupport_c__pyext
[0.895s] Consolidate compiler generated dependencies of target msgs__rosidl_typesupport_fastrtps_c__pyext
[0.901s] [ 98%] Built target msgs__rosidl_typesupport_c__pyext
[0.901s] [ 98%] Built target msgs__rosidl_typesupport_fastrtps_c__pyext
[0.902s] [100%] Built target msgs__rosidl_typesupport_introspection_c__pyext
[0.985s] running egg_info
[0.995s] writing msgs.egg-info/PKG-INFO
[0.995s] writing dependency_links to msgs.egg-info/dependency_links.txt
[0.996s] writing top-level names to msgs.egg-info/top_level.txt
[1.025s] reading manifest file 'msgs.egg-info/SOURCES.txt'
[1.026s] writing manifest file 'msgs.egg-info/SOURCES.txt'
[1.043s] [100%] Built target ament_cmake_python_build_msgs_egg
[1.050s] Invoked command in '/home/solhee/irc/build/msgs' returned '0': CMAKE_PREFIX_PATH=${CMAKE_PREFIX_PATH}:/home/solhee/irc/install/robot_bringup:/home/solhee/irc/install/decision:/home/solhee/ros2_study/install/sol_package:/home/solhee/ros2_study/install/sol_line_track:/home/solhee/ros2_study/install/rnd:/home/solhee/ros2_study/install/my_first_package:/opt/ros/humble /usr/bin/cmake --build /home/solhee/irc/build/msgs -- -j12 -l12
[1.055s] Invoking command in '/home/solhee/irc/build/msgs': CMAKE_PREFIX_PATH=${CMAKE_PREFIX_PATH}:/home/solhee/irc/install/robot_bringup:/home/solhee/irc/install/decision:/home/solhee/ros2_study/install/sol_package:/home/solhee/ros2_study/install/sol_line_track:/home/solhee/ros2_study/install/rnd:/home/solhee/ros2_study/install/my_first_package:/opt/ros/humble /usr/bin/cmake --install /home/solhee/irc/build/msgs
[1.060s] -- Install configuration: ""
[1.060s] -- Execute custom install script
[1.060s] -- Up-to-date symlink: /home/solhee/irc/install/msgs/share/ament_index/resource_index/rosidl_interfaces/msgs
[1.061s] -- Up-to-date symlink: /home/solhee/irc/install/msgs/include/msgs/msgs/msg/ball_result.h
[1.061s] -- Up-to-date symlink: /home/solhee/irc/install/msgs/include/msgs/msgs/msg/detail/ball_result__functions.h
[1.061s] -- Up-to-date symlink: /home/solhee/irc/install/msgs/include/msgs/msgs/msg/detail/ball_result__struct.h
[1.061s] -- Up-to-date symlink: /home/solhee/irc/install/msgs/include/msgs/msgs/msg/detail/ball_result__type_support.h
[1.061s] -- Up-to-date symlink: /home/solhee/irc/install/msgs/include/msgs/msgs/msg/detail/hurdle_result__functions.h
[1.061s] -- Up-to-date symlink: /home/solhee/irc/install/msgs/include/msgs/msgs/msg/detail/hurdle_result__struct.h
[1.061s] -- Up-to-date symlink: /home/solhee/irc/install/msgs/include/msgs/msgs/msg/detail/hurdle_result__type_support.h
[1.061s] -- Up-to-date symlink: /home/solhee/irc/install/msgs/include/msgs/msgs/msg/detail/line_result__functions.h
[1.061s] -- Up-to-date symlink: /home/solhee/irc/install/msgs/include/msgs/msgs/msg/detail/line_result__struct.h
[1.061s] -- Up-to-date symlink: /home/solhee/irc/install/msgs/include/msgs/msgs/msg/detail/line_result__type_support.h
[1.061s] -- Up-to-date symlink: /home/solhee/irc/install/msgs/include/msgs/msgs/msg/detail/motion_command__functions.h
[1.061s] -- Up-to-date symlink: /home/solhee/irc/install/msgs/include/msgs/msgs/msg/detail/motion_command__struct.h
[1.061s] -- Up-to-date symlink: /home/solhee/irc/install/msgs/include/msgs/msgs/msg/detail/motion_command__type_support.h
[1.061s] -- Up-to-date symlink: /home/solhee/irc/install/msgs/include/msgs/msgs/msg/detail/motion_end__functions.h
[1.062s] -- Up-to-date symlink: /home/solhee/irc/install/msgs/include/msgs/msgs/msg/detail/motion_end__struct.h
[1.062s] -- Up-to-date symlink: /home/solhee/irc/install/msgs/include/msgs/msgs/msg/detail/motion_end__type_support.h
[1.062s] -- Up-to-date symlink: /home/solhee/irc/install/msgs/include/msgs/msgs/msg/hurdle_result.h
[1.062s] -- Up-to-date symlink: /home/solhee/irc/install/msgs/include/msgs/msgs/msg/line_result.h
[1.062s] -- Up-to-date symlink: /home/solhee/irc/install/msgs/include/msgs/msgs/msg/motion_command.h
[1.062s] -- Up-to-date symlink: /home/solhee/irc/install/msgs/include/msgs/msgs/msg/motion_end.h
[1.062s] -- Up-to-date symlink: /home/solhee/irc/install/msgs/include/msgs/msgs/msg/rosidl_generator_c__visibility_control.h
[1.062s] -- Up-to-date symlink: /home/solhee/irc/install/msgs/share/msgs/environment/library_path.sh
[1.062s] -- Up-to-date symlink: /home/solhee/irc/install/msgs/share/msgs/environment/library_path.dsv
[1.062s] -- Up-to-date symlink: /home/solhee/irc/install/msgs/include/msgs/msgs/msg/detail/ball_result__rosidl_typesupport_fastrtps_c.h
[1.063s] -- Up-to-date symlink: /home/solhee/irc/install/msgs/include/msgs/msgs/msg/detail/hurdle_result__rosidl_typesupport_fastrtps_c.h
[1.063s] -- Up-to-date symlink: /home/solhee/irc/install/msgs/include/msgs/msgs/msg/detail/line_result__rosidl_typesupport_fastrtps_c.h
[1.063s] -- Up-to-date symlink: /home/solhee/irc/install/msgs/include/msgs/msgs/msg/detail/motion_command__rosidl_typesupport_fastrtps_c.h
[1.063s] -- Up-to-date symlink: /home/solhee/irc/install/msgs/include/msgs/msgs/msg/detail/motion_end__rosidl_typesupport_fastrtps_c.h
[1.063s] -- Up-to-date symlink: /home/solhee/irc/install/msgs/include/msgs/msgs/msg/rosidl_typesupport_fastrtps_c__visibility_control.h
[1.063s] -- Up-to-date symlink: /home/solhee/irc/install/msgs/include/msgs/msgs/msg/detail/ball_result__rosidl_typesupport_introspection_c.h
[1.063s] -- Up-to-date symlink: /home/solhee/irc/install/msgs/include/msgs/msgs/msg/detail/hurdle_result__rosidl_typesupport_introspection_c.h
[1.063s] -- Up-to-date symlink: /home/solhee/irc/install/msgs/include/msgs/msgs/msg/detail/line_result__rosidl_typesupport_introspection_c.h
[1.063s] -- Up-to-date symlink: /home/solhee/irc/install/msgs/include/msgs/msgs/msg/detail/motion_command__rosidl_typesupport_introspection_c.h
[1.064s] -- Up-to-date symlink: /home/solhee/irc/install/msgs/include/msgs/msgs/msg/detail/motion_end__rosidl_typesupport_introspection_c.h
[1.064s] -- Up-to-date symlink: /home/solhee/irc/install/msgs/include/msgs/msgs/msg/rosidl_typesupport_introspection_c__visibility_control.h
[1.064s] -- Up-to-date symlink: /home/solhee/irc/install/msgs/include/msgs/msgs/msg/ball_result.hpp
[1.064s] -- Up-to-date symlink: /home/solhee/irc/install/msgs/include/msgs/msgs/msg/detail/ball_result__builder.hpp
[1.064s] -- Up-to-date symlink: /home/solhee/irc/install/msgs/include/msgs/msgs/msg/detail/ball_result__struct.hpp
[1.064s] -- Up-to-date symlink: /home/solhee/irc/install/msgs/include/msgs/msgs/msg/detail/ball_result__traits.hpp
[1.064s] -- Up-to-date symlink: /home/solhee/irc/install/msgs/include/msgs/msgs/msg/detail/ball_result__type_support.hpp
[1.064s] -- Up-to-date symlink: /home/solhee/irc/install/msgs/include/msgs/msgs/msg/detail/hurdle_result__builder.hpp
[1.064s] -- Up-to-date symlink: /home/solhee/irc/install/msgs/include/msgs/msgs/msg/detail/hurdle_result__struct.hpp
[1.065s] -- Up-to-date symlink: /home/solhee/irc/install/msgs/include/msgs/msgs/msg/detail/hurdle_result__traits.hpp
[1.065s] -- Up-to-date symlink: /home/solhee/irc/install/msgs/include/msgs/msgs/msg/detail/hurdle_result__type_support.hpp
[1.065s] -- Up-to-date symlink: /home/solhee/irc/install/msgs/include/msgs/msgs/msg/detail/line_result__builder.hpp
[1.065s] -- Up-to-date symlink: /home/solhee/irc/install/msgs/include/msgs/msgs/msg/detail/line_result__struct.hpp
[1.065s] -- Up-to-date symlink: /home/solhee/irc/install/msgs/include/msgs/msgs/msg/detail/line_result__traits.hpp
[1.065s] -- Up-to-date symlink: /home/solhee/irc/install/msgs/include/msgs/msgs/msg/detail/line_result__type_support.hpp
[1.065s] -- Up-to-date symlink: /home/solhee/irc/install/msgs/include/msgs/msgs/msg/detail/motion_command__builder.hpp
[1.065s] -- Up-to-date symlink: /home/solhee/irc/install/msgs/include/msgs/msgs/msg/detail/motion_command__struct.hpp
[1.065s] -- Up-to-date symlink: /home/solhee/irc/install/msgs/include/msgs/msgs/msg/detail/motion_command__traits.hpp
[1.065s] -- Up-to-date symlink: /home/solhee/irc/install/msgs/include/msgs/msgs/msg/detail/motion_command__type_support.hpp
[1.065s] -- Up-to-date symlink: /home/solhee/irc/install/msgs/include/msgs/msgs/msg/detail/motion_end__builder.hpp
[1.065s] -- Up-to-date symlink: /home/solhee/irc/install/msgs/include/msgs/msgs/msg/detail/motion_end__struct.hpp
[1.066s] -- Up-to-date symlink: /home/solhee/irc/install/msgs/include/msgs/msgs/msg/detail/motion_end__traits.hpp
[1.066s] -- Up-to-date symlink: /home/solhee/irc/install/msgs/include/msgs/msgs/msg/detail/motion_end__type_support.hpp
[1.066s] -- Up-to-date symlink: /home/solhee/irc/install/msgs/include/msgs/msgs/msg/hurdle_result.hpp
[1.066s] -- Up-to-date symlink: /home/solhee/irc/install/msgs/include/msgs/msgs/msg/line_result.hpp
[1.066s] -- Up-to-date symlink: /home/solhee/irc/install/msgs/include/msgs/msgs/msg/motion_command.hpp
[1.066s] -- Up-to-date symlink: /home/solhee/irc/install/msgs/include/msgs/msgs/msg/motion_end.hpp
[1.066s] -- Up-to-date symlink: /home/solhee/irc/install/msgs/include/msgs/msgs/msg/rosidl_generator_cpp__visibility_control.hpp
[1.066s] -- Up-to-date symlink: /home/solhee/irc/install/msgs/include/msgs/msgs/msg/detail/ball_result__rosidl_typesupport_fastrtps_cpp.hpp
[1.066s] -- Up-to-date symlink: /home/solhee/irc/install/msgs/include/msgs/msgs/msg/detail/hurdle_result__rosidl_typesupport_fastrtps_cpp.hpp
[1.066s] -- Up-to-date symlink: /home/solhee/irc/install/msgs/include/msgs/msgs/msg/detail/line_result__rosidl_typesupport_fastrtps_cpp.hpp
[1.067s] -- Up-to-date symlink: /home/solhee/irc/install/msgs/include/msgs/msgs/msg/detail/motion_command__rosidl_typesupport_fastrtps_cpp.hpp
[1.067s] -- Up-to-date symlink: /home/solhee/irc/install/msgs/include/msgs/msgs/msg/detail/motion_end__rosidl_typesupport_fastrtps_cpp.hpp
[1.067s] -- Up-to-date symlink: /home/solhee/irc/install/msgs/include/msgs/msgs/msg/rosidl_typesupport_fastrtps_cpp__visibility_control.h
[1.067s] -- Up-to-date symlink: /home/solhee/irc/install/msgs/include/msgs/msgs/msg/detail/ball_result__rosidl_typesupport_introspection_cpp.hpp
[1.067s] -- Up-to-date symlink: /home/solhee/irc/install/msgs/include/msgs/msgs/msg/detail/hurdle_result__rosidl_typesupport_introspection_cpp.hpp
[1.067s] -- Up-to-date symlink: /home/solhee/irc/install/msgs/include/msgs/msgs/msg/detail/line_result__rosidl_typesupport_introspection_cpp.hpp
[1.067s] -- Up-to-date symlink: /home/solhee/irc/install/msgs/include/msgs/msgs/msg/detail/motion_command__rosidl_typesupport_introspection_cpp.hpp
[1.067s] -- Up-to-date symlink: /home/solhee/irc/install/msgs/include/msgs/msgs/msg/detail/motion_end__rosidl_typesupport_introspection_cpp.hpp
[1.067s] -- Up-to-date symlink: /home/solhee/irc/install/msgs/share/msgs/environment/pythonpath.sh
[1.067s] -- Up-to-date symlink: /home/solhee/irc/install/msgs/share/msgs/environment/pythonpath.dsv
[1.068s] -- Up-to-date symlink: /home/solhee/irc/install/msgs/local/lib/python3.10/dist-packages/msgs-0.0.0-py3.10.egg-info/PKG-INFO
[1.068s] -- Up-to-date symlink: /home/solhee/irc/install/msgs/local/lib/python3.10/dist-packages/msgs-0.0.0-py3.10.egg-info/SOURCES.txt
[1.068s] -- Up-to-date symlink: /home/solhee/irc/install/msgs/local/lib/python3.10/dist-packages/msgs-0.0.0-py3.10.egg-info/dependency_links.txt
[1.068s] -- Up-to-date symlink: /home/solhee/irc/install/msgs/local/lib/python3.10/dist-packages/msgs-0.0.0-py3.10.egg-info/top_level.txt
[1.068s] -- Up-to-date symlink: /home/solhee/irc/install/msgs/local/lib/python3.10/dist-packages/msgs/__init__.py
[1.068s] -- Up-to-date symlink: /home/solhee/irc/install/msgs/local/lib/python3.10/dist-packages/msgs/_msgs_s.ep.rosidl_typesupport_c.c
[1.068s] -- Up-to-date symlink: /home/solhee/irc/install/msgs/local/lib/python3.10/dist-packages/msgs/_msgs_s.ep.rosidl_typesupport_fastrtps_c.c
[1.069s] -- Up-to-date symlink: /home/solhee/irc/install/msgs/local/lib/python3.10/dist-packages/msgs/_msgs_s.ep.rosidl_typesupport_introspection_c.c
[1.069s] -- Up-to-date symlink: /home/solhee/irc/install/msgs/local/lib/python3.10/dist-packages/msgs/libmsgs__rosidl_generator_py.so
[1.069s] -- Up-to-date symlink: /home/solhee/irc/install/msgs/local/lib/python3.10/dist-packages/msgs/msg/__init__.py
[1.069s] -- Up-to-date symlink: /home/solhee/irc/install/msgs/local/lib/python3.10/dist-packages/msgs/msg/_ball_result.py
[1.069s] -- Up-to-date symlink: /home/solhee/irc/install/msgs/local/lib/python3.10/dist-packages/msgs/msg/_ball_result_s.c
[1.069s] -- Up-to-date symlink: /home/solhee/irc/install/msgs/local/lib/python3.10/dist-packages/msgs/msg/_hurdle_result.py
[1.069s] -- Up-to-date symlink: /home/solhee/irc/install/msgs/local/lib/python3.10/dist-packages/msgs/msg/_hurdle_result_s.c
[1.069s] -- Up-to-date symlink: /home/solhee/irc/install/msgs/local/lib/python3.10/dist-packages/msgs/msg/_line_result.py
[1.069s] -- Up-to-date symlink: /home/solhee/irc/install/msgs/local/lib/python3.10/dist-packages/msgs/msg/_line_result_s.c
[1.069s] -- Up-to-date symlink: /home/solhee/irc/install/msgs/local/lib/python3.10/dist-packages/msgs/msg/_motion_command.py
[1.069s] -- Up-to-date symlink: /home/solhee/irc/install/msgs/local/lib/python3.10/dist-packages/msgs/msg/_motion_command_s.c
[1.069s] -- Up-to-date symlink: /home/solhee/irc/install/msgs/local/lib/python3.10/dist-packages/msgs/msg/_motion_end.py
[1.070s] -- Up-to-date symlink: /home/solhee/irc/install/msgs/local/lib/python3.10/dist-packages/msgs/msg/_motion_end_s.c
[1.070s] -- Up-to-date symlink: /home/solhee/irc/install/msgs/local/lib/python3.10/dist-packages/msgs/msgs_s__rosidl_typesupport_c.cpython-310-x86_64-linux-gnu.so
[1.070s] -- Up-to-date symlink: /home/solhee/irc/install/msgs/local/lib/python3.10/dist-packages/msgs/msgs_s__rosidl_typesupport_fastrtps_c.cpython-310-x86_64-linux-gnu.so
[1.070s] -- Up-to-date symlink: /home/solhee/irc/install/msgs/local/lib/python3.10/dist-packages/msgs/msgs_s__rosidl_typesupport_introspection_c.cpython-310-x86_64-linux-gnu.so
[1.070s] -- Up-to-date symlink: /home/solhee/irc/install/msgs/local/lib/python3.10/dist-packages/msgs/msgs_s__rosidl_typesupport_fastrtps_c.cpython-310-x86_64-linux-gnu.so
[1.070s] -- Up-to-date symlink: /home/solhee/irc/install/msgs/local/lib/python3.10/dist-packages/msgs/msgs_s__rosidl_typesupport_introspection_c.cpython-310-x86_64-linux-gnu.so
[1.070s] -- Up-to-date symlink: /home/solhee/irc/install/msgs/local/lib/python3.10/dist-packages/msgs/msgs_s__rosidl_typesupport_c.cpython-310-x86_64-linux-gnu.so
[1.070s] -- Up-to-date symlink: /home/solhee/irc/install/msgs/share/msgs/msg/LineResult.idl
[1.070s] -- Up-to-date symlink: /home/solhee/irc/install/msgs/share/msgs/msg/BallResult.idl
[1.071s] -- Up-to-date symlink: /home/solhee/irc/install/msgs/share/msgs/msg/HurdleResult.idl
[1.071s] -- Up-to-date symlink: /home/solhee/irc/install/msgs/share/msgs/msg/MotionEnd.idl
[1.071s] -- Up-to-date symlink: /home/solhee/irc/install/msgs/share/msgs/msg/MotionCommand.idl
[1.071s] -- Up-to-date symlink: /home/solhee/irc/install/msgs/share/msgs/msg/LineResult.msg
[1.071s] -- Up-to-date symlink: /home/solhee/irc/install/msgs/share/msgs/msg/BallResult.msg
[1.071s] -- Up-to-date symlink: /home/solhee/irc/install/msgs/share/msgs/msg/HurdleResult.msg
[1.071s] -- Up-to-date symlink: /home/solhee/irc/install/msgs/share/msgs/msg/MotionEnd.msg
[1.071s] -- Up-to-date symlink: /home/solhee/irc/install/msgs/share/msgs/msg/MotionCommand.msg
[1.071s] -- Up-to-date symlink: /home/solhee/irc/install/msgs/share/ament_index/resource_index/package_run_dependencies/msgs
[1.071s] -- Up-to-date symlink: /home/solhee/irc/install/msgs/share/ament_index/resource_index/parent_prefix_path/msgs
[1.072s] -- Up-to-date symlink: /home/solhee/irc/install/msgs/share/msgs/environment/ament_prefix_path.sh
[1.072s] -- Up-to-date symlink: /home/solhee/irc/install/msgs/share/msgs/environment/ament_prefix_path.dsv
[1.072s] -- Up-to-date symlink: /home/solhee/irc/install/msgs/share/msgs/environment/path.sh
[1.072s] -- Up-to-date symlink: /home/solhee/irc/install/msgs/share/msgs/environment/path.dsv
[1.072s] -- Up-to-date symlink: /home/solhee/irc/install/msgs/share/msgs/local_setup.bash
[1.072s] -- Up-to-date symlink: /home/solhee/irc/install/msgs/share/msgs/local_setup.sh
[1.072s] -- Up-to-date symlink: /home/solhee/irc/install/msgs/share/msgs/local_setup.zsh
[1.072s] -- Up-to-date symlink: /home/solhee/irc/install/msgs/share/msgs/local_setup.dsv
[1.072s] -- Symlinking: /home/solhee/irc/install/msgs/share/msgs/package.dsv
[1.078s] -- Up-to-date symlink: /home/solhee/irc/install/msgs/share/ament_index/resource_index/packages/msgs
[1.078s] -- Up-to-date symlink: /home/solhee/irc/install/msgs/share/msgs/cmake/rosidl_cmake-extras.cmake
[1.078s] -- Up-to-date symlink: /home/solhee/irc/install/msgs/share/msgs/cmake/ament_cmake_export_dependencies-extras.cmake
[1.078s] -- Up-to-date symlink: /home/solhee/irc/install/msgs/share/msgs/cmake/ament_cmake_export_include_directories-extras.cmake
[1.078s] -- Up-to-date symlink: /home/solhee/irc/install/msgs/share/msgs/cmake/ament_cmake_export_libraries-extras.cmake
[1.079s] -- Up-to-date symlink: /home/solhee/irc/install/msgs/share/msgs/cmake/ament_cmake_export_targets-extras.cmake
[1.079s] -- Up-to-date symlink: /home/solhee/irc/install/msgs/share/msgs/cmake/rosidl_cmake_export_typesupport_targets-extras.cmake
[1.079s] -- Up-to-date symlink: /home/solhee/irc/install/msgs/share/msgs/cmake/rosidl_cmake_export_typesupport_libraries-extras.cmake
[1.079s] -- Up-to-date symlink: /home/solhee/irc/install/msgs/share/msgs/cmake/msgsConfig.cmake
[1.079s] -- Up-to-date symlink: /home/solhee/irc/install/msgs/share/msgs/cmake/msgsConfig-version.cmake
[1.079s] -- Up-to-date symlink: /home/solhee/irc/install/msgs/share/msgs/package.xml
[1.079s] -- Up-to-date: /home/solhee/irc/install/msgs/lib/libmsgs__rosidl_generator_c.so
[1.079s] -- Up-to-date: /home/solhee/irc/install/msgs/lib/libmsgs__rosidl_typesupport_fastrtps_c.so
[1.079s] -- Up-to-date: /home/solhee/irc/install/msgs/lib/libmsgs__rosidl_typesupport_introspection_c.so
[1.080s] -- Up-to-date: /home/solhee/irc/install/msgs/lib/libmsgs__rosidl_typesupport_c.so
[1.080s] -- Up-to-date: /home/solhee/irc/install/msgs/lib/libmsgs__rosidl_typesupport_fastrtps_cpp.so
[1.080s] -- Up-to-date: /home/solhee/irc/install/msgs/lib/libmsgs__rosidl_typesupport_introspection_cpp.so
[1.080s] -- Up-to-date: /home/solhee/irc/install/msgs/lib/libmsgs__rosidl_typesupport_cpp.so
[1.104s] Listing '/home/solhee/irc/install/msgs/local/lib/python3.10/dist-packages/msgs'...
[1.104s] Compiling '/home/solhee/irc/install/msgs/local/lib/python3.10/dist-packages/msgs/__init__.py'...
[1.104s] Listing '/home/solhee/irc/install/msgs/local/lib/python3.10/dist-packages/msgs/msg'...
[1.107s] -- Up-to-date: /home/solhee/irc/install/msgs/lib/libmsgs__rosidl_generator_py.so
[1.107s] -- Up-to-date: /home/solhee/irc/install/msgs/share/msgs/cmake/export_msgs__rosidl_generator_cExport.cmake
[1.107s] -- Up-to-date: /home/solhee/irc/install/msgs/share/msgs/cmake/export_msgs__rosidl_generator_cExport-noconfig.cmake
[1.107s] -- Up-to-date: /home/solhee/irc/install/msgs/share/msgs/cmake/export_msgs__rosidl_typesupport_fastrtps_cExport.cmake
[1.107s] -- Up-to-date: /home/solhee/irc/install/msgs/share/msgs/cmake/export_msgs__rosidl_typesupport_fastrtps_cExport-noconfig.cmake
[1.107s] -- Up-to-date: /home/solhee/irc/install/msgs/share/msgs/cmake/msgs__rosidl_typesupport_introspection_cExport.cmake
[1.108s] -- Up-to-date: /home/solhee/irc/install/msgs/share/msgs/cmake/msgs__rosidl_typesupport_introspection_cExport-noconfig.cmake
[1.108s] -- Up-to-date: /home/solhee/irc/install/msgs/share/msgs/cmake/msgs__rosidl_typesupport_cExport.cmake
[1.108s] -- Up-to-date: /home/solhee/irc/install/msgs/share/msgs/cmake/msgs__rosidl_typesupport_cExport-noconfig.cmake
[1.108s] -- Up-to-date: /home/solhee/irc/install/msgs/share/msgs/cmake/export_msgs__rosidl_generator_cppExport.cmake
[1.108s] -- Up-to-date: /home/solhee/irc/install/msgs/share/msgs/cmake/export_msgs__rosidl_typesupport_fastrtps_cppExport.cmake
[1.108s] -- Up-to-date: /home/solhee/irc/install/msgs/share/msgs/cmake/export_msgs__rosidl_typesupport_fastrtps_cppExport-noconfig.cmake
[1.108s] -- Up-to-date: /home/solhee/irc/install/msgs/share/msgs/cmake/msgs__rosidl_typesupport_introspection_cppExport.cmake
[1.108s] -- Up-to-date: /home/solhee/irc/install/msgs/share/msgs/cmake/msgs__rosidl_typesupport_introspection_cppExport-noconfig.cmake
[1.108s] -- Up-to-date: /home/solhee/irc/install/msgs/share/msgs/cmake/msgs__rosidl_typesupport_cppExport.cmake
[1.108s] -- Up-to-date: /home/solhee/irc/install/msgs/share/msgs/cmake/msgs__rosidl_typesupport_cppExport-noconfig.cmake
[1.108s] -- Up-to-date: /home/solhee/irc/install/msgs/share/msgs/cmake/export_msgs__rosidl_generator_pyExport.cmake
[1.108s] -- Up-to-date: /home/solhee/irc/install/msgs/share/msgs/cmake/export_msgs__rosidl_generator_pyExport-noconfig.cmake
[1.109s] Invoked command in '/home/solhee/irc/build/msgs' returned '0': CMAKE_PREFIX_PATH=${CMAKE_PREFIX_PATH}:/home/solhee/irc/install/robot_bringup:/home/solhee/irc/install/decision:/home/solhee/ros2_study/install/sol_package:/home/solhee/ros2_study/install/sol_line_track:/home/solhee/ros2_study/install/rnd:/home/solhee/ros2_study/install/my_first_package:/opt/ros/humble /usr/bin/cmake --install /home/solhee/irc/build/msgs
