-- Found ament_cmake: 1.3.13 (/opt/ros/humble/share/ament_cmake/cmake)
-- Override CMake install command with custom implementation using symlinks instead of copying resources
-- Found rosidl_default_generators: 1.2.0 (/opt/ros/humble/share/rosidl_default_generators/cmake)
-- Using all available rosidl_typesupport_c: rosidl_typesupport_fastrtps_c;rosidl_typesupport_introspection_c
-- Found rosidl_adapter: 3.1.8 (/opt/ros/humble/share/rosidl_adapter/cmake)
-- Using all available rosidl_typesupport_cpp: rosidl_typesupport_fastrtps_cpp;rosidl_typesupport_introspection_cpp
-- Found std_msgs: 4.9.1 (/opt/ros/humble/share/std_msgs/cmake)
-- Found ament_cmake_ros: 0.10.0 (/opt/ros/humble/share/ament_cmake_ros/cmake)
-- Using all available rosidl_typesupport_c: rosidl_typesupport_fastrtps_c;rosidl_typesupport_introspection_c
-- Using all available rosidl_typesupport_cpp: rosidl_typesupport_fastrtps_cpp;rosidl_typesupport_introspection_cpp
-- Found python_cmake_module: 0.10.0 (/opt/ros/humble/share/python_cmake_module/cmake)
-- Using PYTHON_EXECUTABLE: /usr/bin/python3
-- Using PYTHON_INCLUDE_DIRS: /usr/include/python3.10
-- Using PYTHON_LIBRARIES: /usr/lib/x86_64-linux-gnu/libpython3.10.so
-- Found ament_lint_auto: 0.12.15 (/opt/ros/humble/share/ament_lint_auto/cmake)
-- Added test 'lint_cmake' to check CMake code style
-- Added test 'xmllint' to check XML markup files
-- Configuring done
-- Generating done
-- Build files have been written to: /home/solhee/irc/build/msgs
[  1%] Generating C code for ROS interfaces
[  3%] Generating C++ code for ROS interfaces
[  3%] Built target ament_cmake_python_symlink_msgs
running egg_info
creating msgs.egg-info
writing msgs.egg-info/PKG-INFO
writing dependency_links to msgs.egg-info/dependency_links.txt
writing top-level names to msgs.egg-info/top_level.txt
writing manifest file 'msgs.egg-info/SOURCES.txt'
reading manifest file 'msgs.egg-info/SOURCES.txt'
writing manifest file 'msgs.egg-info/SOURCES.txt'
[  3%] Built target ament_cmake_python_build_msgs_egg
[  3%] Built target msgs__cpp
[  6%] Generating C++ type support for eProsima Fast-RTPS
[  6%] Generating C++ type support dispatch for ROS interfaces
[  7%] Generating C++ introspection for ROS interfaces
[ 11%] Building C object CMakeFiles/msgs__rosidl_generator_c.dir/rosidl_generator_c/msgs/msg/detail/ball_result__functions.c.o
[ 11%] Building C object CMakeFiles/msgs__rosidl_generator_c.dir/rosidl_generator_c/msgs/msg/detail/line_result__functions.c.o
[ 12%] Building C object CMakeFiles/msgs__rosidl_generator_c.dir/rosidl_generator_c/msgs/msg/detail/motion_end__functions.c.o
[ 14%] Building C object CMakeFiles/msgs__rosidl_generator_c.dir/rosidl_generator_c/msgs/msg/detail/hurdle_result__functions.c.o
[ 15%] Building C object CMakeFiles/msgs__rosidl_generator_c.dir/rosidl_generator_c/msgs/msg/detail/motion_command__functions.c.o
[ 17%] Linking C shared library libmsgs__rosidl_generator_c.so
[ 17%] Built target msgs__rosidl_generator_c
[ 22%] Generating C type support for eProsima Fast-RTPS
[ 22%] Generating C type support dispatch for ROS interfaces
[ 22%] Generating C introspection for ROS interfaces
[ 26%] Building CXX object CMakeFiles/msgs__rosidl_typesupport_cpp.dir/rosidl_typesupport_cpp/msgs/msg/hurdle_result__type_support.cpp.o
[ 26%] Building CXX object CMakeFiles/msgs__rosidl_typesupport_cpp.dir/rosidl_typesupport_cpp/msgs/msg/ball_result__type_support.cpp.o
[ 26%] Building CXX object CMakeFiles/msgs__rosidl_typesupport_cpp.dir/rosidl_typesupport_cpp/msgs/msg/line_result__type_support.cpp.o
[ 28%] Building CXX object CMakeFiles/msgs__rosidl_typesupport_cpp.dir/rosidl_typesupport_cpp/msgs/msg/motion_command__type_support.cpp.o
[ 30%] Building CXX object CMakeFiles/msgs__rosidl_typesupport_cpp.dir/rosidl_typesupport_cpp/msgs/msg/motion_end__type_support.cpp.o
[ 31%] Building CXX object CMakeFiles/msgs__rosidl_typesupport_introspection_cpp.dir/rosidl_typesupport_introspection_cpp/msgs/msg/detail/line_result__type_support.cpp.o
[ 33%] Building CXX object CMakeFiles/msgs__rosidl_typesupport_introspection_cpp.dir/rosidl_typesupport_introspection_cpp/msgs/msg/detail/ball_result__type_support.cpp.o
[ 34%] Building CXX object CMakeFiles/msgs__rosidl_typesupport_introspection_cpp.dir/rosidl_typesupport_introspection_cpp/msgs/msg/detail/hurdle_result__type_support.cpp.o
[ 36%] Building CXX object CMakeFiles/msgs__rosidl_typesupport_c.dir/rosidl_typesupport_c/msgs/msg/line_result__type_support.cpp.o
[ 38%] Building CXX object CMakeFiles/msgs__rosidl_typesupport_fastrtps_cpp.dir/rosidl_typesupport_fastrtps_cpp/msgs/msg/detail/dds_fastrtps/line_result__type_support.cpp.o
[ 39%] Building CXX object CMakeFiles/msgs__rosidl_typesupport_c.dir/rosidl_typesupport_c/msgs/msg/ball_result__type_support.cpp.o
[ 41%] Building CXX object CMakeFiles/msgs__rosidl_typesupport_c.dir/rosidl_typesupport_c/msgs/msg/hurdle_result__type_support.cpp.o
[ 42%] Building CXX object CMakeFiles/msgs__rosidl_typesupport_fastrtps_c.dir/rosidl_typesupport_fastrtps_c/msgs/msg/detail/line_result__type_support_c.cpp.o
[ 44%] Building CXX object CMakeFiles/msgs__rosidl_typesupport_fastrtps_c.dir/rosidl_typesupport_fastrtps_c/msgs/msg/detail/ball_result__type_support_c.cpp.o
[ 46%] Building CXX object CMakeFiles/msgs__rosidl_typesupport_fastrtps_cpp.dir/rosidl_typesupport_fastrtps_cpp/msgs/msg/detail/dds_fastrtps/ball_result__type_support.cpp.o
[ 47%] Building CXX object CMakeFiles/msgs__rosidl_typesupport_c.dir/rosidl_typesupport_c/msgs/msg/motion_end__type_support.cpp.o
[ 49%] Building CXX object CMakeFiles/msgs__rosidl_typesupport_fastrtps_c.dir/rosidl_typesupport_fastrtps_c/msgs/msg/detail/hurdle_result__type_support_c.cpp.o
[ 50%] Building CXX object CMakeFiles/msgs__rosidl_typesupport_fastrtps_c.dir/rosidl_typesupport_fastrtps_c/msgs/msg/detail/motion_end__type_support_c.cpp.o
[ 52%] Linking CXX shared library libmsgs__rosidl_typesupport_cpp.so
[ 53%] Building C object CMakeFiles/msgs__rosidl_typesupport_introspection_c.dir/rosidl_typesupport_introspection_c/msgs/msg/detail/line_result__type_support.c.o
[ 55%] Building CXX object CMakeFiles/msgs__rosidl_typesupport_c.dir/rosidl_typesupport_c/msgs/msg/motion_command__type_support.cpp.o
[ 57%] Linking CXX shared library libmsgs__rosidl_typesupport_c.so
[ 57%] Built target msgs__rosidl_typesupport_cpp
[ 60%] Building C object CMakeFiles/msgs__rosidl_typesupport_introspection_c.dir/rosidl_typesupport_introspection_c/msgs/msg/detail/ball_result__type_support.c.o
[ 60%] Building CXX object CMakeFiles/msgs__rosidl_typesupport_fastrtps_c.dir/rosidl_typesupport_fastrtps_c/msgs/msg/detail/motion_command__type_support_c.cpp.o
[ 61%] Building C object CMakeFiles/msgs__rosidl_typesupport_introspection_c.dir/rosidl_typesupport_introspection_c/msgs/msg/detail/hurdle_result__type_support.c.o
[ 61%] Built target msgs__rosidl_typesupport_c
[ 63%] Building CXX object CMakeFiles/msgs__rosidl_typesupport_fastrtps_cpp.dir/rosidl_typesupport_fastrtps_cpp/msgs/msg/detail/dds_fastrtps/motion_end__type_support.cpp.o
[ 65%] Building CXX object CMakeFiles/msgs__rosidl_typesupport_fastrtps_cpp.dir/rosidl_typesupport_fastrtps_cpp/msgs/msg/detail/dds_fastrtps/hurdle_result__type_support.cpp.o
[ 66%] Building C object CMakeFiles/msgs__rosidl_typesupport_introspection_c.dir/rosidl_typesupport_introspection_c/msgs/msg/detail/motion_end__type_support.c.o
[ 68%] Building CXX object CMakeFiles/msgs__rosidl_typesupport_fastrtps_cpp.dir/rosidl_typesupport_fastrtps_cpp/msgs/msg/detail/dds_fastrtps/motion_command__type_support.cpp.o
[ 69%] Building C object CMakeFiles/msgs__rosidl_typesupport_introspection_c.dir/rosidl_typesupport_introspection_c/msgs/msg/detail/motion_command__type_support.c.o
[ 71%] Building CXX object CMakeFiles/msgs__rosidl_typesupport_introspection_cpp.dir/rosidl_typesupport_introspection_cpp/msgs/msg/detail/motion_end__type_support.cpp.o
[ 73%] Linking C shared library libmsgs__rosidl_typesupport_introspection_c.so
[ 74%] Building CXX object CMakeFiles/msgs__rosidl_typesupport_introspection_cpp.dir/rosidl_typesupport_introspection_cpp/msgs/msg/detail/motion_command__type_support.cpp.o
[ 74%] Built target msgs__rosidl_typesupport_introspection_c
[ 76%] Linking CXX shared library libmsgs__rosidl_typesupport_fastrtps_c.so
[ 76%] Built target msgs__rosidl_typesupport_fastrtps_c
[ 77%] Linking CXX shared library libmsgs__rosidl_typesupport_fastrtps_cpp.so
[ 77%] Built target msgs__rosidl_typesupport_fastrtps_cpp
[ 79%] Linking CXX shared library libmsgs__rosidl_typesupport_introspection_cpp.so
[ 79%] Built target msgs__rosidl_typesupport_introspection_cpp
[ 79%] Built target msgs
[ 80%] Generating Python code for ROS interfaces
[ 80%] Built target msgs__py
[ 84%] Building C object CMakeFiles/msgs__rosidl_generator_py.dir/rosidl_generator_py/msgs/msg/_hurdle_result_s.c.o
[ 84%] Building C object CMakeFiles/msgs__rosidl_generator_py.dir/rosidl_generator_py/msgs/msg/_motion_end_s.c.o
[ 85%] Building C object CMakeFiles/msgs__rosidl_generator_py.dir/rosidl_generator_py/msgs/msg/_line_result_s.c.o
[ 87%] Building C object CMakeFiles/msgs__rosidl_generator_py.dir/rosidl_generator_py/msgs/msg/_ball_result_s.c.o
[ 88%] Building C object CMakeFiles/msgs__rosidl_generator_py.dir/rosidl_generator_py/msgs/msg/_motion_command_s.c.o
[ 90%] Linking C shared library rosidl_generator_py/msgs/libmsgs__rosidl_generator_py.so
[ 90%] Built target msgs__rosidl_generator_py
[ 95%] Building C object CMakeFiles/msgs__rosidl_typesupport_fastrtps_c__pyext.dir/rosidl_generator_py/msgs/_msgs_s.ep.rosidl_typesupport_fastrtps_c.c.o
[ 95%] Building C object CMakeFiles/msgs__rosidl_typesupport_introspection_c__pyext.dir/rosidl_generator_py/msgs/_msgs_s.ep.rosidl_typesupport_introspection_c.c.o
[ 95%] Building C object CMakeFiles/msgs__rosidl_typesupport_c__pyext.dir/rosidl_generator_py/msgs/_msgs_s.ep.rosidl_typesupport_c.c.o
[ 96%] Linking C shared library rosidl_generator_py/msgs/msgs_s__rosidl_typesupport_introspection_c.cpython-310-x86_64-linux-gnu.so
[ 98%] Linking C shared library rosidl_generator_py/msgs/msgs_s__rosidl_typesupport_fastrtps_c.cpython-310-x86_64-linux-gnu.so
[100%] Linking C shared library rosidl_generator_py/msgs/msgs_s__rosidl_typesupport_c.cpython-310-x86_64-linux-gnu.so
[100%] Built target msgs__rosidl_typesupport_introspection_c__pyext
[100%] Built target msgs__rosidl_typesupport_fastrtps_c__pyext
[100%] Built target msgs__rosidl_typesupport_c__pyext
-- Install configuration: ""
-- Execute custom install script
-- Symlinking: /home/solhee/irc/install/msgs/share/ament_index/resource_index/rosidl_interfaces/msgs
-- Symlinking: /home/solhee/irc/install/msgs/include/msgs/msgs/msg/ball_result.h
-- Symlinking: /home/solhee/irc/install/msgs/include/msgs/msgs/msg/detail/ball_result__functions.h
-- Symlinking: /home/solhee/irc/install/msgs/include/msgs/msgs/msg/detail/ball_result__struct.h
-- Symlinking: /home/solhee/irc/install/msgs/include/msgs/msgs/msg/detail/ball_result__type_support.h
-- Symlinking: /home/solhee/irc/install/msgs/include/msgs/msgs/msg/detail/hurdle_result__functions.h
-- Symlinking: /home/solhee/irc/install/msgs/include/msgs/msgs/msg/detail/hurdle_result__struct.h
-- Symlinking: /home/solhee/irc/install/msgs/include/msgs/msgs/msg/detail/hurdle_result__type_support.h
-- Symlinking: /home/solhee/irc/install/msgs/include/msgs/msgs/msg/detail/line_result__functions.h
-- Symlinking: /home/solhee/irc/install/msgs/include/msgs/msgs/msg/detail/line_result__struct.h
-- Symlinking: /home/solhee/irc/install/msgs/include/msgs/msgs/msg/detail/line_result__type_support.h
-- Symlinking: /home/solhee/irc/install/msgs/include/msgs/msgs/msg/detail/motion_command__functions.h
-- Symlinking: /home/solhee/irc/install/msgs/include/msgs/msgs/msg/detail/motion_command__struct.h
-- Symlinking: /home/solhee/irc/install/msgs/include/msgs/msgs/msg/detail/motion_command__type_support.h
-- Symlinking: /home/solhee/irc/install/msgs/include/msgs/msgs/msg/detail/motion_end__functions.h
-- Symlinking: /home/solhee/irc/install/msgs/include/msgs/msgs/msg/detail/motion_end__struct.h
-- Symlinking: /home/solhee/irc/install/msgs/include/msgs/msgs/msg/detail/motion_end__type_support.h
-- Symlinking: /home/solhee/irc/install/msgs/include/msgs/msgs/msg/hurdle_result.h
-- Symlinking: /home/solhee/irc/install/msgs/include/msgs/msgs/msg/line_result.h
-- Symlinking: /home/solhee/irc/install/msgs/include/msgs/msgs/msg/motion_command.h
-- Symlinking: /home/solhee/irc/install/msgs/include/msgs/msgs/msg/motion_end.h
-- Symlinking: /home/solhee/irc/install/msgs/include/msgs/msgs/msg/rosidl_generator_c__visibility_control.h
-- Symlinking: /home/solhee/irc/install/msgs/share/msgs/environment/library_path.sh
-- Symlinking: /home/solhee/irc/install/msgs/share/msgs/environment/library_path.dsv
-- Symlinking: /home/solhee/irc/install/msgs/include/msgs/msgs/msg/detail/ball_result__rosidl_typesupport_fastrtps_c.h
-- Symlinking: /home/solhee/irc/install/msgs/include/msgs/msgs/msg/detail/hurdle_result__rosidl_typesupport_fastrtps_c.h
-- Symlinking: /home/solhee/irc/install/msgs/include/msgs/msgs/msg/detail/line_result__rosidl_typesupport_fastrtps_c.h
-- Symlinking: /home/solhee/irc/install/msgs/include/msgs/msgs/msg/detail/motion_command__rosidl_typesupport_fastrtps_c.h
-- Symlinking: /home/solhee/irc/install/msgs/include/msgs/msgs/msg/detail/motion_end__rosidl_typesupport_fastrtps_c.h
-- Symlinking: /home/solhee/irc/install/msgs/include/msgs/msgs/msg/rosidl_typesupport_fastrtps_c__visibility_control.h
-- Symlinking: /home/solhee/irc/install/msgs/include/msgs/msgs/msg/detail/ball_result__rosidl_typesupport_introspection_c.h
-- Symlinking: /home/solhee/irc/install/msgs/include/msgs/msgs/msg/detail/hurdle_result__rosidl_typesupport_introspection_c.h
-- Symlinking: /home/solhee/irc/install/msgs/include/msgs/msgs/msg/detail/line_result__rosidl_typesupport_introspection_c.h
-- Symlinking: /home/solhee/irc/install/msgs/include/msgs/msgs/msg/detail/motion_command__rosidl_typesupport_introspection_c.h
-- Symlinking: /home/solhee/irc/install/msgs/include/msgs/msgs/msg/detail/motion_end__rosidl_typesupport_introspection_c.h
-- Symlinking: /home/solhee/irc/install/msgs/include/msgs/msgs/msg/rosidl_typesupport_introspection_c__visibility_control.h
-- Symlinking: /home/solhee/irc/install/msgs/include/msgs/msgs/msg/ball_result.hpp
-- Symlinking: /home/solhee/irc/install/msgs/include/msgs/msgs/msg/detail/ball_result__builder.hpp
-- Symlinking: /home/solhee/irc/install/msgs/include/msgs/msgs/msg/detail/ball_result__struct.hpp
-- Symlinking: /home/solhee/irc/install/msgs/include/msgs/msgs/msg/detail/ball_result__traits.hpp
-- Symlinking: /home/solhee/irc/install/msgs/include/msgs/msgs/msg/detail/ball_result__type_support.hpp
-- Symlinking: /home/solhee/irc/install/msgs/include/msgs/msgs/msg/detail/hurdle_result__builder.hpp
-- Symlinking: /home/solhee/irc/install/msgs/include/msgs/msgs/msg/detail/hurdle_result__struct.hpp
-- Symlinking: /home/solhee/irc/install/msgs/include/msgs/msgs/msg/detail/hurdle_result__traits.hpp
-- Symlinking: /home/solhee/irc/install/msgs/include/msgs/msgs/msg/detail/hurdle_result__type_support.hpp
-- Symlinking: /home/solhee/irc/install/msgs/include/msgs/msgs/msg/detail/line_result__builder.hpp
-- Symlinking: /home/solhee/irc/install/msgs/include/msgs/msgs/msg/detail/line_result__struct.hpp
-- Symlinking: /home/solhee/irc/install/msgs/include/msgs/msgs/msg/detail/line_result__traits.hpp
-- Symlinking: /home/solhee/irc/install/msgs/include/msgs/msgs/msg/detail/line_result__type_support.hpp
-- Symlinking: /home/solhee/irc/install/msgs/include/msgs/msgs/msg/detail/motion_command__builder.hpp
-- Symlinking: /home/solhee/irc/install/msgs/include/msgs/msgs/msg/detail/motion_command__struct.hpp
-- Symlinking: /home/solhee/irc/install/msgs/include/msgs/msgs/msg/detail/motion_command__traits.hpp
-- Symlinking: /home/solhee/irc/install/msgs/include/msgs/msgs/msg/detail/motion_command__type_support.hpp
-- Symlinking: /home/solhee/irc/install/msgs/include/msgs/msgs/msg/detail/motion_end__builder.hpp
-- Symlinking: /home/solhee/irc/install/msgs/include/msgs/msgs/msg/detail/motion_end__struct.hpp
-- Symlinking: /home/solhee/irc/install/msgs/include/msgs/msgs/msg/detail/motion_end__traits.hpp
-- Symlinking: /home/solhee/irc/install/msgs/include/msgs/msgs/msg/detail/motion_end__type_support.hpp
-- Symlinking: /home/solhee/irc/install/msgs/include/msgs/msgs/msg/hurdle_result.hpp
-- Symlinking: /home/solhee/irc/install/msgs/include/msgs/msgs/msg/line_result.hpp
-- Symlinking: /home/solhee/irc/install/msgs/include/msgs/msgs/msg/motion_command.hpp
-- Symlinking: /home/solhee/irc/install/msgs/include/msgs/msgs/msg/motion_end.hpp
-- Symlinking: /home/solhee/irc/install/msgs/include/msgs/msgs/msg/rosidl_generator_cpp__visibility_control.hpp
-- Symlinking: /home/solhee/irc/install/msgs/include/msgs/msgs/msg/detail/ball_result__rosidl_typesupport_fastrtps_cpp.hpp
-- Symlinking: /home/solhee/irc/install/msgs/include/msgs/msgs/msg/detail/hurdle_result__rosidl_typesupport_fastrtps_cpp.hpp
-- Symlinking: /home/solhee/irc/install/msgs/include/msgs/msgs/msg/detail/line_result__rosidl_typesupport_fastrtps_cpp.hpp
-- Symlinking: /home/solhee/irc/install/msgs/include/msgs/msgs/msg/detail/motion_command__rosidl_typesupport_fastrtps_cpp.hpp
-- Symlinking: /home/solhee/irc/install/msgs/include/msgs/msgs/msg/detail/motion_end__rosidl_typesupport_fastrtps_cpp.hpp
-- Symlinking: /home/solhee/irc/install/msgs/include/msgs/msgs/msg/rosidl_typesupport_fastrtps_cpp__visibility_control.h
-- Symlinking: /home/solhee/irc/install/msgs/include/msgs/msgs/msg/detail/ball_result__rosidl_typesupport_introspection_cpp.hpp
-- Symlinking: /home/solhee/irc/install/msgs/include/msgs/msgs/msg/detail/hurdle_result__rosidl_typesupport_introspection_cpp.hpp
-- Symlinking: /home/solhee/irc/install/msgs/include/msgs/msgs/msg/detail/line_result__rosidl_typesupport_introspection_cpp.hpp
-- Symlinking: /home/solhee/irc/install/msgs/include/msgs/msgs/msg/detail/motion_command__rosidl_typesupport_introspection_cpp.hpp
-- Symlinking: /home/solhee/irc/install/msgs/include/msgs/msgs/msg/detail/motion_end__rosidl_typesupport_introspection_cpp.hpp
-- Symlinking: /home/solhee/irc/install/msgs/share/msgs/environment/pythonpath.sh
-- Symlinking: /home/solhee/irc/install/msgs/share/msgs/environment/pythonpath.dsv
-- Symlinking: /home/solhee/irc/install/msgs/local/lib/python3.10/dist-packages/msgs-0.0.0-py3.10.egg-info/PKG-INFO
-- Symlinking: /home/solhee/irc/install/msgs/local/lib/python3.10/dist-packages/msgs-0.0.0-py3.10.egg-info/SOURCES.txt
-- Symlinking: /home/solhee/irc/install/msgs/local/lib/python3.10/dist-packages/msgs-0.0.0-py3.10.egg-info/dependency_links.txt
-- Symlinking: /home/solhee/irc/install/msgs/local/lib/python3.10/dist-packages/msgs-0.0.0-py3.10.egg-info/top_level.txt
-- Symlinking: /home/solhee/irc/install/msgs/local/lib/python3.10/dist-packages/msgs/__init__.py
-- Symlinking: /home/solhee/irc/install/msgs/local/lib/python3.10/dist-packages/msgs/_msgs_s.ep.rosidl_typesupport_c.c
-- Symlinking: /home/solhee/irc/install/msgs/local/lib/python3.10/dist-packages/msgs/_msgs_s.ep.rosidl_typesupport_fastrtps_c.c
-- Symlinking: /home/solhee/irc/install/msgs/local/lib/python3.10/dist-packages/msgs/_msgs_s.ep.rosidl_typesupport_introspection_c.c
-- Symlinking: /home/solhee/irc/install/msgs/local/lib/python3.10/dist-packages/msgs/libmsgs__rosidl_generator_py.so
-- Symlinking: /home/solhee/irc/install/msgs/local/lib/python3.10/dist-packages/msgs/msg/__init__.py
-- Symlinking: /home/solhee/irc/install/msgs/local/lib/python3.10/dist-packages/msgs/msg/_ball_result.py
-- Symlinking: /home/solhee/irc/install/msgs/local/lib/python3.10/dist-packages/msgs/msg/_ball_result_s.c
-- Symlinking: /home/solhee/irc/install/msgs/local/lib/python3.10/dist-packages/msgs/msg/_hurdle_result.py
-- Symlinking: /home/solhee/irc/install/msgs/local/lib/python3.10/dist-packages/msgs/msg/_hurdle_result_s.c
-- Symlinking: /home/solhee/irc/install/msgs/local/lib/python3.10/dist-packages/msgs/msg/_line_result.py
-- Symlinking: /home/solhee/irc/install/msgs/local/lib/python3.10/dist-packages/msgs/msg/_line_result_s.c
-- Symlinking: /home/solhee/irc/install/msgs/local/lib/python3.10/dist-packages/msgs/msg/_motion_command.py
-- Symlinking: /home/solhee/irc/install/msgs/local/lib/python3.10/dist-packages/msgs/msg/_motion_command_s.c
-- Symlinking: /home/solhee/irc/install/msgs/local/lib/python3.10/dist-packages/msgs/msg/_motion_end.py
-- Symlinking: /home/solhee/irc/install/msgs/local/lib/python3.10/dist-packages/msgs/msg/_motion_end_s.c
-- Symlinking: /home/solhee/irc/install/msgs/local/lib/python3.10/dist-packages/msgs/msgs_s__rosidl_typesupport_c.cpython-310-x86_64-linux-gnu.so
-- Symlinking: /home/solhee/irc/install/msgs/local/lib/python3.10/dist-packages/msgs/msgs_s__rosidl_typesupport_fastrtps_c.cpython-310-x86_64-linux-gnu.so
-- Symlinking: /home/solhee/irc/install/msgs/local/lib/python3.10/dist-packages/msgs/msgs_s__rosidl_typesupport_introspection_c.cpython-310-x86_64-linux-gnu.so
-- Up-to-date symlink: /home/solhee/irc/install/msgs/local/lib/python3.10/dist-packages/msgs/msgs_s__rosidl_typesupport_fastrtps_c.cpython-310-x86_64-linux-gnu.so
-- Up-to-date symlink: /home/solhee/irc/install/msgs/local/lib/python3.10/dist-packages/msgs/msgs_s__rosidl_typesupport_introspection_c.cpython-310-x86_64-linux-gnu.so
-- Up-to-date symlink: /home/solhee/irc/install/msgs/local/lib/python3.10/dist-packages/msgs/msgs_s__rosidl_typesupport_c.cpython-310-x86_64-linux-gnu.so
-- Symlinking: /home/solhee/irc/install/msgs/share/msgs/msg/LineResult.idl
-- Symlinking: /home/solhee/irc/install/msgs/share/msgs/msg/BallResult.idl
-- Symlinking: /home/solhee/irc/install/msgs/share/msgs/msg/HurdleResult.idl
-- Symlinking: /home/solhee/irc/install/msgs/share/msgs/msg/MotionEnd.idl
-- Symlinking: /home/solhee/irc/install/msgs/share/msgs/msg/MotionCommand.idl
-- Symlinking: /home/solhee/irc/install/msgs/share/msgs/msg/LineResult.msg
-- Symlinking: /home/solhee/irc/install/msgs/share/msgs/msg/BallResult.msg
-- Symlinking: /home/solhee/irc/install/msgs/share/msgs/msg/HurdleResult.msg
-- Symlinking: /home/solhee/irc/install/msgs/share/msgs/msg/MotionEnd.msg
-- Symlinking: /home/solhee/irc/install/msgs/share/msgs/msg/MotionCommand.msg
-- Symlinking: /home/solhee/irc/install/msgs/share/ament_index/resource_index/package_run_dependencies/msgs
-- Symlinking: /home/solhee/irc/install/msgs/share/ament_index/resource_index/parent_prefix_path/msgs
-- Symlinking: /home/solhee/irc/install/msgs/share/msgs/environment/ament_prefix_path.sh
-- Symlinking: /home/solhee/irc/install/msgs/share/msgs/environment/ament_prefix_path.dsv
-- Symlinking: /home/solhee/irc/install/msgs/share/msgs/environment/path.sh
-- Symlinking: /home/solhee/irc/install/msgs/share/msgs/environment/path.dsv
-- Symlinking: /home/solhee/irc/install/msgs/share/msgs/local_setup.bash
-- Symlinking: /home/solhee/irc/install/msgs/share/msgs/local_setup.sh
-- Symlinking: /home/solhee/irc/install/msgs/share/msgs/local_setup.zsh
-- Symlinking: /home/solhee/irc/install/msgs/share/msgs/local_setup.dsv
-- Symlinking: /home/solhee/irc/install/msgs/share/msgs/package.dsv
-- Symlinking: /home/solhee/irc/install/msgs/share/ament_index/resource_index/packages/msgs
-- Symlinking: /home/solhee/irc/install/msgs/share/msgs/cmake/rosidl_cmake-extras.cmake
-- Symlinking: /home/solhee/irc/install/msgs/share/msgs/cmake/ament_cmake_export_dependencies-extras.cmake
-- Symlinking: /home/solhee/irc/install/msgs/share/msgs/cmake/ament_cmake_export_include_directories-extras.cmake
-- Symlinking: /home/solhee/irc/install/msgs/share/msgs/cmake/ament_cmake_export_libraries-extras.cmake
-- Symlinking: /home/solhee/irc/install/msgs/share/msgs/cmake/ament_cmake_export_targets-extras.cmake
-- Symlinking: /home/solhee/irc/install/msgs/share/msgs/cmake/rosidl_cmake_export_typesupport_targets-extras.cmake
-- Symlinking: /home/solhee/irc/install/msgs/share/msgs/cmake/rosidl_cmake_export_typesupport_libraries-extras.cmake
-- Symlinking: /home/solhee/irc/install/msgs/share/msgs/cmake/msgsConfig.cmake
-- Symlinking: /home/solhee/irc/install/msgs/share/msgs/cmake/msgsConfig-version.cmake
-- Symlinking: /home/solhee/irc/install/msgs/share/msgs/package.xml
-- Installing: /home/solhee/irc/install/msgs/lib/libmsgs__rosidl_generator_c.so
-- Set runtime path of "/home/solhee/irc/install/msgs/lib/libmsgs__rosidl_generator_c.so" to ""
-- Installing: /home/solhee/irc/install/msgs/lib/libmsgs__rosidl_typesupport_fastrtps_c.so
-- Set runtime path of "/home/solhee/irc/install/msgs/lib/libmsgs__rosidl_typesupport_fastrtps_c.so" to ""
-- Installing: /home/solhee/irc/install/msgs/lib/libmsgs__rosidl_typesupport_introspection_c.so
-- Set runtime path of "/home/solhee/irc/install/msgs/lib/libmsgs__rosidl_typesupport_introspection_c.so" to ""
-- Installing: /home/solhee/irc/install/msgs/lib/libmsgs__rosidl_typesupport_c.so
-- Set runtime path of "/home/solhee/irc/install/msgs/lib/libmsgs__rosidl_typesupport_c.so" to ""
-- Installing: /home/solhee/irc/install/msgs/lib/libmsgs__rosidl_typesupport_fastrtps_cpp.so
-- Set runtime path of "/home/solhee/irc/install/msgs/lib/libmsgs__rosidl_typesupport_fastrtps_cpp.so" to ""
-- Installing: /home/solhee/irc/install/msgs/lib/libmsgs__rosidl_typesupport_introspection_cpp.so
-- Set runtime path of "/home/solhee/irc/install/msgs/lib/libmsgs__rosidl_typesupport_introspection_cpp.so" to ""
-- Installing: /home/solhee/irc/install/msgs/lib/libmsgs__rosidl_typesupport_cpp.so
-- Set runtime path of "/home/solhee/irc/install/msgs/lib/libmsgs__rosidl_typesupport_cpp.so" to ""
Listing '/home/solhee/irc/install/msgs/local/lib/python3.10/dist-packages/msgs'...
Compiling '/home/solhee/irc/install/msgs/local/lib/python3.10/dist-packages/msgs/__init__.py'...
Listing '/home/solhee/irc/install/msgs/local/lib/python3.10/dist-packages/msgs/msg'...
Compiling '/home/solhee/irc/install/msgs/local/lib/python3.10/dist-packages/msgs/msg/__init__.py'...
Compiling '/home/solhee/irc/install/msgs/local/lib/python3.10/dist-packages/msgs/msg/_ball_result.py'...
Compiling '/home/solhee/irc/install/msgs/local/lib/python3.10/dist-packages/msgs/msg/_hurdle_result.py'...
Compiling '/home/solhee/irc/install/msgs/local/lib/python3.10/dist-packages/msgs/msg/_line_result.py'...
Compiling '/home/solhee/irc/install/msgs/local/lib/python3.10/dist-packages/msgs/msg/_motion_command.py'...
Compiling '/home/solhee/irc/install/msgs/local/lib/python3.10/dist-packages/msgs/msg/_motion_end.py'...
-- Installing: /home/solhee/irc/install/msgs/lib/libmsgs__rosidl_generator_py.so
-- Set runtime path of "/home/solhee/irc/install/msgs/lib/libmsgs__rosidl_generator_py.so" to ""
-- Installing: /home/solhee/irc/install/msgs/share/msgs/cmake/export_msgs__rosidl_generator_cExport.cmake
-- Installing: /home/solhee/irc/install/msgs/share/msgs/cmake/export_msgs__rosidl_generator_cExport-noconfig.cmake
-- Installing: /home/solhee/irc/install/msgs/share/msgs/cmake/export_msgs__rosidl_typesupport_fastrtps_cExport.cmake
-- Installing: /home/solhee/irc/install/msgs/share/msgs/cmake/export_msgs__rosidl_typesupport_fastrtps_cExport-noconfig.cmake
-- Installing: /home/solhee/irc/install/msgs/share/msgs/cmake/msgs__rosidl_typesupport_introspection_cExport.cmake
-- Installing: /home/solhee/irc/install/msgs/share/msgs/cmake/msgs__rosidl_typesupport_introspection_cExport-noconfig.cmake
-- Installing: /home/solhee/irc/install/msgs/share/msgs/cmake/msgs__rosidl_typesupport_cExport.cmake
-- Installing: /home/solhee/irc/install/msgs/share/msgs/cmake/msgs__rosidl_typesupport_cExport-noconfig.cmake
-- Installing: /home/solhee/irc/install/msgs/share/msgs/cmake/export_msgs__rosidl_generator_cppExport.cmake
-- Installing: /home/solhee/irc/install/msgs/share/msgs/cmake/export_msgs__rosidl_typesupport_fastrtps_cppExport.cmake
-- Installing: /home/solhee/irc/install/msgs/share/msgs/cmake/export_msgs__rosidl_typesupport_fastrtps_cppExport-noconfig.cmake
-- Installing: /home/solhee/irc/install/msgs/share/msgs/cmake/msgs__rosidl_typesupport_introspection_cppExport.cmake
-- Installing: /home/solhee/irc/install/msgs/share/msgs/cmake/msgs__rosidl_typesupport_introspection_cppExport-noconfig.cmake
-- Installing: /home/solhee/irc/install/msgs/share/msgs/cmake/msgs__rosidl_typesupport_cppExport.cmake
-- Installing: /home/solhee/irc/install/msgs/share/msgs/cmake/msgs__rosidl_typesupport_cppExport-noconfig.cmake
-- Installing: /home/solhee/irc/install/msgs/share/msgs/cmake/export_msgs__rosidl_generator_pyExport.cmake
-- Installing: /home/solhee/irc/install/msgs/share/msgs/cmake/export_msgs__rosidl_generator_pyExport-noconfig.cmake
