[0.009s] Invoking command in '/home/solhee/irc/build/msgs': CMAKE_PREFIX_PATH=${CMAKE_PREFIX_PATH}:/home/solhee/irc/install/robot_bringup:/home/solhee/irc/install/decision:/home/solhee/ros2_study/install/sol_package:/home/solhee/ros2_study/install/sol_line_track:/home/solhee/ros2_study/install/rnd:/home/solhee/ros2_study/install/my_first_package:/opt/ros/humble /usr/bin/cmake /home/solhee/irc/src/msgs -DAMENT_CMAKE_SYMLINK_INSTALL=1 -DCMAKE_INSTALL_PREFIX=/home/solhee/irc/install/msgs
[0.016s] -- Found ament_cmake: 1.3.13 (/opt/ros/humble/share/ament_cmake/cmake)
[0.103s] -- Override CMake install command with custom implementation using symlinks instead of copying resources
[0.108s] -- Found rosidl_default_generators: 1.2.0 (/opt/ros/humble/share/rosidl_default_generators/cmake)
[0.110s] -- Using all available rosidl_typesupport_c: rosidl_typesupport_fastrtps_c;rosidl_typesupport_introspection_c
[0.112s] -- Found rosidl_adapter: 3.1.8 (/opt/ros/humble/share/rosidl_adapter/cmake)
[0.131s] -- Using all available rosidl_typesupport_cpp: rosidl_typesupport_fastrtps_cpp;rosidl_typesupport_introspection_cpp
[0.146s] -- Found std_msgs: 4.9.1 (/opt/ros/humble/share/std_msgs/cmake)
[0.375s] -- Found ament_cmake_ros: 0.10.0 (/opt/ros/humble/share/ament_cmake_ros/cmake)
[0.528s] -- Using all available rosidl_typesupport_c: rosidl_typesupport_fastrtps_c;rosidl_typesupport_introspection_c
[0.722s] -- Using all available rosidl_typesupport_cpp: rosidl_typesupport_fastrtps_cpp;rosidl_typesupport_introspection_cpp
[0.738s] -- Found python_cmake_module: 0.10.0 (/opt/ros/humble/share/python_cmake_module/cmake)
[0.754s] -- Using PYTHON_EXECUTABLE: /usr/bin/python3
[0.754s] -- Using PYTHON_INCLUDE_DIRS: /usr/include/python3.10
[0.754s] -- Using PYTHON_LIBRARIES: /usr/lib/x86_64-linux-gnu/libpython3.10.so
[0.776s] -- Found ament_lint_auto: 0.12.15 (/opt/ros/humble/share/ament_lint_auto/cmake)
[0.783s] -- Added test 'lint_cmake' to check CMake code style
[0.784s] -- Added test 'xmllint' to check XML markup files
[0.786s] -- Configuring done
[0.817s] -- Generating done
[0.828s] -- Build files have been written to: /home/solhee/irc/build/msgs
[0.833s] Invoked command in '/home/solhee/irc/build/msgs' returned '0': CMAKE_PREFIX_PATH=${CMAKE_PREFIX_PATH}:/home/solhee/irc/install/robot_bringup:/home/solhee/irc/install/decision:/home/solhee/ros2_study/install/sol_package:/home/solhee/ros2_study/install/sol_line_track:/home/solhee/ros2_study/install/rnd:/home/solhee/ros2_study/install/my_first_package:/opt/ros/humble /usr/bin/cmake /home/solhee/irc/src/msgs -DAMENT_CMAKE_SYMLINK_INSTALL=1 -DCMAKE_INSTALL_PREFIX=/home/solhee/irc/install/msgs
[0.834s] Invoking command in '/home/solhee/irc/build/msgs': CMAKE_PREFIX_PATH=${CMAKE_PREFIX_PATH}:/home/solhee/irc/install/robot_bringup:/home/solhee/irc/install/decision:/home/solhee/ros2_study/install/sol_package:/home/solhee/ros2_study/install/sol_line_track:/home/solhee/ros2_study/install/rnd:/home/solhee/ros2_study/install/my_first_package:/opt/ros/humble /usr/bin/cmake --build /home/solhee/irc/build/msgs -- -j12 -l12
[0.860s] [  1%] Generating C code for ROS interfaces
[0.869s] [  3%] Generating C++ code for ROS interfaces
[0.874s] [  3%] Built target ament_cmake_python_symlink_msgs
[1.014s] running egg_info
[1.025s] creating msgs.egg-info
[1.025s] writing msgs.egg-info/PKG-INFO
[1.025s] writing dependency_links to msgs.egg-info/dependency_links.txt
[1.025s] writing top-level names to msgs.egg-info/top_level.txt
[1.025s] writing manifest file 'msgs.egg-info/SOURCES.txt'
[1.056s] reading manifest file 'msgs.egg-info/SOURCES.txt'
[1.056s] writing manifest file 'msgs.egg-info/SOURCES.txt'
[1.075s] [  3%] Built target ament_cmake_python_build_msgs_egg
[1.133s] [  3%] Built target msgs__cpp
[1.140s] [  6%] Generating C++ type support for eProsima Fast-RTPS
[1.140s] [  6%] Generating C++ type support dispatch for ROS interfaces
[1.141s] [  7%] Generating C++ introspection for ROS interfaces
[1.152s] [ 11%] Building C object CMakeFiles/msgs__rosidl_generator_c.dir/rosidl_generator_c/msgs/msg/detail/ball_result__functions.c.o
[1.152s] [ 11%] Building C object CMakeFiles/msgs__rosidl_generator_c.dir/rosidl_generator_c/msgs/msg/detail/line_result__functions.c.o
[1.152s] [ 12%] Building C object CMakeFiles/msgs__rosidl_generator_c.dir/rosidl_generator_c/msgs/msg/detail/motion_end__functions.c.o
[1.154s] [ 14%] Building C object CMakeFiles/msgs__rosidl_generator_c.dir/rosidl_generator_c/msgs/msg/detail/hurdle_result__functions.c.o
[1.154s] [ 15%] Building C object CMakeFiles/msgs__rosidl_generator_c.dir/rosidl_generator_c/msgs/msg/detail/motion_command__functions.c.o
[1.192s] [ 17%] Linking C shared library libmsgs__rosidl_generator_c.so
[1.216s] [ 17%] Built target msgs__rosidl_generator_c
[1.222s] [ 22%] Generating C type support for eProsima Fast-RTPS
[1.222s] [ 22%] Generating C type support dispatch for ROS interfaces
[1.222s] [ 22%] Generating C introspection for ROS interfaces
[1.342s] [ 26%] Building CXX object CMakeFiles/msgs__rosidl_typesupport_cpp.dir/rosidl_typesupport_cpp/msgs/msg/hurdle_result__type_support.cpp.o
[1.343s] [ 26%] Building CXX object CMakeFiles/msgs__rosidl_typesupport_cpp.dir/rosidl_typesupport_cpp/msgs/msg/ball_result__type_support.cpp.o
[1.344s] [ 26%] Building CXX object CMakeFiles/msgs__rosidl_typesupport_cpp.dir/rosidl_typesupport_cpp/msgs/msg/line_result__type_support.cpp.o
[1.344s] [ 28%] Building CXX object CMakeFiles/msgs__rosidl_typesupport_cpp.dir/rosidl_typesupport_cpp/msgs/msg/motion_command__type_support.cpp.o
[1.347s] [ 30%] Building CXX object CMakeFiles/msgs__rosidl_typesupport_cpp.dir/rosidl_typesupport_cpp/msgs/msg/motion_end__type_support.cpp.o
[1.410s] [ 31%] Building CXX object CMakeFiles/msgs__rosidl_typesupport_introspection_cpp.dir/rosidl_typesupport_introspection_cpp/msgs/msg/detail/line_result__type_support.cpp.o
[1.411s] [ 33%] Building CXX object CMakeFiles/msgs__rosidl_typesupport_introspection_cpp.dir/rosidl_typesupport_introspection_cpp/msgs/msg/detail/ball_result__type_support.cpp.o
[1.411s] [ 34%] Building CXX object CMakeFiles/msgs__rosidl_typesupport_introspection_cpp.dir/rosidl_typesupport_introspection_cpp/msgs/msg/detail/hurdle_result__type_support.cpp.o
[1.526s] [ 36%] Building CXX object CMakeFiles/msgs__rosidl_typesupport_c.dir/rosidl_typesupport_c/msgs/msg/line_result__type_support.cpp.o
[1.547s] [ 38%] Building CXX object CMakeFiles/msgs__rosidl_typesupport_fastrtps_cpp.dir/rosidl_typesupport_fastrtps_cpp/msgs/msg/detail/dds_fastrtps/line_result__type_support.cpp.o
[1.568s] [ 39%] Building CXX object CMakeFiles/msgs__rosidl_typesupport_c.dir/rosidl_typesupport_c/msgs/msg/ball_result__type_support.cpp.o
[1.624s] [ 41%] Building CXX object CMakeFiles/msgs__rosidl_typesupport_c.dir/rosidl_typesupport_c/msgs/msg/hurdle_result__type_support.cpp.o
[1.629s] [ 42%] Building CXX object CMakeFiles/msgs__rosidl_typesupport_fastrtps_c.dir/rosidl_typesupport_fastrtps_c/msgs/msg/detail/line_result__type_support_c.cpp.o
[1.644s] [ 44%] Building CXX object CMakeFiles/msgs__rosidl_typesupport_fastrtps_c.dir/rosidl_typesupport_fastrtps_c/msgs/msg/detail/ball_result__type_support_c.cpp.o
[1.650s] [ 46%] Building CXX object CMakeFiles/msgs__rosidl_typesupport_fastrtps_cpp.dir/rosidl_typesupport_fastrtps_cpp/msgs/msg/detail/dds_fastrtps/ball_result__type_support.cpp.o
[1.654s] [ 47%] Building CXX object CMakeFiles/msgs__rosidl_typesupport_c.dir/rosidl_typesupport_c/msgs/msg/motion_end__type_support.cpp.o
[1.659s] [ 49%] Building CXX object CMakeFiles/msgs__rosidl_typesupport_fastrtps_c.dir/rosidl_typesupport_fastrtps_c/msgs/msg/detail/hurdle_result__type_support_c.cpp.o
[1.666s] [ 50%] Building CXX object CMakeFiles/msgs__rosidl_typesupport_fastrtps_c.dir/rosidl_typesupport_fastrtps_c/msgs/msg/detail/motion_end__type_support_c.cpp.o
[1.689s] [ 52%] Linking CXX shared library libmsgs__rosidl_typesupport_cpp.so
[1.695s] [ 53%] Building C object CMakeFiles/msgs__rosidl_typesupport_introspection_c.dir/rosidl_typesupport_introspection_c/msgs/msg/detail/line_result__type_support.c.o
[1.703s] [ 55%] Building CXX object CMakeFiles/msgs__rosidl_typesupport_c.dir/rosidl_typesupport_c/msgs/msg/motion_command__type_support.cpp.o
[1.739s] [ 57%] Linking CXX shared library libmsgs__rosidl_typesupport_c.so
[1.743s] [ 57%] Built target msgs__rosidl_typesupport_cpp
[1.758s] [ 60%] Building C object CMakeFiles/msgs__rosidl_typesupport_introspection_c.dir/rosidl_typesupport_introspection_c/msgs/msg/detail/ball_result__type_support.c.o
[1.759s] [ 60%] Building CXX object CMakeFiles/msgs__rosidl_typesupport_fastrtps_c.dir/rosidl_typesupport_fastrtps_c/msgs/msg/detail/motion_command__type_support_c.cpp.o
[1.804s] [ 61%] Building C object CMakeFiles/msgs__rosidl_typesupport_introspection_c.dir/rosidl_typesupport_introspection_c/msgs/msg/detail/hurdle_result__type_support.c.o
[1.812s] [ 61%] Built target msgs__rosidl_typesupport_c
[1.821s] [ 63%] Building CXX object CMakeFiles/msgs__rosidl_typesupport_fastrtps_cpp.dir/rosidl_typesupport_fastrtps_cpp/msgs/msg/detail/dds_fastrtps/motion_end__type_support.cpp.o
[1.821s] [ 65%] Building CXX object CMakeFiles/msgs__rosidl_typesupport_fastrtps_cpp.dir/rosidl_typesupport_fastrtps_cpp/msgs/msg/detail/dds_fastrtps/hurdle_result__type_support.cpp.o
[1.830s] [ 66%] Building C object CMakeFiles/msgs__rosidl_typesupport_introspection_c.dir/rosidl_typesupport_introspection_c/msgs/msg/detail/motion_end__type_support.c.o
[1.839s] [ 68%] Building CXX object CMakeFiles/msgs__rosidl_typesupport_fastrtps_cpp.dir/rosidl_typesupport_fastrtps_cpp/msgs/msg/detail/dds_fastrtps/motion_command__type_support.cpp.o
[1.898s] [ 69%] Building C object CMakeFiles/msgs__rosidl_typesupport_introspection_c.dir/rosidl_typesupport_introspection_c/msgs/msg/detail/motion_command__type_support.c.o
[1.929s] [ 71%] Building CXX object CMakeFiles/msgs__rosidl_typesupport_introspection_cpp.dir/rosidl_typesupport_introspection_cpp/msgs/msg/detail/motion_end__type_support.cpp.o
[1.963s] [ 73%] Linking C shared library libmsgs__rosidl_typesupport_introspection_c.so
[1.963s] [ 74%] Building CXX object CMakeFiles/msgs__rosidl_typesupport_introspection_cpp.dir/rosidl_typesupport_introspection_cpp/msgs/msg/detail/motion_command__type_support.cpp.o
[2.020s] [ 74%] Built target msgs__rosidl_typesupport_introspection_c
[2.073s] [ 76%] Linking CXX shared library libmsgs__rosidl_typesupport_fastrtps_c.so
[2.136s] [ 76%] Built target msgs__rosidl_typesupport_fastrtps_c
[2.223s] [ 77%] Linking CXX shared library libmsgs__rosidl_typesupport_fastrtps_cpp.so
[2.273s] [ 77%] Built target msgs__rosidl_typesupport_fastrtps_cpp
[2.298s] [ 79%] Linking CXX shared library libmsgs__rosidl_typesupport_introspection_cpp.so
[2.324s] [ 79%] Built target msgs__rosidl_typesupport_introspection_cpp
[2.337s] [ 79%] Built target msgs
[2.350s] [ 80%] Generating Python code for ROS interfaces
[2.725s] [ 80%] Built target msgs__py
[2.739s] [ 84%] Building C object CMakeFiles/msgs__rosidl_generator_py.dir/rosidl_generator_py/msgs/msg/_hurdle_result_s.c.o
[2.739s] [ 84%] Building C object CMakeFiles/msgs__rosidl_generator_py.dir/rosidl_generator_py/msgs/msg/_motion_end_s.c.o
[2.739s] [ 85%] Building C object CMakeFiles/msgs__rosidl_generator_py.dir/rosidl_generator_py/msgs/msg/_line_result_s.c.o
[2.741s] [ 87%] Building C object CMakeFiles/msgs__rosidl_generator_py.dir/rosidl_generator_py/msgs/msg/_ball_result_s.c.o
[2.741s] [ 88%] Building C object CMakeFiles/msgs__rosidl_generator_py.dir/rosidl_generator_py/msgs/msg/_motion_command_s.c.o
[2.821s] [ 90%] Linking C shared library rosidl_generator_py/msgs/libmsgs__rosidl_generator_py.so
[2.847s] [ 90%] Built target msgs__rosidl_generator_py
[2.859s] [ 95%] Building C object CMakeFiles/msgs__rosidl_typesupport_fastrtps_c__pyext.dir/rosidl_generator_py/msgs/_msgs_s.ep.rosidl_typesupport_fastrtps_c.c.o
[2.859s] [ 95%] Building C object CMakeFiles/msgs__rosidl_typesupport_introspection_c__pyext.dir/rosidl_generator_py/msgs/_msgs_s.ep.rosidl_typesupport_introspection_c.c.o
[2.859s] [ 95%] Building C object CMakeFiles/msgs__rosidl_typesupport_c__pyext.dir/rosidl_generator_py/msgs/_msgs_s.ep.rosidl_typesupport_c.c.o
[2.927s] [ 96%] Linking C shared library rosidl_generator_py/msgs/msgs_s__rosidl_typesupport_introspection_c.cpython-310-x86_64-linux-gnu.so
[2.928s] [ 98%] Linking C shared library rosidl_generator_py/msgs/msgs_s__rosidl_typesupport_fastrtps_c.cpython-310-x86_64-linux-gnu.so
[2.931s] [100%] Linking C shared library rosidl_generator_py/msgs/msgs_s__rosidl_typesupport_c.cpython-310-x86_64-linux-gnu.so
[2.951s] [100%] Built target msgs__rosidl_typesupport_introspection_c__pyext
[2.951s] [100%] Built target msgs__rosidl_typesupport_fastrtps_c__pyext
[2.954s] [100%] Built target msgs__rosidl_typesupport_c__pyext
[2.961s] Invoked command in '/home/solhee/irc/build/msgs' returned '0': CMAKE_PREFIX_PATH=${CMAKE_PREFIX_PATH}:/home/solhee/irc/install/robot_bringup:/home/solhee/irc/install/decision:/home/solhee/ros2_study/install/sol_package:/home/solhee/ros2_study/install/sol_line_track:/home/solhee/ros2_study/install/rnd:/home/solhee/ros2_study/install/my_first_package:/opt/ros/humble /usr/bin/cmake --build /home/solhee/irc/build/msgs -- -j12 -l12
[2.962s] Invoking command in '/home/solhee/irc/build/msgs': CMAKE_PREFIX_PATH=${CMAKE_PREFIX_PATH}:/home/solhee/irc/install/robot_bringup:/home/solhee/irc/install/decision:/home/solhee/ros2_study/install/sol_package:/home/solhee/ros2_study/install/sol_line_track:/home/solhee/ros2_study/install/rnd:/home/solhee/ros2_study/install/my_first_package:/opt/ros/humble /usr/bin/cmake --install /home/solhee/irc/build/msgs
[2.967s] -- Install configuration: ""
[2.967s] -- Execute custom install script
[2.967s] -- Symlinking: /home/solhee/irc/install/msgs/share/ament_index/resource_index/rosidl_interfaces/msgs
[2.972s] -- Symlinking: /home/solhee/irc/install/msgs/include/msgs/msgs/msg/ball_result.h
[2.977s] -- Symlinking: /home/solhee/irc/install/msgs/include/msgs/msgs/msg/detail/ball_result__functions.h
[2.982s] -- Symlinking: /home/solhee/irc/install/msgs/include/msgs/msgs/msg/detail/ball_result__struct.h
[2.987s] -- Symlinking: /home/solhee/irc/install/msgs/include/msgs/msgs/msg/detail/ball_result__type_support.h
[2.992s] -- Symlinking: /home/solhee/irc/install/msgs/include/msgs/msgs/msg/detail/hurdle_result__functions.h
[2.998s] -- Symlinking: /home/solhee/irc/install/msgs/include/msgs/msgs/msg/detail/hurdle_result__struct.h
[3.005s] -- Symlinking: /home/solhee/irc/install/msgs/include/msgs/msgs/msg/detail/hurdle_result__type_support.h
[3.011s] -- Symlinking: /home/solhee/irc/install/msgs/include/msgs/msgs/msg/detail/line_result__functions.h
[3.019s] -- Symlinking: /home/solhee/irc/install/msgs/include/msgs/msgs/msg/detail/line_result__struct.h
[3.030s] -- Symlinking: /home/solhee/irc/install/msgs/include/msgs/msgs/msg/detail/line_result__type_support.h
[3.039s] -- Symlinking: /home/solhee/irc/install/msgs/include/msgs/msgs/msg/detail/motion_command__functions.h
[3.045s] -- Symlinking: /home/solhee/irc/install/msgs/include/msgs/msgs/msg/detail/motion_command__struct.h
[3.052s] -- Symlinking: /home/solhee/irc/install/msgs/include/msgs/msgs/msg/detail/motion_command__type_support.h
[3.057s] -- Symlinking: /home/solhee/irc/install/msgs/include/msgs/msgs/msg/detail/motion_end__functions.h
[3.064s] -- Symlinking: /home/solhee/irc/install/msgs/include/msgs/msgs/msg/detail/motion_end__struct.h
[3.069s] -- Symlinking: /home/solhee/irc/install/msgs/include/msgs/msgs/msg/detail/motion_end__type_support.h
[3.074s] -- Symlinking: /home/solhee/irc/install/msgs/include/msgs/msgs/msg/hurdle_result.h
[3.079s] -- Symlinking: /home/solhee/irc/install/msgs/include/msgs/msgs/msg/line_result.h
[3.084s] -- Symlinking: /home/solhee/irc/install/msgs/include/msgs/msgs/msg/motion_command.h
[3.089s] -- Symlinking: /home/solhee/irc/install/msgs/include/msgs/msgs/msg/motion_end.h
[3.093s] -- Symlinking: /home/solhee/irc/install/msgs/include/msgs/msgs/msg/rosidl_generator_c__visibility_control.h
[3.098s] -- Symlinking: /home/solhee/irc/install/msgs/share/msgs/environment/library_path.sh
[3.103s] -- Symlinking: /home/solhee/irc/install/msgs/share/msgs/environment/library_path.dsv
[3.108s] -- Symlinking: /home/solhee/irc/install/msgs/include/msgs/msgs/msg/detail/ball_result__rosidl_typesupport_fastrtps_c.h
[3.113s] -- Symlinking: /home/solhee/irc/install/msgs/include/msgs/msgs/msg/detail/hurdle_result__rosidl_typesupport_fastrtps_c.h
[3.118s] -- Symlinking: /home/solhee/irc/install/msgs/include/msgs/msgs/msg/detail/line_result__rosidl_typesupport_fastrtps_c.h
[3.123s] -- Symlinking: /home/solhee/irc/install/msgs/include/msgs/msgs/msg/detail/motion_command__rosidl_typesupport_fastrtps_c.h
[3.127s] -- Symlinking: /home/solhee/irc/install/msgs/include/msgs/msgs/msg/detail/motion_end__rosidl_typesupport_fastrtps_c.h
[3.133s] -- Symlinking: /home/solhee/irc/install/msgs/include/msgs/msgs/msg/rosidl_typesupport_fastrtps_c__visibility_control.h
[3.138s] -- Symlinking: /home/solhee/irc/install/msgs/include/msgs/msgs/msg/detail/ball_result__rosidl_typesupport_introspection_c.h
[3.142s] -- Symlinking: /home/solhee/irc/install/msgs/include/msgs/msgs/msg/detail/hurdle_result__rosidl_typesupport_introspection_c.h
[3.147s] -- Symlinking: /home/solhee/irc/install/msgs/include/msgs/msgs/msg/detail/line_result__rosidl_typesupport_introspection_c.h
[3.152s] -- Symlinking: /home/solhee/irc/install/msgs/include/msgs/msgs/msg/detail/motion_command__rosidl_typesupport_introspection_c.h
[3.157s] -- Symlinking: /home/solhee/irc/install/msgs/include/msgs/msgs/msg/detail/motion_end__rosidl_typesupport_introspection_c.h
[3.165s] -- Symlinking: /home/solhee/irc/install/msgs/include/msgs/msgs/msg/rosidl_typesupport_introspection_c__visibility_control.h
[3.172s] -- Symlinking: /home/solhee/irc/install/msgs/include/msgs/msgs/msg/ball_result.hpp
[3.178s] -- Symlinking: /home/solhee/irc/install/msgs/include/msgs/msgs/msg/detail/ball_result__builder.hpp
[3.186s] -- Symlinking: /home/solhee/irc/install/msgs/include/msgs/msgs/msg/detail/ball_result__struct.hpp
[3.191s] -- Symlinking: /home/solhee/irc/install/msgs/include/msgs/msgs/msg/detail/ball_result__traits.hpp
[3.196s] -- Symlinking: /home/solhee/irc/install/msgs/include/msgs/msgs/msg/detail/ball_result__type_support.hpp
[3.202s] -- Symlinking: /home/solhee/irc/install/msgs/include/msgs/msgs/msg/detail/hurdle_result__builder.hpp
[3.207s] -- Symlinking: /home/solhee/irc/install/msgs/include/msgs/msgs/msg/detail/hurdle_result__struct.hpp
[3.212s] -- Symlinking: /home/solhee/irc/install/msgs/include/msgs/msgs/msg/detail/hurdle_result__traits.hpp
[3.217s] -- Symlinking: /home/solhee/irc/install/msgs/include/msgs/msgs/msg/detail/hurdle_result__type_support.hpp
[3.222s] -- Symlinking: /home/solhee/irc/install/msgs/include/msgs/msgs/msg/detail/line_result__builder.hpp
[3.228s] -- Symlinking: /home/solhee/irc/install/msgs/include/msgs/msgs/msg/detail/line_result__struct.hpp
[3.233s] -- Symlinking: /home/solhee/irc/install/msgs/include/msgs/msgs/msg/detail/line_result__traits.hpp
[3.239s] -- Symlinking: /home/solhee/irc/install/msgs/include/msgs/msgs/msg/detail/line_result__type_support.hpp
[3.243s] -- Symlinking: /home/solhee/irc/install/msgs/include/msgs/msgs/msg/detail/motion_command__builder.hpp
[3.249s] -- Symlinking: /home/solhee/irc/install/msgs/include/msgs/msgs/msg/detail/motion_command__struct.hpp
[3.254s] -- Symlinking: /home/solhee/irc/install/msgs/include/msgs/msgs/msg/detail/motion_command__traits.hpp
[3.260s] -- Symlinking: /home/solhee/irc/install/msgs/include/msgs/msgs/msg/detail/motion_command__type_support.hpp
[3.267s] -- Symlinking: /home/solhee/irc/install/msgs/include/msgs/msgs/msg/detail/motion_end__builder.hpp
[3.276s] -- Symlinking: /home/solhee/irc/install/msgs/include/msgs/msgs/msg/detail/motion_end__struct.hpp
[3.288s] -- Symlinking: /home/solhee/irc/install/msgs/include/msgs/msgs/msg/detail/motion_end__traits.hpp
[3.296s] -- Symlinking: /home/solhee/irc/install/msgs/include/msgs/msgs/msg/detail/motion_end__type_support.hpp
[3.304s] -- Symlinking: /home/solhee/irc/install/msgs/include/msgs/msgs/msg/hurdle_result.hpp
[3.312s] -- Symlinking: /home/solhee/irc/install/msgs/include/msgs/msgs/msg/line_result.hpp
[3.318s] -- Symlinking: /home/solhee/irc/install/msgs/include/msgs/msgs/msg/motion_command.hpp
[3.324s] -- Symlinking: /home/solhee/irc/install/msgs/include/msgs/msgs/msg/motion_end.hpp
[3.329s] -- Symlinking: /home/solhee/irc/install/msgs/include/msgs/msgs/msg/rosidl_generator_cpp__visibility_control.hpp
[3.335s] -- Symlinking: /home/solhee/irc/install/msgs/include/msgs/msgs/msg/detail/ball_result__rosidl_typesupport_fastrtps_cpp.hpp
[3.341s] -- Symlinking: /home/solhee/irc/install/msgs/include/msgs/msgs/msg/detail/hurdle_result__rosidl_typesupport_fastrtps_cpp.hpp
[3.347s] -- Symlinking: /home/solhee/irc/install/msgs/include/msgs/msgs/msg/detail/line_result__rosidl_typesupport_fastrtps_cpp.hpp
[3.353s] -- Symlinking: /home/solhee/irc/install/msgs/include/msgs/msgs/msg/detail/motion_command__rosidl_typesupport_fastrtps_cpp.hpp
[3.358s] -- Symlinking: /home/solhee/irc/install/msgs/include/msgs/msgs/msg/detail/motion_end__rosidl_typesupport_fastrtps_cpp.hpp
[3.364s] -- Symlinking: /home/solhee/irc/install/msgs/include/msgs/msgs/msg/rosidl_typesupport_fastrtps_cpp__visibility_control.h
[3.370s] -- Symlinking: /home/solhee/irc/install/msgs/include/msgs/msgs/msg/detail/ball_result__rosidl_typesupport_introspection_cpp.hpp
[3.375s] -- Symlinking: /home/solhee/irc/install/msgs/include/msgs/msgs/msg/detail/hurdle_result__rosidl_typesupport_introspection_cpp.hpp
[3.380s] -- Symlinking: /home/solhee/irc/install/msgs/include/msgs/msgs/msg/detail/line_result__rosidl_typesupport_introspection_cpp.hpp
[3.385s] -- Symlinking: /home/solhee/irc/install/msgs/include/msgs/msgs/msg/detail/motion_command__rosidl_typesupport_introspection_cpp.hpp
[3.390s] -- Symlinking: /home/solhee/irc/install/msgs/include/msgs/msgs/msg/detail/motion_end__rosidl_typesupport_introspection_cpp.hpp
[3.396s] -- Symlinking: /home/solhee/irc/install/msgs/share/msgs/environment/pythonpath.sh
[3.402s] -- Symlinking: /home/solhee/irc/install/msgs/share/msgs/environment/pythonpath.dsv
[3.408s] -- Symlinking: /home/solhee/irc/install/msgs/local/lib/python3.10/dist-packages/msgs-0.0.0-py3.10.egg-info/PKG-INFO
[3.414s] -- Symlinking: /home/solhee/irc/install/msgs/local/lib/python3.10/dist-packages/msgs-0.0.0-py3.10.egg-info/SOURCES.txt
[3.420s] -- Symlinking: /home/solhee/irc/install/msgs/local/lib/python3.10/dist-packages/msgs-0.0.0-py3.10.egg-info/dependency_links.txt
[3.425s] -- Symlinking: /home/solhee/irc/install/msgs/local/lib/python3.10/dist-packages/msgs-0.0.0-py3.10.egg-info/top_level.txt
[3.430s] -- Symlinking: /home/solhee/irc/install/msgs/local/lib/python3.10/dist-packages/msgs/__init__.py
[3.436s] -- Symlinking: /home/solhee/irc/install/msgs/local/lib/python3.10/dist-packages/msgs/_msgs_s.ep.rosidl_typesupport_c.c
[3.441s] -- Symlinking: /home/solhee/irc/install/msgs/local/lib/python3.10/dist-packages/msgs/_msgs_s.ep.rosidl_typesupport_fastrtps_c.c
[3.447s] -- Symlinking: /home/solhee/irc/install/msgs/local/lib/python3.10/dist-packages/msgs/_msgs_s.ep.rosidl_typesupport_introspection_c.c
[3.451s] -- Symlinking: /home/solhee/irc/install/msgs/local/lib/python3.10/dist-packages/msgs/libmsgs__rosidl_generator_py.so
[3.456s] -- Symlinking: /home/solhee/irc/install/msgs/local/lib/python3.10/dist-packages/msgs/msg/__init__.py
[3.461s] -- Symlinking: /home/solhee/irc/install/msgs/local/lib/python3.10/dist-packages/msgs/msg/_ball_result.py
[3.466s] -- Symlinking: /home/solhee/irc/install/msgs/local/lib/python3.10/dist-packages/msgs/msg/_ball_result_s.c
[3.471s] -- Symlinking: /home/solhee/irc/install/msgs/local/lib/python3.10/dist-packages/msgs/msg/_hurdle_result.py
[3.475s] -- Symlinking: /home/solhee/irc/install/msgs/local/lib/python3.10/dist-packages/msgs/msg/_hurdle_result_s.c
[3.480s] -- Symlinking: /home/solhee/irc/install/msgs/local/lib/python3.10/dist-packages/msgs/msg/_line_result.py
[3.485s] -- Symlinking: /home/solhee/irc/install/msgs/local/lib/python3.10/dist-packages/msgs/msg/_line_result_s.c
[3.491s] -- Symlinking: /home/solhee/irc/install/msgs/local/lib/python3.10/dist-packages/msgs/msg/_motion_command.py
[3.497s] -- Symlinking: /home/solhee/irc/install/msgs/local/lib/python3.10/dist-packages/msgs/msg/_motion_command_s.c
[3.502s] -- Symlinking: /home/solhee/irc/install/msgs/local/lib/python3.10/dist-packages/msgs/msg/_motion_end.py
[3.507s] -- Symlinking: /home/solhee/irc/install/msgs/local/lib/python3.10/dist-packages/msgs/msg/_motion_end_s.c
[3.512s] -- Symlinking: /home/solhee/irc/install/msgs/local/lib/python3.10/dist-packages/msgs/msgs_s__rosidl_typesupport_c.cpython-310-x86_64-linux-gnu.so
[3.517s] -- Symlinking: /home/solhee/irc/install/msgs/local/lib/python3.10/dist-packages/msgs/msgs_s__rosidl_typesupport_fastrtps_c.cpython-310-x86_64-linux-gnu.so
[3.522s] -- Symlinking: /home/solhee/irc/install/msgs/local/lib/python3.10/dist-packages/msgs/msgs_s__rosidl_typesupport_introspection_c.cpython-310-x86_64-linux-gnu.so
[3.527s] -- Up-to-date symlink: /home/solhee/irc/install/msgs/local/lib/python3.10/dist-packages/msgs/msgs_s__rosidl_typesupport_fastrtps_c.cpython-310-x86_64-linux-gnu.so
[3.527s] -- Up-to-date symlink: /home/solhee/irc/install/msgs/local/lib/python3.10/dist-packages/msgs/msgs_s__rosidl_typesupport_introspection_c.cpython-310-x86_64-linux-gnu.so
[3.527s] -- Up-to-date symlink: /home/solhee/irc/install/msgs/local/lib/python3.10/dist-packages/msgs/msgs_s__rosidl_typesupport_c.cpython-310-x86_64-linux-gnu.so
[3.527s] -- Symlinking: /home/solhee/irc/install/msgs/share/msgs/msg/LineResult.idl
[3.532s] -- Symlinking: /home/solhee/irc/install/msgs/share/msgs/msg/BallResult.idl
[3.537s] -- Symlinking: /home/solhee/irc/install/msgs/share/msgs/msg/HurdleResult.idl
[3.542s] -- Symlinking: /home/solhee/irc/install/msgs/share/msgs/msg/MotionEnd.idl
[3.547s] -- Symlinking: /home/solhee/irc/install/msgs/share/msgs/msg/MotionCommand.idl
[3.552s] -- Symlinking: /home/solhee/irc/install/msgs/share/msgs/msg/LineResult.msg
[3.556s] -- Symlinking: /home/solhee/irc/install/msgs/share/msgs/msg/BallResult.msg
[3.562s] -- Symlinking: /home/solhee/irc/install/msgs/share/msgs/msg/HurdleResult.msg
[3.566s] -- Symlinking: /home/solhee/irc/install/msgs/share/msgs/msg/MotionEnd.msg
[3.571s] -- Symlinking: /home/solhee/irc/install/msgs/share/msgs/msg/MotionCommand.msg
[3.576s] -- Symlinking: /home/solhee/irc/install/msgs/share/ament_index/resource_index/package_run_dependencies/msgs
[3.581s] -- Symlinking: /home/solhee/irc/install/msgs/share/ament_index/resource_index/parent_prefix_path/msgs
[3.585s] -- Symlinking: /home/solhee/irc/install/msgs/share/msgs/environment/ament_prefix_path.sh
[3.590s] -- Symlinking: /home/solhee/irc/install/msgs/share/msgs/environment/ament_prefix_path.dsv
[3.595s] -- Symlinking: /home/solhee/irc/install/msgs/share/msgs/environment/path.sh
[3.600s] -- Symlinking: /home/solhee/irc/install/msgs/share/msgs/environment/path.dsv
[3.605s] -- Symlinking: /home/solhee/irc/install/msgs/share/msgs/local_setup.bash
[3.609s] -- Symlinking: /home/solhee/irc/install/msgs/share/msgs/local_setup.sh
[3.615s] -- Symlinking: /home/solhee/irc/install/msgs/share/msgs/local_setup.zsh
[3.620s] -- Symlinking: /home/solhee/irc/install/msgs/share/msgs/local_setup.dsv
[3.625s] -- Symlinking: /home/solhee/irc/install/msgs/share/msgs/package.dsv
[3.631s] -- Symlinking: /home/solhee/irc/install/msgs/share/ament_index/resource_index/packages/msgs
[3.636s] -- Symlinking: /home/solhee/irc/install/msgs/share/msgs/cmake/rosidl_cmake-extras.cmake
[3.640s] -- Symlinking: /home/solhee/irc/install/msgs/share/msgs/cmake/ament_cmake_export_dependencies-extras.cmake
[3.645s] -- Symlinking: /home/solhee/irc/install/msgs/share/msgs/cmake/ament_cmake_export_include_directories-extras.cmake
[3.651s] -- Symlinking: /home/solhee/irc/install/msgs/share/msgs/cmake/ament_cmake_export_libraries-extras.cmake
[3.655s] -- Symlinking: /home/solhee/irc/install/msgs/share/msgs/cmake/ament_cmake_export_targets-extras.cmake
[3.660s] -- Symlinking: /home/solhee/irc/install/msgs/share/msgs/cmake/rosidl_cmake_export_typesupport_targets-extras.cmake
[3.665s] -- Symlinking: /home/solhee/irc/install/msgs/share/msgs/cmake/rosidl_cmake_export_typesupport_libraries-extras.cmake
[3.670s] -- Symlinking: /home/solhee/irc/install/msgs/share/msgs/cmake/msgsConfig.cmake
[3.675s] -- Symlinking: /home/solhee/irc/install/msgs/share/msgs/cmake/msgsConfig-version.cmake
[3.680s] -- Symlinking: /home/solhee/irc/install/msgs/share/msgs/package.xml
[3.685s] -- Installing: /home/solhee/irc/install/msgs/lib/libmsgs__rosidl_generator_c.so
[3.685s] -- Set runtime path of "/home/solhee/irc/install/msgs/lib/libmsgs__rosidl_generator_c.so" to ""
[3.685s] -- Installing: /home/solhee/irc/install/msgs/lib/libmsgs__rosidl_typesupport_fastrtps_c.so
[3.685s] -- Set runtime path of "/home/solhee/irc/install/msgs/lib/libmsgs__rosidl_typesupport_fastrtps_c.so" to ""
[3.685s] -- Installing: /home/solhee/irc/install/msgs/lib/libmsgs__rosidl_typesupport_introspection_c.so
[3.685s] -- Set runtime path of "/home/solhee/irc/install/msgs/lib/libmsgs__rosidl_typesupport_introspection_c.so" to ""
[3.685s] -- Installing: /home/solhee/irc/install/msgs/lib/libmsgs__rosidl_typesupport_c.so
[3.685s] -- Set runtime path of "/home/solhee/irc/install/msgs/lib/libmsgs__rosidl_typesupport_c.so" to ""
[3.685s] -- Installing: /home/solhee/irc/install/msgs/lib/libmsgs__rosidl_typesupport_fastrtps_cpp.so
[3.685s] -- Set runtime path of "/home/solhee/irc/install/msgs/lib/libmsgs__rosidl_typesupport_fastrtps_cpp.so" to ""
[3.686s] -- Installing: /home/solhee/irc/install/msgs/lib/libmsgs__rosidl_typesupport_introspection_cpp.so
[3.686s] -- Set runtime path of "/home/solhee/irc/install/msgs/lib/libmsgs__rosidl_typesupport_introspection_cpp.so" to ""
[3.686s] -- Installing: /home/solhee/irc/install/msgs/lib/libmsgs__rosidl_typesupport_cpp.so
[3.686s] -- Set runtime path of "/home/solhee/irc/install/msgs/lib/libmsgs__rosidl_typesupport_cpp.so" to ""
[3.713s] Listing '/home/solhee/irc/install/msgs/local/lib/python3.10/dist-packages/msgs'...
[3.713s] Compiling '/home/solhee/irc/install/msgs/local/lib/python3.10/dist-packages/msgs/__init__.py'...
[3.713s] Listing '/home/solhee/irc/install/msgs/local/lib/python3.10/dist-packages/msgs/msg'...
[3.714s] Compiling '/home/solhee/irc/install/msgs/local/lib/python3.10/dist-packages/msgs/msg/__init__.py'...
[3.714s] Compiling '/home/solhee/irc/install/msgs/local/lib/python3.10/dist-packages/msgs/msg/_ball_result.py'...
[3.714s] Compiling '/home/solhee/irc/install/msgs/local/lib/python3.10/dist-packages/msgs/msg/_hurdle_result.py'...
[3.714s] Compiling '/home/solhee/irc/install/msgs/local/lib/python3.10/dist-packages/msgs/msg/_line_result.py'...
[3.714s] Compiling '/home/solhee/irc/install/msgs/local/lib/python3.10/dist-packages/msgs/msg/_motion_command.py'...
[3.714s] Compiling '/home/solhee/irc/install/msgs/local/lib/python3.10/dist-packages/msgs/msg/_motion_end.py'...
[3.716s] -- Installing: /home/solhee/irc/install/msgs/lib/libmsgs__rosidl_generator_py.so
[3.717s] -- Set runtime path of "/home/solhee/irc/install/msgs/lib/libmsgs__rosidl_generator_py.so" to ""
[3.717s] -- Installing: /home/solhee/irc/install/msgs/share/msgs/cmake/export_msgs__rosidl_generator_cExport.cmake
[3.717s] -- Installing: /home/solhee/irc/install/msgs/share/msgs/cmake/export_msgs__rosidl_generator_cExport-noconfig.cmake
[3.717s] -- Installing: /home/solhee/irc/install/msgs/share/msgs/cmake/export_msgs__rosidl_typesupport_fastrtps_cExport.cmake
[3.717s] -- Installing: /home/solhee/irc/install/msgs/share/msgs/cmake/export_msgs__rosidl_typesupport_fastrtps_cExport-noconfig.cmake
[3.717s] -- Installing: /home/solhee/irc/install/msgs/share/msgs/cmake/msgs__rosidl_typesupport_introspection_cExport.cmake
[3.717s] -- Installing: /home/solhee/irc/install/msgs/share/msgs/cmake/msgs__rosidl_typesupport_introspection_cExport-noconfig.cmake
[3.717s] -- Installing: /home/solhee/irc/install/msgs/share/msgs/cmake/msgs__rosidl_typesupport_cExport.cmake
[3.717s] -- Installing: /home/solhee/irc/install/msgs/share/msgs/cmake/msgs__rosidl_typesupport_cExport-noconfig.cmake
[3.717s] -- Installing: /home/solhee/irc/install/msgs/share/msgs/cmake/export_msgs__rosidl_generator_cppExport.cmake
[3.717s] -- Installing: /home/solhee/irc/install/msgs/share/msgs/cmake/export_msgs__rosidl_typesupport_fastrtps_cppExport.cmake
[3.717s] -- Installing: /home/solhee/irc/install/msgs/share/msgs/cmake/export_msgs__rosidl_typesupport_fastrtps_cppExport-noconfig.cmake
[3.717s] -- Installing: /home/solhee/irc/install/msgs/share/msgs/cmake/msgs__rosidl_typesupport_introspection_cppExport.cmake
[3.717s] -- Installing: /home/solhee/irc/install/msgs/share/msgs/cmake/msgs__rosidl_typesupport_introspection_cppExport-noconfig.cmake
[3.717s] -- Installing: /home/solhee/irc/install/msgs/share/msgs/cmake/msgs__rosidl_typesupport_cppExport.cmake
[3.717s] -- Installing: /home/solhee/irc/install/msgs/share/msgs/cmake/msgs__rosidl_typesupport_cppExport-noconfig.cmake
[3.717s] -- Installing: /home/solhee/irc/install/msgs/share/msgs/cmake/export_msgs__rosidl_generator_pyExport.cmake
[3.718s] -- Installing: /home/solhee/irc/install/msgs/share/msgs/cmake/export_msgs__rosidl_generator_pyExport-noconfig.cmake
[3.719s] Invoked command in '/home/solhee/irc/build/msgs' returned '0': CMAKE_PREFIX_PATH=${CMAKE_PREFIX_PATH}:/home/solhee/irc/install/robot_bringup:/home/solhee/irc/install/decision:/home/solhee/ros2_study/install/sol_package:/home/solhee/ros2_study/install/sol_line_track:/home/solhee/ros2_study/install/rnd:/home/solhee/ros2_study/install/my_first_package:/opt/ros/humble /usr/bin/cmake --install /home/solhee/irc/build/msgs
