[0.063s] DEBUG:colcon:Command line arguments: ['/usr/bin/colcon', 'build', '--packages-select', 'msgs', 'vision', 'robot_bringup', '--symlink-install']
[0.063s] DEBUG:colcon:Parsed command line arguments: Namespace(log_base=None, log_level=None, verb_name='build', build_base='build', install_base='install', merge_install=False, symlink_install=True, test_result_base=None, continue_on_error=False, executor='parallel', parallel_workers=12, event_handlers=None, ignore_user_meta=False, metas=['./colcon.meta'], base_paths=['.'], packages_ignore=None, packages_ignore_regex=None, paths=None, packages_up_to=None, packages_up_to_regex=None, packages_above=None, packages_above_and_dependencies=None, packages_above_depth=None, packages_select_by_dep=None, packages_skip_by_dep=None, packages_skip_up_to=None, packages_select_build_failed=False, packages_skip_build_finished=False, packages_select_test_failures=False, packages_skip_test_passed=False, packages_select=['msgs', 'vision', 'robot_bringup'], packages_skip=None, packages_select_regex=None, packages_skip_regex=None, packages_start=None, packages_end=None, allow_overriding=[], cmake_args=None, cmake_target=None, cmake_target_skip_unavailable=False, cmake_clean_cache=False, cmake_clean_first=False, cmake_force_configure=False, ament_cmake_args=None, catkin_cmake_args=None, catkin_skip_building_tests=False, verb_parser=<colcon_defaults.argument_parser.defaults.DefaultArgumentsDecorator object at 0x77a7aba909d0>, verb_extension=<colcon_core.verb.build.BuildVerb object at 0x77a7aba904c0>, main=<bound method BuildVerb.main of <colcon_core.verb.build.BuildVerb object at 0x77a7aba904c0>>)
[0.086s] Level 1:colcon.colcon_core.package_discovery:discover_packages(colcon_meta) check parameters
[0.086s] Level 1:colcon.colcon_core.package_discovery:discover_packages(recursive) check parameters
[0.087s] Level 1:colcon.colcon_core.package_discovery:discover_packages(ignore) check parameters
[0.087s] Level 1:colcon.colcon_core.package_discovery:discover_packages(path) check parameters
[0.087s] Level 1:colcon.colcon_core.package_discovery:discover_packages(colcon_meta) discover
[0.087s] Level 1:colcon.colcon_core.package_discovery:discover_packages(recursive) discover
[0.087s] INFO:colcon.colcon_core.package_discovery:Crawling recursively for packages in '/home/solhee/irc'
[0.087s] Level 1:colcon.colcon_core.package_identification:_identify(.) by extensions ['ignore', 'ignore_ament_install']
[0.087s] Level 1:colcon.colcon_core.package_identification:_identify(.) by extension 'ignore'
[0.087s] Level 1:colcon.colcon_core.package_identification:_identify(.) by extension 'ignore_ament_install'
[0.087s] Level 1:colcon.colcon_core.package_identification:_identify(.) by extensions ['colcon_pkg']
[0.087s] Level 1:colcon.colcon_core.package_identification:_identify(.) by extension 'colcon_pkg'
[0.087s] Level 1:colcon.colcon_core.package_identification:_identify(.) by extensions ['colcon_meta']
[0.087s] Level 1:colcon.colcon_core.package_identification:_identify(.) by extension 'colcon_meta'
[0.087s] Level 1:colcon.colcon_core.package_identification:_identify(.) by extensions ['ros']
[0.087s] Level 1:colcon.colcon_core.package_identification:_identify(.) by extension 'ros'
[0.105s] Level 1:colcon.colcon_core.package_identification:_identify(.) by extensions ['cmake', 'python']
[0.105s] Level 1:colcon.colcon_core.package_identification:_identify(.) by extension 'cmake'
[0.105s] Level 1:colcon.colcon_core.package_identification:_identify(.) by extension 'python'
[0.105s] Level 1:colcon.colcon_core.package_identification:_identify(.) by extensions ['python_setup_py']
[0.106s] Level 1:colcon.colcon_core.package_identification:_identify(.) by extension 'python_setup_py'
[0.106s] Level 1:colcon.colcon_core.package_identification:_identify(build) by extensions ['ignore', 'ignore_ament_install']
[0.106s] Level 1:colcon.colcon_core.package_identification:_identify(build) by extension 'ignore'
[0.106s] Level 1:colcon.colcon_core.package_identification:_identify(build) ignored
[0.106s] Level 1:colcon.colcon_core.package_identification:_identify(install) by extensions ['ignore', 'ignore_ament_install']
[0.106s] Level 1:colcon.colcon_core.package_identification:_identify(install) by extension 'ignore'
[0.106s] Level 1:colcon.colcon_core.package_identification:_identify(install) ignored
[0.106s] Level 1:colcon.colcon_core.package_identification:_identify(log) by extensions ['ignore', 'ignore_ament_install']
[0.106s] Level 1:colcon.colcon_core.package_identification:_identify(log) by extension 'ignore'
[0.106s] Level 1:colcon.colcon_core.package_identification:_identify(log) ignored
[0.106s] Level 1:colcon.colcon_core.package_identification:_identify(src) by extensions ['ignore', 'ignore_ament_install']
[0.106s] Level 1:colcon.colcon_core.package_identification:_identify(src) by extension 'ignore'
[0.106s] Level 1:colcon.colcon_core.package_identification:_identify(src) by extension 'ignore_ament_install'
[0.106s] Level 1:colcon.colcon_core.package_identification:_identify(src) by extensions ['colcon_pkg']
[0.106s] Level 1:colcon.colcon_core.package_identification:_identify(src) by extension 'colcon_pkg'
[0.106s] Level 1:colcon.colcon_core.package_identification:_identify(src) by extensions ['colcon_meta']
[0.106s] Level 1:colcon.colcon_core.package_identification:_identify(src) by extension 'colcon_meta'
[0.106s] Level 1:colcon.colcon_core.package_identification:_identify(src) by extensions ['ros']
[0.106s] Level 1:colcon.colcon_core.package_identification:_identify(src) by extension 'ros'
[0.107s] Level 1:colcon.colcon_core.package_identification:_identify(src) by extensions ['cmake', 'python']
[0.107s] Level 1:colcon.colcon_core.package_identification:_identify(src) by extension 'cmake'
[0.107s] Level 1:colcon.colcon_core.package_identification:_identify(src) by extension 'python'
[0.107s] Level 1:colcon.colcon_core.package_identification:_identify(src) by extensions ['python_setup_py']
[0.107s] Level 1:colcon.colcon_core.package_identification:_identify(src) by extension 'python_setup_py'
[0.107s] Level 1:colcon.colcon_core.package_identification:_identify(src/DynamixelSDK) by extensions ['ignore', 'ignore_ament_install']
[0.107s] Level 1:colcon.colcon_core.package_identification:_identify(src/DynamixelSDK) by extension 'ignore'
[0.107s] Level 1:colcon.colcon_core.package_identification:_identify(src/DynamixelSDK) by extension 'ignore_ament_install'
[0.107s] Level 1:colcon.colcon_core.package_identification:_identify(src/DynamixelSDK) by extensions ['colcon_pkg']
[0.107s] Level 1:colcon.colcon_core.package_identification:_identify(src/DynamixelSDK) by extension 'colcon_pkg'
[0.107s] Level 1:colcon.colcon_core.package_identification:_identify(src/DynamixelSDK) by extensions ['colcon_meta']
[0.107s] Level 1:colcon.colcon_core.package_identification:_identify(src/DynamixelSDK) by extension 'colcon_meta'
[0.107s] Level 1:colcon.colcon_core.package_identification:_identify(src/DynamixelSDK) by extensions ['ros']
[0.107s] Level 1:colcon.colcon_core.package_identification:_identify(src/DynamixelSDK) by extension 'ros'
[0.107s] Level 1:colcon.colcon_core.package_identification:_identify(src/DynamixelSDK) by extensions ['cmake', 'python']
[0.107s] Level 1:colcon.colcon_core.package_identification:_identify(src/DynamixelSDK) by extension 'cmake'
[0.107s] Level 1:colcon.colcon_core.package_identification:_identify(src/DynamixelSDK) by extension 'python'
[0.107s] Level 1:colcon.colcon_core.package_identification:_identify(src/DynamixelSDK) by extensions ['python_setup_py']
[0.107s] Level 1:colcon.colcon_core.package_identification:_identify(src/DynamixelSDK) by extension 'python_setup_py'
[0.107s] Level 1:colcon.colcon_core.package_identification:_identify(src/decision) by extensions ['ignore', 'ignore_ament_install']
[0.107s] Level 1:colcon.colcon_core.package_identification:_identify(src/decision) by extension 'ignore'
[0.107s] Level 1:colcon.colcon_core.package_identification:_identify(src/decision) by extension 'ignore_ament_install'
[0.107s] Level 1:colcon.colcon_core.package_identification:_identify(src/decision) by extensions ['colcon_pkg']
[0.107s] Level 1:colcon.colcon_core.package_identification:_identify(src/decision) by extension 'colcon_pkg'
[0.107s] Level 1:colcon.colcon_core.package_identification:_identify(src/decision) by extensions ['colcon_meta']
[0.107s] Level 1:colcon.colcon_core.package_identification:_identify(src/decision) by extension 'colcon_meta'
[0.107s] Level 1:colcon.colcon_core.package_identification:_identify(src/decision) by extensions ['ros']
[0.107s] Level 1:colcon.colcon_core.package_identification:_identify(src/decision) by extension 'ros'
[0.109s] DEBUG:colcon.colcon_core.package_identification:Package 'src/decision' with type 'ros.ament_python' and name 'decision'
[0.109s] Level 1:colcon.colcon_core.package_identification:_identify(src/motion) by extensions ['ignore', 'ignore_ament_install']
[0.109s] Level 1:colcon.colcon_core.package_identification:_identify(src/motion) by extension 'ignore'
[0.109s] Level 1:colcon.colcon_core.package_identification:_identify(src/motion) by extension 'ignore_ament_install'
[0.109s] Level 1:colcon.colcon_core.package_identification:_identify(src/motion) by extensions ['colcon_pkg']
[0.109s] Level 1:colcon.colcon_core.package_identification:_identify(src/motion) by extension 'colcon_pkg'
[0.109s] Level 1:colcon.colcon_core.package_identification:_identify(src/motion) by extensions ['colcon_meta']
[0.109s] Level 1:colcon.colcon_core.package_identification:_identify(src/motion) by extension 'colcon_meta'
[0.109s] Level 1:colcon.colcon_core.package_identification:_identify(src/motion) by extensions ['ros']
[0.109s] Level 1:colcon.colcon_core.package_identification:_identify(src/motion) by extension 'ros'
[0.110s] DEBUG:colcon.colcon_core.package_identification:Package 'src/motion' with type 'ros.ament_cmake' and name 'motion'
[0.110s] Level 1:colcon.colcon_core.package_identification:_identify(src/msgs) by extensions ['ignore', 'ignore_ament_install']
[0.110s] Level 1:colcon.colcon_core.package_identification:_identify(src/msgs) by extension 'ignore'
[0.110s] Level 1:colcon.colcon_core.package_identification:_identify(src/msgs) by extension 'ignore_ament_install'
[0.110s] Level 1:colcon.colcon_core.package_identification:_identify(src/msgs) by extensions ['colcon_pkg']
[0.110s] Level 1:colcon.colcon_core.package_identification:_identify(src/msgs) by extension 'colcon_pkg'
[0.110s] Level 1:colcon.colcon_core.package_identification:_identify(src/msgs) by extensions ['colcon_meta']
[0.110s] Level 1:colcon.colcon_core.package_identification:_identify(src/msgs) by extension 'colcon_meta'
[0.110s] Level 1:colcon.colcon_core.package_identification:_identify(src/msgs) by extensions ['ros']
[0.110s] Level 1:colcon.colcon_core.package_identification:_identify(src/msgs) by extension 'ros'
[0.111s] DEBUG:colcon.colcon_core.package_identification:Package 'src/msgs' with type 'ros.ament_cmake' and name 'msgs'
[0.111s] Level 1:colcon.colcon_core.package_identification:_identify(src/robot_bringup) by extensions ['ignore', 'ignore_ament_install']
[0.111s] Level 1:colcon.colcon_core.package_identification:_identify(src/robot_bringup) by extension 'ignore'
[0.111s] Level 1:colcon.colcon_core.package_identification:_identify(src/robot_bringup) by extension 'ignore_ament_install'
[0.111s] Level 1:colcon.colcon_core.package_identification:_identify(src/robot_bringup) by extensions ['colcon_pkg']
[0.111s] Level 1:colcon.colcon_core.package_identification:_identify(src/robot_bringup) by extension 'colcon_pkg'
[0.111s] Level 1:colcon.colcon_core.package_identification:_identify(src/robot_bringup) by extensions ['colcon_meta']
[0.111s] Level 1:colcon.colcon_core.package_identification:_identify(src/robot_bringup) by extension 'colcon_meta'
[0.111s] Level 1:colcon.colcon_core.package_identification:_identify(src/robot_bringup) by extensions ['ros']
[0.111s] Level 1:colcon.colcon_core.package_identification:_identify(src/robot_bringup) by extension 'ros'
[0.111s] DEBUG:colcon.colcon_core.package_identification:Package 'src/robot_bringup' with type 'ros.ament_python' and name 'robot_bringup'
[0.111s] Level 1:colcon.colcon_core.package_identification:_identify(src/vision) by extensions ['ignore', 'ignore_ament_install']
[0.112s] Level 1:colcon.colcon_core.package_identification:_identify(src/vision) by extension 'ignore'
[0.112s] Level 1:colcon.colcon_core.package_identification:_identify(src/vision) by extension 'ignore_ament_install'
[0.112s] Level 1:colcon.colcon_core.package_identification:_identify(src/vision) by extensions ['colcon_pkg']
[0.112s] Level 1:colcon.colcon_core.package_identification:_identify(src/vision) by extension 'colcon_pkg'
[0.112s] Level 1:colcon.colcon_core.package_identification:_identify(src/vision) by extensions ['colcon_meta']
[0.112s] Level 1:colcon.colcon_core.package_identification:_identify(src/vision) by extension 'colcon_meta'
[0.112s] Level 1:colcon.colcon_core.package_identification:_identify(src/vision) by extensions ['ros']
[0.112s] Level 1:colcon.colcon_core.package_identification:_identify(src/vision) by extension 'ros'
[0.112s] DEBUG:colcon.colcon_core.package_identification:Package 'src/vision' with type 'ros.ament_cmake' and name 'vision'
[0.112s] Level 1:colcon.colcon_core.package_discovery:discover_packages(recursive) using defaults
[0.112s] Level 1:colcon.colcon_core.package_discovery:discover_packages(ignore) discover
[0.112s] Level 1:colcon.colcon_core.package_discovery:discover_packages(ignore) using defaults
[0.112s] Level 1:colcon.colcon_core.package_discovery:discover_packages(path) discover
[0.112s] Level 1:colcon.colcon_core.package_discovery:discover_packages(path) using defaults
[0.126s] INFO:colcon.colcon_core.package_selection:Skipping not selected package 'decision' in 'src/decision'
[0.126s] INFO:colcon.colcon_core.package_selection:Skipping not selected package 'motion' in 'src/motion'
[0.126s] Level 1:colcon.colcon_core.package_discovery:discover_packages(prefix_path) check parameters
[0.126s] Level 1:colcon.colcon_core.package_discovery:discover_packages(prefix_path) discover
[0.127s] WARNING:colcon.colcon_ros.prefix_path.catkin:The path '/home/solhee/irc/install/dynamixel_sdk' in the environment variable CMAKE_PREFIX_PATH doesn't exist
[0.127s] DEBUG:colcon.colcon_installed_package_information.package_discovery:Found 5 installed packages in /home/solhee/irc/install
[0.128s] DEBUG:colcon.colcon_installed_package_information.package_discovery:Found 8 installed packages in /home/solhee/ros2_study/install
[0.129s] DEBUG:colcon.colcon_installed_package_information.package_discovery:Found 373 installed packages in /opt/ros/humble
[0.130s] Level 1:colcon.colcon_core.package_discovery:discover_packages(prefix_path) using defaults
[0.161s] Level 5:colcon.colcon_core.verb:set package 'msgs' build argument 'cmake_args' from command line to 'None'
[0.161s] Level 5:colcon.colcon_core.verb:set package 'msgs' build argument 'cmake_target' from command line to 'None'
[0.161s] Level 5:colcon.colcon_core.verb:set package 'msgs' build argument 'cmake_target_skip_unavailable' from command line to 'False'
[0.161s] Level 5:colcon.colcon_core.verb:set package 'msgs' build argument 'cmake_clean_cache' from command line to 'False'
[0.161s] Level 5:colcon.colcon_core.verb:set package 'msgs' build argument 'cmake_clean_first' from command line to 'False'
[0.161s] Level 5:colcon.colcon_core.verb:set package 'msgs' build argument 'cmake_force_configure' from command line to 'False'
[0.161s] Level 5:colcon.colcon_core.verb:set package 'msgs' build argument 'ament_cmake_args' from command line to 'None'
[0.162s] Level 5:colcon.colcon_core.verb:set package 'msgs' build argument 'catkin_cmake_args' from command line to 'None'
[0.162s] Level 5:colcon.colcon_core.verb:set package 'msgs' build argument 'catkin_skip_building_tests' from command line to 'False'
[0.162s] DEBUG:colcon.colcon_core.verb:Building package 'msgs' with the following arguments: {'ament_cmake_args': None, 'build_base': '/home/solhee/irc/build/msgs', 'catkin_cmake_args': None, 'catkin_skip_building_tests': False, 'cmake_args': None, 'cmake_clean_cache': False, 'cmake_clean_first': False, 'cmake_force_configure': False, 'cmake_target': None, 'cmake_target_skip_unavailable': False, 'install_base': '/home/solhee/irc/install/msgs', 'merge_install': False, 'path': '/home/solhee/irc/src/msgs', 'symlink_install': True, 'test_result_base': None}
[0.162s] Level 5:colcon.colcon_core.verb:set package 'vision' build argument 'cmake_args' from command line to 'None'
[0.162s] Level 5:colcon.colcon_core.verb:set package 'vision' build argument 'cmake_target' from command line to 'None'
[0.162s] Level 5:colcon.colcon_core.verb:set package 'vision' build argument 'cmake_target_skip_unavailable' from command line to 'False'
[0.162s] Level 5:colcon.colcon_core.verb:set package 'vision' build argument 'cmake_clean_cache' from command line to 'False'
[0.162s] Level 5:colcon.colcon_core.verb:set package 'vision' build argument 'cmake_clean_first' from command line to 'False'
[0.162s] Level 5:colcon.colcon_core.verb:set package 'vision' build argument 'cmake_force_configure' from command line to 'False'
[0.162s] Level 5:colcon.colcon_core.verb:set package 'vision' build argument 'ament_cmake_args' from command line to 'None'
[0.162s] Level 5:colcon.colcon_core.verb:set package 'vision' build argument 'catkin_cmake_args' from command line to 'None'
[0.162s] Level 5:colcon.colcon_core.verb:set package 'vision' build argument 'catkin_skip_building_tests' from command line to 'False'
[0.162s] DEBUG:colcon.colcon_core.verb:Building package 'vision' with the following arguments: {'ament_cmake_args': None, 'build_base': '/home/solhee/irc/build/vision', 'catkin_cmake_args': None, 'catkin_skip_building_tests': False, 'cmake_args': None, 'cmake_clean_cache': False, 'cmake_clean_first': False, 'cmake_force_configure': False, 'cmake_target': None, 'cmake_target_skip_unavailable': False, 'install_base': '/home/solhee/irc/install/vision', 'merge_install': False, 'path': '/home/solhee/irc/src/vision', 'symlink_install': True, 'test_result_base': None}
[0.162s] Level 5:colcon.colcon_core.verb:set package 'robot_bringup' build argument 'cmake_args' from command line to 'None'
[0.162s] Level 5:colcon.colcon_core.verb:set package 'robot_bringup' build argument 'cmake_target' from command line to 'None'
[0.162s] Level 5:colcon.colcon_core.verb:set package 'robot_bringup' build argument 'cmake_target_skip_unavailable' from command line to 'False'
[0.162s] Level 5:colcon.colcon_core.verb:set package 'robot_bringup' build argument 'cmake_clean_cache' from command line to 'False'
[0.162s] Level 5:colcon.colcon_core.verb:set package 'robot_bringup' build argument 'cmake_clean_first' from command line to 'False'
[0.162s] Level 5:colcon.colcon_core.verb:set package 'robot_bringup' build argument 'cmake_force_configure' from command line to 'False'
[0.162s] Level 5:colcon.colcon_core.verb:set package 'robot_bringup' build argument 'ament_cmake_args' from command line to 'None'
[0.162s] Level 5:colcon.colcon_core.verb:set package 'robot_bringup' build argument 'catkin_cmake_args' from command line to 'None'
[0.162s] Level 5:colcon.colcon_core.verb:set package 'robot_bringup' build argument 'catkin_skip_building_tests' from command line to 'False'
[0.162s] DEBUG:colcon.colcon_core.verb:Building package 'robot_bringup' with the following arguments: {'ament_cmake_args': None, 'build_base': '/home/solhee/irc/build/robot_bringup', 'catkin_cmake_args': None, 'catkin_skip_building_tests': False, 'cmake_args': None, 'cmake_clean_cache': False, 'cmake_clean_first': False, 'cmake_force_configure': False, 'cmake_target': None, 'cmake_target_skip_unavailable': False, 'install_base': '/home/solhee/irc/install/robot_bringup', 'merge_install': False, 'path': '/home/solhee/irc/src/robot_bringup', 'symlink_install': True, 'test_result_base': None}
[0.162s] INFO:colcon.colcon_core.executor:Executing jobs using 'parallel' executor
[0.163s] DEBUG:colcon.colcon_parallel_executor.executor.parallel:run_until_complete
[0.163s] INFO:colcon.colcon_ros.task.ament_cmake.build:Building ROS package in '/home/solhee/irc/src/msgs' with build type 'ament_cmake'
[0.163s] INFO:colcon.colcon_cmake.task.cmake.build:Building CMake package in '/home/solhee/irc/src/msgs'
[0.165s] INFO:colcon.colcon_core.plugin_system:Skipping extension 'colcon_core.shell.bat': Not used on non-Windows systems
[0.165s] INFO:colcon.colcon_core.shell:Skip shell extension 'powershell' for command environment: Not usable outside of PowerShell
[0.165s] DEBUG:colcon.colcon_core.shell:Skip shell extension 'dsv' for command environment
[0.170s] DEBUG:colcon.colcon_core.event_handler.log_command:Invoking command in '/home/solhee/irc/build/msgs': CMAKE_PREFIX_PATH=${CMAKE_PREFIX_PATH}:/home/solhee/irc/install/robot_bringup:/home/solhee/irc/install/decision:/home/solhee/ros2_study/install/sol_package:/home/solhee/ros2_study/install/sol_line_track:/home/solhee/ros2_study/install/rnd:/home/solhee/ros2_study/install/my_first_package:/opt/ros/humble /usr/bin/cmake /home/solhee/irc/src/msgs -DAMENT_CMAKE_SYMLINK_INSTALL=1 -DCMAKE_INSTALL_PREFIX=/home/solhee/irc/install/msgs
[0.949s] DEBUG:colcon.colcon_core.event_handler.log_command:Invoked command in '/home/solhee/irc/build/msgs' returned '0': CMAKE_PREFIX_PATH=${CMAKE_PREFIX_PATH}:/home/solhee/irc/install/robot_bringup:/home/solhee/irc/install/decision:/home/solhee/ros2_study/install/sol_package:/home/solhee/ros2_study/install/sol_line_track:/home/solhee/ros2_study/install/rnd:/home/solhee/ros2_study/install/my_first_package:/opt/ros/humble /usr/bin/cmake /home/solhee/irc/src/msgs -DAMENT_CMAKE_SYMLINK_INSTALL=1 -DCMAKE_INSTALL_PREFIX=/home/solhee/irc/install/msgs
[0.950s] DEBUG:colcon.colcon_core.event_handler.log_command:Invoking command in '/home/solhee/irc/build/msgs': CMAKE_PREFIX_PATH=${CMAKE_PREFIX_PATH}:/home/solhee/irc/install/robot_bringup:/home/solhee/irc/install/decision:/home/solhee/ros2_study/install/sol_package:/home/solhee/ros2_study/install/sol_line_track:/home/solhee/ros2_study/install/rnd:/home/solhee/ros2_study/install/my_first_package:/opt/ros/humble /usr/bin/cmake --build /home/solhee/irc/build/msgs -- -j12 -l12
[1.213s] DEBUG:colcon.colcon_core.event_handler.log_command:Invoked command in '/home/solhee/irc/build/msgs' returned '0': CMAKE_PREFIX_PATH=${CMAKE_PREFIX_PATH}:/home/solhee/irc/install/robot_bringup:/home/solhee/irc/install/decision:/home/solhee/ros2_study/install/sol_package:/home/solhee/ros2_study/install/sol_line_track:/home/solhee/ros2_study/install/rnd:/home/solhee/ros2_study/install/my_first_package:/opt/ros/humble /usr/bin/cmake --build /home/solhee/irc/build/msgs -- -j12 -l12
[1.219s] DEBUG:colcon.colcon_core.event_handler.log_command:Invoking command in '/home/solhee/irc/build/msgs': CMAKE_PREFIX_PATH=${CMAKE_PREFIX_PATH}:/home/solhee/irc/install/robot_bringup:/home/solhee/irc/install/decision:/home/solhee/ros2_study/install/sol_package:/home/solhee/ros2_study/install/sol_line_track:/home/solhee/ros2_study/install/rnd:/home/solhee/ros2_study/install/my_first_package:/opt/ros/humble /usr/bin/cmake --install /home/solhee/irc/build/msgs
[1.272s] Level 1:colcon.colcon_core.environment:create_environment_scripts_only(msgs)
[1.272s] DEBUG:colcon.colcon_core.event_handler.log_command:Invoked command in '/home/solhee/irc/build/msgs' returned '0': CMAKE_PREFIX_PATH=${CMAKE_PREFIX_PATH}:/home/solhee/irc/install/robot_bringup:/home/solhee/irc/install/decision:/home/solhee/ros2_study/install/sol_package:/home/solhee/ros2_study/install/sol_line_track:/home/solhee/ros2_study/install/rnd:/home/solhee/ros2_study/install/my_first_package:/opt/ros/humble /usr/bin/cmake --install /home/solhee/irc/build/msgs
[1.274s] Level 1:colcon.colcon_core.environment:checking '/home/solhee/irc/install/msgs' for CMake module files
[1.275s] Level 1:colcon.colcon_core.environment:checking '/home/solhee/irc/install/msgs' for CMake config files
[1.275s] Level 1:colcon.colcon_core.shell:create_environment_hook('msgs', 'cmake_prefix_path')
[1.275s] INFO:colcon.colcon_core.shell:Creating environment hook '/home/solhee/irc/install/msgs/share/msgs/hook/cmake_prefix_path.ps1'
[1.276s] INFO:colcon.colcon_core.shell:Creating environment descriptor '/home/solhee/irc/install/msgs/share/msgs/hook/cmake_prefix_path.dsv'
[1.276s] INFO:colcon.colcon_core.shell:Creating environment hook '/home/solhee/irc/install/msgs/share/msgs/hook/cmake_prefix_path.sh'
[1.277s] Level 1:colcon.colcon_core.environment:checking '/home/solhee/irc/install/msgs/lib'
[1.277s] Level 1:colcon.colcon_core.shell:create_environment_hook('msgs', 'ld_library_path_lib')
[1.277s] INFO:colcon.colcon_core.shell:Creating environment hook '/home/solhee/irc/install/msgs/share/msgs/hook/ld_library_path_lib.ps1'
[1.278s] INFO:colcon.colcon_core.shell:Creating environment descriptor '/home/solhee/irc/install/msgs/share/msgs/hook/ld_library_path_lib.dsv'
[1.278s] INFO:colcon.colcon_core.shell:Creating environment hook '/home/solhee/irc/install/msgs/share/msgs/hook/ld_library_path_lib.sh'
[1.278s] Level 1:colcon.colcon_core.environment:checking '/home/solhee/irc/install/msgs/bin'
[1.278s] Level 1:colcon.colcon_core.environment:checking '/home/solhee/irc/install/msgs/lib/pkgconfig/msgs.pc'
[1.278s] Level 1:colcon.colcon_core.environment:checking '/home/solhee/irc/install/msgs/lib/python3.10/site-packages'
[1.279s] Level 1:colcon.colcon_core.environment:checking '/home/solhee/irc/install/msgs/bin'
[1.279s] INFO:colcon.colcon_core.shell:Creating package script '/home/solhee/irc/install/msgs/share/msgs/package.ps1'
[1.280s] INFO:colcon.colcon_core.shell:Creating package descriptor '/home/solhee/irc/install/msgs/share/msgs/package.dsv'
[1.280s] INFO:colcon.colcon_core.shell:Creating package script '/home/solhee/irc/install/msgs/share/msgs/package.sh'
[1.280s] INFO:colcon.colcon_core.shell:Creating package script '/home/solhee/irc/install/msgs/share/msgs/package.bash'
[1.281s] INFO:colcon.colcon_core.shell:Creating package script '/home/solhee/irc/install/msgs/share/msgs/package.zsh'
[1.281s] Level 1:colcon.colcon_core.environment:create_file_with_runtime_dependencies(/home/solhee/irc/install/msgs/share/colcon-core/packages/msgs)
[1.282s] Level 1:colcon.colcon_core.environment:create_environment_scripts_only(msgs)
[1.282s] Level 1:colcon.colcon_core.environment:checking '/home/solhee/irc/install/msgs' for CMake module files
[1.282s] Level 1:colcon.colcon_core.environment:checking '/home/solhee/irc/install/msgs' for CMake config files
[1.283s] Level 1:colcon.colcon_core.shell:create_environment_hook('msgs', 'cmake_prefix_path')
[1.283s] INFO:colcon.colcon_core.shell:Creating environment hook '/home/solhee/irc/install/msgs/share/msgs/hook/cmake_prefix_path.ps1'
[1.283s] INFO:colcon.colcon_core.shell:Creating environment descriptor '/home/solhee/irc/install/msgs/share/msgs/hook/cmake_prefix_path.dsv'
[1.284s] INFO:colcon.colcon_core.shell:Creating environment hook '/home/solhee/irc/install/msgs/share/msgs/hook/cmake_prefix_path.sh'
[1.284s] Level 1:colcon.colcon_core.environment:checking '/home/solhee/irc/install/msgs/lib'
[1.284s] Level 1:colcon.colcon_core.shell:create_environment_hook('msgs', 'ld_library_path_lib')
[1.284s] INFO:colcon.colcon_core.shell:Creating environment hook '/home/solhee/irc/install/msgs/share/msgs/hook/ld_library_path_lib.ps1'
[1.285s] INFO:colcon.colcon_core.shell:Creating environment descriptor '/home/solhee/irc/install/msgs/share/msgs/hook/ld_library_path_lib.dsv'
[1.285s] INFO:colcon.colcon_core.shell:Creating environment hook '/home/solhee/irc/install/msgs/share/msgs/hook/ld_library_path_lib.sh'
[1.285s] Level 1:colcon.colcon_core.environment:checking '/home/solhee/irc/install/msgs/bin'
[1.285s] Level 1:colcon.colcon_core.environment:checking '/home/solhee/irc/install/msgs/lib/pkgconfig/msgs.pc'
[1.285s] Level 1:colcon.colcon_core.environment:checking '/home/solhee/irc/install/msgs/lib/python3.10/site-packages'
[1.286s] Level 1:colcon.colcon_core.environment:checking '/home/solhee/irc/install/msgs/bin'
[1.286s] INFO:colcon.colcon_core.shell:Creating package script '/home/solhee/irc/install/msgs/share/msgs/package.ps1'
[1.286s] INFO:colcon.colcon_core.shell:Creating package descriptor '/home/solhee/irc/install/msgs/share/msgs/package.dsv'
[1.287s] INFO:colcon.colcon_core.shell:Creating package script '/home/solhee/irc/install/msgs/share/msgs/package.sh'
[1.287s] INFO:colcon.colcon_core.shell:Creating package script '/home/solhee/irc/install/msgs/share/msgs/package.bash'
[1.288s] INFO:colcon.colcon_core.shell:Creating package script '/home/solhee/irc/install/msgs/share/msgs/package.zsh'
[1.288s] Level 1:colcon.colcon_core.environment:create_file_with_runtime_dependencies(/home/solhee/irc/install/msgs/share/colcon-core/packages/msgs)
[1.288s] INFO:colcon.colcon_ros.task.ament_cmake.build:Building ROS package in '/home/solhee/irc/src/vision' with build type 'ament_cmake'
[1.288s] INFO:colcon.colcon_cmake.task.cmake.build:Building CMake package in '/home/solhee/irc/src/vision'
[1.289s] INFO:colcon.colcon_core.shell:Skip shell extension 'powershell' for command environment: Not usable outside of PowerShell
[1.289s] DEBUG:colcon.colcon_core.shell:Skip shell extension 'dsv' for command environment
[1.296s] DEBUG:colcon.colcon_core.event_handler.log_command:Invoking command in '/home/solhee/irc/build/vision': CMAKE_PREFIX_PATH=/home/solhee/irc/install/msgs:/home/solhee/irc/install/vision:/home/solhee/irc/install/dynamixel_sdk:/home/solhee/ros2_study/install/realsense2_description:/home/solhee/ros2_study/install/realsense2_camera:/home/solhee/ros2_study/install/realsense2_camera_msgs:/home/solhee/ros2_study/install/my_first_package_msgs:/home/solhee/irc/install/robot_bringup:/home/solhee/irc/install/decision:/home/solhee/ros2_study/install/sol_package:/home/solhee/ros2_study/install/sol_line_track:/home/solhee/ros2_study/install/rnd:/home/solhee/ros2_study/install/my_first_package:/opt/ros/humble /usr/bin/cmake /home/solhee/irc/src/vision -DAMENT_CMAKE_SYMLINK_INSTALL=1 -DCMAKE_INSTALL_PREFIX=/home/solhee/irc/install/vision
[1.647s] DEBUG:colcon.colcon_core.event_handler.log_command:Invoked command in '/home/solhee/irc/build/vision' returned '0': CMAKE_PREFIX_PATH=/home/solhee/irc/install/msgs:/home/solhee/irc/install/vision:/home/solhee/irc/install/dynamixel_sdk:/home/solhee/ros2_study/install/realsense2_description:/home/solhee/ros2_study/install/realsense2_camera:/home/solhee/ros2_study/install/realsense2_camera_msgs:/home/solhee/ros2_study/install/my_first_package_msgs:/home/solhee/irc/install/robot_bringup:/home/solhee/irc/install/decision:/home/solhee/ros2_study/install/sol_package:/home/solhee/ros2_study/install/sol_line_track:/home/solhee/ros2_study/install/rnd:/home/solhee/ros2_study/install/my_first_package:/opt/ros/humble /usr/bin/cmake /home/solhee/irc/src/vision -DAMENT_CMAKE_SYMLINK_INSTALL=1 -DCMAKE_INSTALL_PREFIX=/home/solhee/irc/install/vision
[1.648s] DEBUG:colcon.colcon_core.event_handler.log_command:Invoking command in '/home/solhee/irc/build/vision': CMAKE_PREFIX_PATH=/home/solhee/irc/install/msgs:/home/solhee/irc/install/vision:/home/solhee/irc/install/dynamixel_sdk:/home/solhee/ros2_study/install/realsense2_description:/home/solhee/ros2_study/install/realsense2_camera:/home/solhee/ros2_study/install/realsense2_camera_msgs:/home/solhee/ros2_study/install/my_first_package_msgs:/home/solhee/irc/install/robot_bringup:/home/solhee/irc/install/decision:/home/solhee/ros2_study/install/sol_package:/home/solhee/ros2_study/install/sol_line_track:/home/solhee/ros2_study/install/rnd:/home/solhee/ros2_study/install/my_first_package:/opt/ros/humble /usr/bin/cmake --build /home/solhee/irc/build/vision -- -j12 -l12
[1.676s] DEBUG:colcon.colcon_core.event_handler.log_command:Invoked command in '/home/solhee/irc/build/vision' returned '0': CMAKE_PREFIX_PATH=/home/solhee/irc/install/msgs:/home/solhee/irc/install/vision:/home/solhee/irc/install/dynamixel_sdk:/home/solhee/ros2_study/install/realsense2_description:/home/solhee/ros2_study/install/realsense2_camera:/home/solhee/ros2_study/install/realsense2_camera_msgs:/home/solhee/ros2_study/install/my_first_package_msgs:/home/solhee/irc/install/robot_bringup:/home/solhee/irc/install/decision:/home/solhee/ros2_study/install/sol_package:/home/solhee/ros2_study/install/sol_line_track:/home/solhee/ros2_study/install/rnd:/home/solhee/ros2_study/install/my_first_package:/opt/ros/humble /usr/bin/cmake --build /home/solhee/irc/build/vision -- -j12 -l12
[1.677s] DEBUG:colcon.colcon_core.event_handler.log_command:Invoking command in '/home/solhee/irc/build/vision': CMAKE_PREFIX_PATH=/home/solhee/irc/install/msgs:/home/solhee/irc/install/vision:/home/solhee/irc/install/dynamixel_sdk:/home/solhee/ros2_study/install/realsense2_description:/home/solhee/ros2_study/install/realsense2_camera:/home/solhee/ros2_study/install/realsense2_camera_msgs:/home/solhee/ros2_study/install/my_first_package_msgs:/home/solhee/irc/install/robot_bringup:/home/solhee/irc/install/decision:/home/solhee/ros2_study/install/sol_package:/home/solhee/ros2_study/install/sol_line_track:/home/solhee/ros2_study/install/rnd:/home/solhee/ros2_study/install/my_first_package:/opt/ros/humble /usr/bin/cmake --install /home/solhee/irc/build/vision
[1.708s] Level 1:colcon.colcon_core.environment:create_environment_scripts_only(vision)
[1.708s] Level 1:colcon.colcon_core.environment:checking '/home/solhee/irc/install/vision' for CMake module files
[1.708s] DEBUG:colcon.colcon_core.event_handler.log_command:Invoked command in '/home/solhee/irc/build/vision' returned '0': CMAKE_PREFIX_PATH=/home/solhee/irc/install/msgs:/home/solhee/irc/install/vision:/home/solhee/irc/install/dynamixel_sdk:/home/solhee/ros2_study/install/realsense2_description:/home/solhee/ros2_study/install/realsense2_camera:/home/solhee/ros2_study/install/realsense2_camera_msgs:/home/solhee/ros2_study/install/my_first_package_msgs:/home/solhee/irc/install/robot_bringup:/home/solhee/irc/install/decision:/home/solhee/ros2_study/install/sol_package:/home/solhee/ros2_study/install/sol_line_track:/home/solhee/ros2_study/install/rnd:/home/solhee/ros2_study/install/my_first_package:/opt/ros/humble /usr/bin/cmake --install /home/solhee/irc/build/vision
[1.709s] Level 1:colcon.colcon_core.environment:checking '/home/solhee/irc/install/vision' for CMake config files
[1.709s] Level 1:colcon.colcon_core.shell:create_environment_hook('vision', 'cmake_prefix_path')
[1.709s] INFO:colcon.colcon_core.shell:Creating environment hook '/home/solhee/irc/install/vision/share/vision/hook/cmake_prefix_path.ps1'
[1.709s] INFO:colcon.colcon_core.shell:Creating environment descriptor '/home/solhee/irc/install/vision/share/vision/hook/cmake_prefix_path.dsv'
[1.710s] INFO:colcon.colcon_core.shell:Creating environment hook '/home/solhee/irc/install/vision/share/vision/hook/cmake_prefix_path.sh'
[1.710s] Level 1:colcon.colcon_core.environment:checking '/home/solhee/irc/install/vision/lib'
[1.710s] Level 1:colcon.colcon_core.environment:checking '/home/solhee/irc/install/vision/bin'
[1.710s] Level 1:colcon.colcon_core.environment:checking '/home/solhee/irc/install/vision/lib/pkgconfig/vision.pc'
[1.710s] Level 1:colcon.colcon_core.environment:checking '/home/solhee/irc/install/vision/lib/python3.10/site-packages'
[1.711s] Level 1:colcon.colcon_core.environment:checking '/home/solhee/irc/install/vision/bin'
[1.711s] INFO:colcon.colcon_core.shell:Creating package script '/home/solhee/irc/install/vision/share/vision/package.ps1'
[1.711s] INFO:colcon.colcon_core.shell:Creating package descriptor '/home/solhee/irc/install/vision/share/vision/package.dsv'
[1.712s] INFO:colcon.colcon_core.shell:Creating package script '/home/solhee/irc/install/vision/share/vision/package.sh'
[1.712s] INFO:colcon.colcon_core.shell:Creating package script '/home/solhee/irc/install/vision/share/vision/package.bash'
[1.713s] INFO:colcon.colcon_core.shell:Creating package script '/home/solhee/irc/install/vision/share/vision/package.zsh'
[1.713s] Level 1:colcon.colcon_core.environment:create_file_with_runtime_dependencies(/home/solhee/irc/install/vision/share/colcon-core/packages/vision)
[1.713s] Level 1:colcon.colcon_core.environment:create_environment_scripts_only(vision)
[1.714s] Level 1:colcon.colcon_core.environment:checking '/home/solhee/irc/install/vision' for CMake module files
[1.714s] Level 1:colcon.colcon_core.environment:checking '/home/solhee/irc/install/vision' for CMake config files
[1.714s] Level 1:colcon.colcon_core.shell:create_environment_hook('vision', 'cmake_prefix_path')
[1.714s] INFO:colcon.colcon_core.shell:Creating environment hook '/home/solhee/irc/install/vision/share/vision/hook/cmake_prefix_path.ps1'
[1.715s] INFO:colcon.colcon_core.shell:Creating environment descriptor '/home/solhee/irc/install/vision/share/vision/hook/cmake_prefix_path.dsv'
[1.715s] INFO:colcon.colcon_core.shell:Creating environment hook '/home/solhee/irc/install/vision/share/vision/hook/cmake_prefix_path.sh'
[1.716s] Level 1:colcon.colcon_core.environment:checking '/home/solhee/irc/install/vision/lib'
[1.716s] Level 1:colcon.colcon_core.environment:checking '/home/solhee/irc/install/vision/bin'
[1.716s] Level 1:colcon.colcon_core.environment:checking '/home/solhee/irc/install/vision/lib/pkgconfig/vision.pc'
[1.716s] Level 1:colcon.colcon_core.environment:checking '/home/solhee/irc/install/vision/lib/python3.10/site-packages'
[1.717s] Level 1:colcon.colcon_core.environment:checking '/home/solhee/irc/install/vision/bin'
[1.717s] INFO:colcon.colcon_core.shell:Creating package script '/home/solhee/irc/install/vision/share/vision/package.ps1'
[1.717s] INFO:colcon.colcon_core.shell:Creating package descriptor '/home/solhee/irc/install/vision/share/vision/package.dsv'
[1.718s] INFO:colcon.colcon_core.shell:Creating package script '/home/solhee/irc/install/vision/share/vision/package.sh'
[1.718s] INFO:colcon.colcon_core.shell:Creating package script '/home/solhee/irc/install/vision/share/vision/package.bash'
[1.719s] INFO:colcon.colcon_core.shell:Creating package script '/home/solhee/irc/install/vision/share/vision/package.zsh'
[1.719s] Level 1:colcon.colcon_core.environment:create_file_with_runtime_dependencies(/home/solhee/irc/install/vision/share/colcon-core/packages/vision)
[1.719s] INFO:colcon.colcon_ros.task.ament_python.build:Building ROS package in '/home/solhee/irc/src/robot_bringup' with build type 'ament_python'
[1.719s] Level 1:colcon.colcon_core.shell:create_environment_hook('robot_bringup', 'ament_prefix_path')
[1.720s] INFO:colcon.colcon_core.shell:Creating environment hook '/home/solhee/irc/install/robot_bringup/share/robot_bringup/hook/ament_prefix_path.ps1'
[1.720s] INFO:colcon.colcon_core.shell:Creating environment descriptor '/home/solhee/irc/install/robot_bringup/share/robot_bringup/hook/ament_prefix_path.dsv'
[1.721s] INFO:colcon.colcon_core.shell:Creating environment hook '/home/solhee/irc/install/robot_bringup/share/robot_bringup/hook/ament_prefix_path.sh'
[1.721s] INFO:colcon.colcon_core.shell:Skip shell extension 'powershell' for command environment: Not usable outside of PowerShell
[1.722s] DEBUG:colcon.colcon_core.shell:Skip shell extension 'dsv' for command environment
[1.860s] INFO:colcon.colcon_core.task.python.build:Building Python package in '/home/solhee/irc/src/robot_bringup'
[1.860s] INFO:colcon.colcon_core.shell:Skip shell extension 'powershell' for command environment: Not usable outside of PowerShell
[1.860s] DEBUG:colcon.colcon_core.shell:Skip shell extension 'dsv' for command environment
[32.000s] DEBUG:colcon.colcon_core.task.python.build:While undoing a previous installation files outside the Python library path are being ignored: /home/solhee/irc/install/robot_bringup/share/ament_index/resource_index/packages/robot_bringup
[32.000s] DEBUG:colcon.colcon_core.task.python.build:While undoing a previous installation files outside the Python library path are being ignored: /home/solhee/irc/install/robot_bringup/share/robot_bringup/package.xml
[32.000s] DEBUG:colcon.colcon_core.task.python.build:While undoing a previous installation files outside the Python library path are being ignored: /home/solhee/irc/install/robot_bringup/share/robot_bringup/launch/robot_bringup.py
[32.000s] DEBUG:colcon.colcon_core.task.python.build:While undoing a previous installation files outside the Python library path are being ignored: /home/solhee/irc/install/robot_bringup/lib/robot_bringup/robot_bringup
[32.001s] DEBUG:colcon.colcon_core.event_handler.log_command:Invoking command in '/home/solhee/irc/build/robot_bringup': AMENT_PREFIX_PATH=/home/solhee/irc/install/decision:/home/solhee/irc/install/vision:/home/solhee/irc/install/robot_bringup:/home/solhee/irc/install/msgs:/home/solhee/ros2_study/install/sol_package:/home/solhee/ros2_study/install/sol_line_track:/home/solhee/ros2_study/install/rnd:/home/solhee/ros2_study/install/realsense2_description:/home/solhee/ros2_study/install/realsense2_camera:/home/solhee/ros2_study/install/realsense2_camera_msgs:/home/solhee/ros2_study/install/my_first_package_msgs:/home/solhee/ros2_study/install/my_first_package:/opt/ros/humble PYTHONPATH=/home/solhee/irc/build/robot_bringup/prefix_override:/usr/lib/python3/dist-packages/colcon_core/task/python/colcon_distutils_commands:/home/solhee/irc/install/robot_bringup/lib/python3.10/site-packages:/home/solhee/irc/install/decision/lib/python3.10/site-packages:/home/solhee/irc/install/robot_bringup/lib/python3.10/site-packages:/home/solhee/irc/install/msgs/local/lib/python3.10/dist-packages:/home/solhee/ros2_study/install/sol_package/lib/python3.10/site-packages:/home/solhee/ros2_study/install/sol_line_track/lib/python3.10/site-packages:/home/solhee/ros2_study/install/rnd/lib/python3.10/site-packages:/home/solhee/ros2_study/install/realsense2_camera_msgs/local/lib/python3.10/dist-packages:/home/solhee/ros2_study/install/my_first_package_msgs/local/lib/python3.10/dist-packages:/home/solhee/ros2_study/install/my_first_package/lib/python3.10/site-packages:/opt/ros/humble/lib/python3.10/site-packages:/opt/ros/humble/local/lib/python3.10/dist-packages /usr/bin/python3 -W ignore:setup.py install is deprecated -W ignore:easy_install command is deprecated setup.py develop --editable --build-directory /home/solhee/irc/build/robot_bringup/build --no-deps symlink_data --force
[32.142s] DEBUG:colcon.colcon_core.event_handler.log_command:Invoked command in '/home/solhee/irc/build/robot_bringup' returned '1': AMENT_PREFIX_PATH=/home/solhee/irc/install/decision:/home/solhee/irc/install/vision:/home/solhee/irc/install/robot_bringup:/home/solhee/irc/install/msgs:/home/solhee/ros2_study/install/sol_package:/home/solhee/ros2_study/install/sol_line_track:/home/solhee/ros2_study/install/rnd:/home/solhee/ros2_study/install/realsense2_description:/home/solhee/ros2_study/install/realsense2_camera:/home/solhee/ros2_study/install/realsense2_camera_msgs:/home/solhee/ros2_study/install/my_first_package_msgs:/home/solhee/ros2_study/install/my_first_package:/opt/ros/humble PYTHONPATH=/home/solhee/irc/build/robot_bringup/prefix_override:/usr/lib/python3/dist-packages/colcon_core/task/python/colcon_distutils_commands:/home/solhee/irc/install/robot_bringup/lib/python3.10/site-packages:/home/solhee/irc/install/decision/lib/python3.10/site-packages:/home/solhee/irc/install/robot_bringup/lib/python3.10/site-packages:/home/solhee/irc/install/msgs/local/lib/python3.10/dist-packages:/home/solhee/ros2_study/install/sol_package/lib/python3.10/site-packages:/home/solhee/ros2_study/install/sol_line_track/lib/python3.10/site-packages:/home/solhee/ros2_study/install/rnd/lib/python3.10/site-packages:/home/solhee/ros2_study/install/realsense2_camera_msgs/local/lib/python3.10/dist-packages:/home/solhee/ros2_study/install/my_first_package_msgs/local/lib/python3.10/dist-packages:/home/solhee/ros2_study/install/my_first_package/lib/python3.10/site-packages:/opt/ros/humble/lib/python3.10/site-packages:/opt/ros/humble/local/lib/python3.10/dist-packages /usr/bin/python3 -W ignore:setup.py install is deprecated -W ignore:easy_install command is deprecated setup.py develop --editable --build-directory /home/solhee/irc/build/robot_bringup/build --no-deps symlink_data --force
[32.152s] DEBUG:colcon.colcon_parallel_executor.executor.parallel:closing loop
[32.152s] DEBUG:colcon.colcon_parallel_executor.executor.parallel:loop closed
[32.152s] DEBUG:colcon.colcon_parallel_executor.executor.parallel:run_until_complete finished with '1'
[32.152s] DEBUG:colcon.colcon_core.event_reactor:joining thread
[32.155s] INFO:colcon.colcon_core.plugin_system:Skipping extension 'colcon_notification.desktop_notification.terminal_notifier': Not used on non-Darwin systems
[32.156s] INFO:colcon.colcon_core.plugin_system:Skipping extension 'colcon_notification.desktop_notification.win32': Not used on non-Windows systems
[32.156s] INFO:colcon.colcon_notification.desktop_notification:Sending desktop notification using 'notify2'
[32.156s] DEBUG:colcon.colcon_notification.desktop_notification.notify2:Failed to initialize notify2: org.freedesktop.DBus.Error.AccessDenied: Failed to connect to socket /run/user/1001/bus: Operation not permitted
[32.156s] DEBUG:colcon.colcon_core.event_reactor:joined thread
[32.156s] INFO:colcon.colcon_core.shell:Creating prefix script '/home/solhee/irc/install/local_setup.ps1'
[32.156s] INFO:colcon.colcon_core.shell:Creating prefix util module '/home/solhee/irc/install/_local_setup_util_ps1.py'
[32.157s] INFO:colcon.colcon_core.shell:Creating prefix chain script '/home/solhee/irc/install/setup.ps1'
[32.158s] INFO:colcon.colcon_core.shell:Creating prefix script '/home/solhee/irc/install/local_setup.sh'
[32.158s] INFO:colcon.colcon_core.shell:Creating prefix util module '/home/solhee/irc/install/_local_setup_util_sh.py'
[32.159s] INFO:colcon.colcon_core.shell:Creating prefix chain script '/home/solhee/irc/install/setup.sh'
[32.159s] INFO:colcon.colcon_core.shell:Creating prefix script '/home/solhee/irc/install/local_setup.bash'
[32.160s] INFO:colcon.colcon_core.shell:Creating prefix chain script '/home/solhee/irc/install/setup.bash'
[32.161s] INFO:colcon.colcon_core.shell:Creating prefix script '/home/solhee/irc/install/local_setup.zsh'
[32.161s] INFO:colcon.colcon_core.shell:Creating prefix chain script '/home/solhee/irc/install/setup.zsh'
