-- The C compiler identification is GNU 11.4.0
-- The CXX compiler identification is GNU 11.4.0
-- Detecting C compiler ABI info
-- Detecting C compiler ABI info - done
-- Check for working C compiler: /usr/bin/cc - skipped
-- Detecting C compile features
-- Detecting C compile features - done
-- Detecting CXX compiler ABI info
-- Detecting CXX compiler ABI info - done
-- Check for working CXX compiler: /usr/bin/c++ - skipped
-- Detecting CXX compile features
-- Detecting CXX compile features - done
-- Found ament_cmake: 1.3.13 (/opt/ros/humble/share/ament_cmake/cmake)
-- Found Python3: /usr/bin/python3 (found version "3.10.12") found components: Interpreter 
-- Found rclpy: 3.3.20 (/opt/ros/humble/share/rclpy/cmake)
-- Found sensor_msgs: 4.9.1 (/opt/ros/humble/share/sensor_msgs/cmake)
-- Found rosidl_generator_c: 3.1.8 (/opt/ros/humble/share/rosidl_generator_c/cmake)
-- Found rosidl_adapter: 3.1.8 (/opt/ros/humble/share/rosidl_adapter/cmake)
-- Found rosidl_generator_cpp: 3.1.8 (/opt/ros/humble/share/rosidl_generator_cpp/cmake)
-- Using all available rosidl_typesupport_c: rosidl_typesupport_fastrtps_c;rosidl_typesupport_introspection_c
-- Using all available rosidl_typesupport_cpp: rosidl_typesupport_fastrtps_cpp;rosidl_typesupport_introspection_cpp
-- Found cv_bridge: 3.2.1 (/opt/ros/humble/share/cv_bridge/cmake)
-- Found message_filters: 4.3.14 (/opt/ros/humble/share/message_filters/cmake)
-- Found rmw_implementation_cmake: 6.1.2 (/opt/ros/humble/share/rmw_implementation_cmake/cmake)
-- Found rmw_fastrtps_cpp: 6.2.10 (/opt/ros/humble/share/rmw_fastrtps_cpp/cmake)
-- Found OpenSSL: /usr/lib/x86_64-linux-gnu/libcrypto.so (found version "3.0.2")  
-- Found FastRTPS: /opt/ros/humble/include  
-- Using RMW implementation 'rmw_fastrtps_cpp' as default
-- Looking for pthread.h
-- Looking for pthread.h - found
-- Performing Test CMAKE_HAVE_LIBC_PTHREAD
-- Performing Test CMAKE_HAVE_LIBC_PTHREAD - Success
-- Found Threads: TRUE  
-- Configuring done
-- Generating done
-- Build files have been written to: /home/solhee/irc/build/vision
-- Install configuration: ""
-- Installing: /home/solhee/irc/install/vision/lib/vision/yolo_detector.py
-- Installing: /home/solhee/irc/install/vision/lib/vision/ball_vision_fusion.py
-- Installing: /home/solhee/irc/install/vision/share/vision/config
-- Installing: /home/solhee/irc/install/vision/share/vision/config/settings.ini
-- Installing: /home/solhee/irc/install/vision/share/ament_index/resource_index/package_run_dependencies/vision
-- Installing: /home/solhee/irc/install/vision/share/ament_index/resource_index/parent_prefix_path/vision
-- Installing: /home/solhee/irc/install/vision/share/vision/environment/ament_prefix_path.sh
-- Installing: /home/solhee/irc/install/vision/share/vision/environment/ament_prefix_path.dsv
-- Installing: /home/solhee/irc/install/vision/share/vision/environment/path.sh
-- Installing: /home/solhee/irc/install/vision/share/vision/environment/path.dsv
-- Installing: /home/solhee/irc/install/vision/share/vision/local_setup.bash
-- Installing: /home/solhee/irc/install/vision/share/vision/local_setup.sh
-- Installing: /home/solhee/irc/install/vision/share/vision/local_setup.zsh
-- Installing: /home/solhee/irc/install/vision/share/vision/local_setup.dsv
-- Installing: /home/solhee/irc/install/vision/share/vision/package.dsv
-- Installing: /home/solhee/irc/install/vision/share/ament_index/resource_index/packages/vision
-- Installing: /home/solhee/irc/install/vision/share/vision/cmake/visionConfig.cmake
-- Installing: /home/solhee/irc/install/vision/share/vision/cmake/visionConfig-version.cmake
-- Installing: /home/solhee/irc/install/vision/share/vision/package.xml
