[0.006s] Invoking command in '/home/solhee/irc/build/vision': CMAKE_PREFIX_PATH=${CMAKE_PREFIX_PATH}:/home/solhee/irc/install/robot_bringup:/home/solhee/irc/install/decision:/home/solhee/ros2_study/install/sol_package:/home/solhee/ros2_study/install/sol_line_track:/home/solhee/ros2_study/install/rnd:/home/solhee/ros2_study/install/my_first_package:/opt/ros/humble PS1=\[\e]0;\u@\h: \w\a\]${debian_chroot:+($debian_chroot)}\[\033[01;32m\]\u@\h\[\033[00m\]:\[\033[01;34m\]\w\[\033[00m\]\$ /usr/bin/cmake /home/solhee/irc/src/vision -DBUILD_TESTING=OFF -DCMAKE_INSTALL_PREFIX=/home/solhee/irc/install/vision
[0.045s] -- The C compiler identification is GNU 11.4.0
[0.091s] -- The CXX compiler identification is GNU 11.4.0
[0.095s] -- Detecting C compiler ABI info
[0.140s] -- Detecting C compiler ABI info - done
[0.145s] -- Check for working C compiler: /usr/bin/cc - skipped
[0.145s] -- Detecting C compile features
[0.145s] -- Detecting C compile features - done
[0.147s] -- Detecting CXX compiler ABI info
[0.195s] -- Detecting CXX compiler ABI info - done
[0.200s] -- Check for working CXX compiler: /usr/bin/c++ - skipped
[0.200s] -- Detecting CXX compile features
[0.200s] -- Detecting CXX compile features - done
[0.203s] -- Found ament_cmake: 1.3.13 (/opt/ros/humble/share/ament_cmake/cmake)
[0.436s] -- Found Python3: /usr/bin/python3 (found version "3.10.12") found components: Interpreter 
[0.491s] -- Found rclpy: 3.3.20 (/opt/ros/humble/share/rclpy/cmake)
[0.492s] -- Found sensor_msgs: 4.9.1 (/opt/ros/humble/share/sensor_msgs/cmake)
[0.514s] -- Found rosidl_generator_c: 3.1.8 (/opt/ros/humble/share/rosidl_generator_c/cmake)
[0.518s] -- Found rosidl_adapter: 3.1.8 (/opt/ros/humble/share/rosidl_adapter/cmake)
[0.523s] -- Found rosidl_generator_cpp: 3.1.8 (/opt/ros/humble/share/rosidl_generator_cpp/cmake)
[0.530s] -- Using all available rosidl_typesupport_c: rosidl_typesupport_fastrtps_c;rosidl_typesupport_introspection_c
[0.540s] -- Using all available rosidl_typesupport_cpp: rosidl_typesupport_fastrtps_cpp;rosidl_typesupport_introspection_cpp
[0.575s] -- Found cv_bridge: 3.2.1 (/opt/ros/humble/share/cv_bridge/cmake)
[0.582s] -- Found message_filters: 4.3.14 (/opt/ros/humble/share/message_filters/cmake)
[0.608s] -- Found rmw_implementation_cmake: 6.1.2 (/opt/ros/humble/share/rmw_implementation_cmake/cmake)
[0.609s] -- Found rmw_fastrtps_cpp: 6.2.10 (/opt/ros/humble/share/rmw_fastrtps_cpp/cmake)
[0.658s] -- Found OpenSSL: /usr/lib/x86_64-linux-gnu/libcrypto.so (found version "3.0.2")  
[0.676s] -- Found FastRTPS: /opt/ros/humble/include  
[0.701s] -- Using RMW implementation 'rmw_fastrtps_cpp' as default
[0.707s] -- Looking for pthread.h
[0.762s] -- Looking for pthread.h - found
[0.762s] -- Performing Test CMAKE_HAVE_LIBC_PTHREAD
[0.860s] -- Performing Test CMAKE_HAVE_LIBC_PTHREAD - Success
[0.860s] -- Found Threads: TRUE  
[0.941s] -- Configuring done
[0.943s] -- Generating done
[0.944s] -- Build files have been written to: /home/solhee/irc/build/vision
[0.951s] Invoked command in '/home/solhee/irc/build/vision' returned '0': CMAKE_PREFIX_PATH=${CMAKE_PREFIX_PATH}:/home/solhee/irc/install/robot_bringup:/home/solhee/irc/install/decision:/home/solhee/ros2_study/install/sol_package:/home/solhee/ros2_study/install/sol_line_track:/home/solhee/ros2_study/install/rnd:/home/solhee/ros2_study/install/my_first_package:/opt/ros/humble PS1=\[\e]0;\u@\h: \w\a\]${debian_chroot:+($debian_chroot)}\[\033[01;32m\]\u@\h\[\033[00m\]:\[\033[01;34m\]\w\[\033[00m\]\$ /usr/bin/cmake /home/solhee/irc/src/vision -DBUILD_TESTING=OFF -DCMAKE_INSTALL_PREFIX=/home/solhee/irc/install/vision
[0.951s] Invoking command in '/home/solhee/irc/build/vision': CMAKE_PREFIX_PATH=${CMAKE_PREFIX_PATH}:/home/solhee/irc/install/robot_bringup:/home/solhee/irc/install/decision:/home/solhee/ros2_study/install/sol_package:/home/solhee/ros2_study/install/sol_line_track:/home/solhee/ros2_study/install/rnd:/home/solhee/ros2_study/install/my_first_package:/opt/ros/humble PS1=\[\e]0;\u@\h: \w\a\]${debian_chroot:+($debian_chroot)}\[\033[01;32m\]\u@\h\[\033[00m\]:\[\033[01;34m\]\w\[\033[00m\]\$ /usr/bin/cmake --build /home/solhee/irc/build/vision -- -j12 -l12
[0.978s] Invoked command in '/home/solhee/irc/build/vision' returned '0': CMAKE_PREFIX_PATH=${CMAKE_PREFIX_PATH}:/home/solhee/irc/install/robot_bringup:/home/solhee/irc/install/decision:/home/solhee/ros2_study/install/sol_package:/home/solhee/ros2_study/install/sol_line_track:/home/solhee/ros2_study/install/rnd:/home/solhee/ros2_study/install/my_first_package:/opt/ros/humble PS1=\[\e]0;\u@\h: \w\a\]${debian_chroot:+($debian_chroot)}\[\033[01;32m\]\u@\h\[\033[00m\]:\[\033[01;34m\]\w\[\033[00m\]\$ /usr/bin/cmake --build /home/solhee/irc/build/vision -- -j12 -l12
[0.987s] Invoking command in '/home/solhee/irc/build/vision': CMAKE_PREFIX_PATH=${CMAKE_PREFIX_PATH}:/home/solhee/irc/install/robot_bringup:/home/solhee/irc/install/decision:/home/solhee/ros2_study/install/sol_package:/home/solhee/ros2_study/install/sol_line_track:/home/solhee/ros2_study/install/rnd:/home/solhee/ros2_study/install/my_first_package:/opt/ros/humble PS1=\[\e]0;\u@\h: \w\a\]${debian_chroot:+($debian_chroot)}\[\033[01;32m\]\u@\h\[\033[00m\]:\[\033[01;34m\]\w\[\033[00m\]\$ /usr/bin/cmake --install /home/solhee/irc/build/vision
[0.991s] -- Install configuration: ""
[0.991s] -- Installing: /home/solhee/irc/install/vision/lib/vision/yolo_detector.py
[0.991s] -- Installing: /home/solhee/irc/install/vision/lib/vision/ball_vision_fusion.py
[0.991s] -- Installing: /home/solhee/irc/install/vision/share/vision/config
[0.991s] -- Installing: /home/solhee/irc/install/vision/share/vision/config/settings.ini
[0.991s] -- Installing: /home/solhee/irc/install/vision/share/ament_index/resource_index/package_run_dependencies/vision
[0.991s] -- Installing: /home/solhee/irc/install/vision/share/ament_index/resource_index/parent_prefix_path/vision
[0.991s] -- Installing: /home/solhee/irc/install/vision/share/vision/environment/ament_prefix_path.sh
[0.991s] -- Installing: /home/solhee/irc/install/vision/share/vision/environment/ament_prefix_path.dsv
[0.991s] -- Installing: /home/solhee/irc/install/vision/share/vision/environment/path.sh
[0.991s] -- Installing: /home/solhee/irc/install/vision/share/vision/environment/path.dsv
[0.992s] -- Installing: /home/solhee/irc/install/vision/share/vision/local_setup.bash
[0.992s] -- Installing: /home/solhee/irc/install/vision/share/vision/local_setup.sh
[0.992s] -- Installing: /home/solhee/irc/install/vision/share/vision/local_setup.zsh
[0.992s] -- Installing: /home/solhee/irc/install/vision/share/vision/local_setup.dsv
[0.992s] -- Installing: /home/solhee/irc/install/vision/share/vision/package.dsv
[0.992s] -- Installing: /home/solhee/irc/install/vision/share/ament_index/resource_index/packages/vision
[0.992s] -- Installing: /home/solhee/irc/install/vision/share/vision/cmake/visionConfig.cmake
[0.992s] -- Installing: /home/solhee/irc/install/vision/share/vision/cmake/visionConfig-version.cmake
[0.992s] -- Installing: /home/solhee/irc/install/vision/share/vision/package.xml
[0.993s] Invoked command in '/home/solhee/irc/build/vision' returned '0': CMAKE_PREFIX_PATH=${CMAKE_PREFIX_PATH}:/home/solhee/irc/install/robot_bringup:/home/solhee/irc/install/decision:/home/solhee/ros2_study/install/sol_package:/home/solhee/ros2_study/install/sol_line_track:/home/solhee/ros2_study/install/rnd:/home/solhee/ros2_study/install/my_first_package:/opt/ros/humble PS1=\[\e]0;\u@\h: \w\a\]${debian_chroot:+($debian_chroot)}\[\033[01;32m\]\u@\h\[\033[00m\]:\[\033[01;34m\]\w\[\033[00m\]\$ /usr/bin/cmake --install /home/solhee/irc/build/vision
