[0.368s] Invoking command in '/home/solhee/irc/src/robot_bringup': AMENT_PREFIX_PATH=/home/solhee/irc/install/decision:/home/solhee/irc/install/vision:/home/solhee/irc/install/robot_bringup:/home/solhee/irc/install/msgs:/home/solhee/ros2_study/install/sol_package:/home/solhee/ros2_study/install/sol_line_track:/home/solhee/ros2_study/install/rnd:/home/solhee/ros2_study/install/realsense2_description:/home/solhee/ros2_study/install/realsense2_camera:/home/solhee/ros2_study/install/realsense2_camera_msgs:/home/solhee/ros2_study/install/my_first_package_msgs:/home/solhee/ros2_study/install/my_first_package:/opt/ros/humble PS1=\[\e]0;\u@\h: \w\a\]${debian_chroot:+($debian_chroot)}\[\033[01;32m\]\u@\h\[\033[00m\]:\[\033[01;34m\]\w\[\033[00m\]\$ PYTHONPATH=/home/solhee/irc/build/robot_bringup/prefix_override:/usr/lib/python3/dist-packages/colcon_core/task/python/colcon_distutils_commands:/home/solhee/irc/install/robot_bringup/lib/python3.10/site-packages:/home/solhee/irc/install/decision/lib/python3.10/site-packages:/home/solhee/irc/install/robot_bringup/lib/python3.10/site-packages:/home/solhee/irc/install/msgs/local/lib/python3.10/dist-packages:/home/solhee/ros2_study/install/sol_package/lib/python3.10/site-packages:/home/solhee/ros2_study/install/sol_line_track/lib/python3.10/site-packages:/home/solhee/ros2_study/install/rnd/lib/python3.10/site-packages:/home/solhee/ros2_study/install/realsense2_camera_msgs/local/lib/python3.10/dist-packages:/home/solhee/ros2_study/install/my_first_package_msgs/local/lib/python3.10/dist-packages:/home/solhee/ros2_study/install/my_first_package/lib/python3.10/site-packages:/opt/ros/humble/lib/python3.10/site-packages:/opt/ros/humble/local/lib/python3.10/dist-packages /usr/bin/python3 -W ignore:setup.py install is deprecated -W ignore:easy_install command is deprecated setup.py egg_info --egg-base ../../build/robot_bringup build --build-base /home/solhee/irc/build/robot_bringup/build install --record /home/solhee/irc/build/robot_bringup/install.log --single-version-externally-managed install_data
[0.518s] running egg_info
[0.527s] creating ../../build/robot_bringup/robot_bringup.egg-info
[0.527s] writing ../../build/robot_bringup/robot_bringup.egg-info/PKG-INFO
[0.527s] writing dependency_links to ../../build/robot_bringup/robot_bringup.egg-info/dependency_links.txt
[0.527s] writing entry points to ../../build/robot_bringup/robot_bringup.egg-info/entry_points.txt
[0.527s] writing requirements to ../../build/robot_bringup/robot_bringup.egg-info/requires.txt
[0.527s] writing top-level names to ../../build/robot_bringup/robot_bringup.egg-info/top_level.txt
[0.528s] writing manifest file '../../build/robot_bringup/robot_bringup.egg-info/SOURCES.txt'
[0.547s] reading manifest file '../../build/robot_bringup/robot_bringup.egg-info/SOURCES.txt'
[0.547s] writing manifest file '../../build/robot_bringup/robot_bringup.egg-info/SOURCES.txt'
[0.547s] running build
[0.547s] running build_py
[0.547s] creating /home/solhee/irc/build/robot_bringup/build/lib/robot_bringup
[0.547s] copying robot_bringup/__init__.py -> /home/solhee/irc/build/robot_bringup/build/lib/robot_bringup
[0.548s] running install
[0.550s] running install_lib
[0.559s] creating /home/solhee/irc/install/robot_bringup/lib/python3.10/site-packages/robot_bringup
[0.559s] copying /home/solhee/irc/build/robot_bringup/build/lib/robot_bringup/__init__.py -> /home/solhee/irc/install/robot_bringup/lib/python3.10/site-packages/robot_bringup
[0.559s] byte-compiling /home/solhee/irc/install/robot_bringup/lib/python3.10/site-packages/robot_bringup/__init__.py to __init__.cpython-310.pyc
[0.560s] running install_data
[0.560s] creating /home/solhee/irc/install/robot_bringup/share/ament_index/resource_index/packages
[0.560s] copying resource/robot_bringup -> /home/solhee/irc/install/robot_bringup/share/ament_index/resource_index/packages
[0.560s] copying package.xml -> /home/solhee/irc/install/robot_bringup/share/robot_bringup
[0.560s] creating /home/solhee/irc/install/robot_bringup/share/robot_bringup/launch
[0.560s] copying launch/robot_bringup.py -> /home/solhee/irc/install/robot_bringup/share/robot_bringup/launch
[0.560s] running install_egg_info
[0.569s] Copying ../../build/robot_bringup/robot_bringup.egg-info to /home/solhee/irc/install/robot_bringup/lib/python3.10/site-packages/robot_bringup-0.0.0-py3.10.egg-info
[0.570s] running install_scripts
[0.588s] Installing robot_bringup script to /home/solhee/irc/install/robot_bringup/lib/robot_bringup
[0.589s] writing list of installed files to '/home/solhee/irc/build/robot_bringup/install.log'
[0.601s] Invoked command in '/home/solhee/irc/src/robot_bringup' returned '0': AMENT_PREFIX_PATH=/home/solhee/irc/install/decision:/home/solhee/irc/install/vision:/home/solhee/irc/install/robot_bringup:/home/solhee/irc/install/msgs:/home/solhee/ros2_study/install/sol_package:/home/solhee/ros2_study/install/sol_line_track:/home/solhee/ros2_study/install/rnd:/home/solhee/ros2_study/install/realsense2_description:/home/solhee/ros2_study/install/realsense2_camera:/home/solhee/ros2_study/install/realsense2_camera_msgs:/home/solhee/ros2_study/install/my_first_package_msgs:/home/solhee/ros2_study/install/my_first_package:/opt/ros/humble PS1=\[\e]0;\u@\h: \w\a\]${debian_chroot:+($debian_chroot)}\[\033[01;32m\]\u@\h\[\033[00m\]:\[\033[01;34m\]\w\[\033[00m\]\$ PYTHONPATH=/home/solhee/irc/build/robot_bringup/prefix_override:/usr/lib/python3/dist-packages/colcon_core/task/python/colcon_distutils_commands:/home/solhee/irc/install/robot_bringup/lib/python3.10/site-packages:/home/solhee/irc/install/decision/lib/python3.10/site-packages:/home/solhee/irc/install/robot_bringup/lib/python3.10/site-packages:/home/solhee/irc/install/msgs/local/lib/python3.10/dist-packages:/home/solhee/ros2_study/install/sol_package/lib/python3.10/site-packages:/home/solhee/ros2_study/install/sol_line_track/lib/python3.10/site-packages:/home/solhee/ros2_study/install/rnd/lib/python3.10/site-packages:/home/solhee/ros2_study/install/realsense2_camera_msgs/local/lib/python3.10/dist-packages:/home/solhee/ros2_study/install/my_first_package_msgs/local/lib/python3.10/dist-packages:/home/solhee/ros2_study/install/my_first_package/lib/python3.10/site-packages:/opt/ros/humble/lib/python3.10/site-packages:/opt/ros/humble/local/lib/python3.10/dist-packages /usr/bin/python3 -W ignore:setup.py install is deprecated -W ignore:easy_install command is deprecated setup.py egg_info --egg-base ../../build/robot_bringup build --build-base /home/solhee/irc/build/robot_bringup/build install --record /home/solhee/irc/build/robot_bringup/install.log --single-version-externally-managed install_data
