[0.008s] Invoking command in '/home/solhee/irc/build/msgs': /usr/bin/cmake --build /home/solhee/irc/build/msgs -- -j12 -l12
[0.156s] [35m[1mConsolidate compiler generated dependencies of target msgs__rosidl_generator_c[0m
[0.156s] [  1%] Built target msgs__cpp
[0.156s] [ 12%] Built target msgs__rosidl_generator_c
[0.156s] [ 12%] Built target ament_cmake_python_symlink_msgs
[0.156s] [35m[1mConsolidate compiler generated dependencies of target msgs__rosidl_typesupport_introspection_cpp[0m
[0.156s] [35m[1mConsolidate compiler generated dependencies of target msgs__rosidl_typesupport_cpp[0m
[0.157s] [35m[1mConsolidate compiler generated dependencies of target msgs__rosidl_typesupport_fastrtps_cpp[0m
[0.157s] [35m[1mConsolidate compiler generated dependencies of target msgs__rosidl_typesupport_fastrtps_c[0m
[0.157s] [35m[1mConsolidate compiler generated dependencies of target msgs__rosidl_typesupport_introspection_c[0m
[0.157s] [35m[1mConsolidate compiler generated dependencies of target msgs__rosidl_typesupport_c[0m
[0.157s] [ 23%] Built target msgs__rosidl_typesupport_introspection_c
[0.158s] [ 34%] Built target msgs__rosidl_typesupport_fastrtps_cpp
[0.158s] [ 46%] Built target msgs__rosidl_typesupport_c
[0.158s] [ 57%] Built target msgs__rosidl_typesupport_introspection_cpp
[0.159s] [ 79%] Built target msgs__rosidl_typesupport_cpp
[0.159s] [ 79%] Built target msgs__rosidl_typesupport_fastrtps_c
[0.159s] [ 79%] Built target msgs
[0.159s] [ 80%] Built target msgs__py
[0.159s] [35m[1mConsolidate compiler generated dependencies of target msgs__rosidl_generator_py[0m
[0.159s] [ 90%] Built target msgs__rosidl_generator_py
[0.159s] [35m[1mConsolidate compiler generated dependencies of target msgs__rosidl_typesupport_introspection_c__pyext[0m
[0.159s] [35m[1mConsolidate compiler generated dependencies of target msgs__rosidl_typesupport_fastrtps_c__pyext[0m
[0.159s] [35m[1mConsolidate compiler generated dependencies of target msgs__rosidl_typesupport_c__pyext[0m
[0.159s] [100%] Built target msgs__rosidl_typesupport_introspection_c__pyext
[0.159s] [100%] Built target msgs__rosidl_typesupport_fastrtps_c__pyext
[0.159s] [100%] Built target msgs__rosidl_typesupport_c__pyext
[0.159s] running egg_info
[0.162s] writing msgs.egg-info/PKG-INFO
[0.162s] writing dependency_links to msgs.egg-info/dependency_links.txt
[0.163s] writing top-level names to msgs.egg-info/top_level.txt
[0.182s] reading manifest file 'msgs.egg-info/SOURCES.txt'
[0.183s] writing manifest file 'msgs.egg-info/SOURCES.txt'
[0.201s] [100%] Built target ament_cmake_python_build_msgs_egg
[0.207s] Invoked command in '/home/solhee/irc/build/msgs' returned '0': /usr/bin/cmake --build /home/solhee/irc/build/msgs -- -j12 -l12
[0.213s] Invoking command in '/home/solhee/irc/build/msgs': /usr/bin/cmake --install /home/solhee/irc/build/msgs
[0.217s] -- Install configuration: ""
[0.218s] -- Execute custom install script
[0.218s] -- Up-to-date symlink: /home/solhee/irc/install/msgs/share/ament_index/resource_index/rosidl_interfaces/msgs
[0.218s] -- Up-to-date symlink: /home/solhee/irc/install/msgs/include/msgs/msgs/msg/ball_result.h
[0.218s] -- Up-to-date symlink: /home/solhee/irc/install/msgs/include/msgs/msgs/msg/detail/ball_result__functions.h
[0.218s] -- Up-to-date symlink: /home/solhee/irc/install/msgs/include/msgs/msgs/msg/detail/ball_result__struct.h
[0.218s] -- Up-to-date symlink: /home/solhee/irc/install/msgs/include/msgs/msgs/msg/detail/ball_result__type_support.h
[0.218s] -- Up-to-date symlink: /home/solhee/irc/install/msgs/include/msgs/msgs/msg/detail/hurdle_result__functions.h
[0.218s] -- Up-to-date symlink: /home/solhee/irc/install/msgs/include/msgs/msgs/msg/detail/hurdle_result__struct.h
[0.219s] -- Up-to-date symlink: /home/solhee/irc/install/msgs/include/msgs/msgs/msg/detail/hurdle_result__type_support.h
[0.219s] -- Up-to-date symlink: /home/solhee/irc/install/msgs/include/msgs/msgs/msg/detail/line_result__functions.h
[0.219s] -- Up-to-date symlink: /home/solhee/irc/install/msgs/include/msgs/msgs/msg/detail/line_result__struct.h
[0.219s] -- Up-to-date symlink: /home/solhee/irc/install/msgs/include/msgs/msgs/msg/detail/line_result__type_support.h
[0.219s] -- Up-to-date symlink: /home/solhee/irc/install/msgs/include/msgs/msgs/msg/detail/motion_command__functions.h
[0.219s] -- Up-to-date symlink: /home/solhee/irc/install/msgs/include/msgs/msgs/msg/detail/motion_command__struct.h
[0.219s] -- Up-to-date symlink: /home/solhee/irc/install/msgs/include/msgs/msgs/msg/detail/motion_command__type_support.h
[0.219s] -- Up-to-date symlink: /home/solhee/irc/install/msgs/include/msgs/msgs/msg/detail/motion_end__functions.h
[0.219s] -- Up-to-date symlink: /home/solhee/irc/install/msgs/include/msgs/msgs/msg/detail/motion_end__struct.h
[0.219s] -- Up-to-date symlink: /home/solhee/irc/install/msgs/include/msgs/msgs/msg/detail/motion_end__type_support.h
[0.219s] -- Up-to-date symlink: /home/solhee/irc/install/msgs/include/msgs/msgs/msg/hurdle_result.h
[0.219s] -- Up-to-date symlink: /home/solhee/irc/install/msgs/include/msgs/msgs/msg/line_result.h
[0.219s] -- Up-to-date symlink: /home/solhee/irc/install/msgs/include/msgs/msgs/msg/motion_command.h
[0.219s] -- Up-to-date symlink: /home/solhee/irc/install/msgs/include/msgs/msgs/msg/motion_end.h
[0.219s] -- Up-to-date symlink: /home/solhee/irc/install/msgs/include/msgs/msgs/msg/rosidl_generator_c__visibility_control.h
[0.219s] -- Up-to-date symlink: /home/solhee/irc/install/msgs/share/msgs/environment/library_path.sh
[0.219s] -- Up-to-date symlink: /home/solhee/irc/install/msgs/share/msgs/environment/library_path.dsv
[0.219s] -- Up-to-date symlink: /home/solhee/irc/install/msgs/include/msgs/msgs/msg/detail/ball_result__rosidl_typesupport_fastrtps_c.h
[0.220s] -- Up-to-date symlink: /home/solhee/irc/install/msgs/include/msgs/msgs/msg/detail/hurdle_result__rosidl_typesupport_fastrtps_c.h
[0.220s] -- Up-to-date symlink: /home/solhee/irc/install/msgs/include/msgs/msgs/msg/detail/line_result__rosidl_typesupport_fastrtps_c.h
[0.220s] -- Up-to-date symlink: /home/solhee/irc/install/msgs/include/msgs/msgs/msg/detail/motion_command__rosidl_typesupport_fastrtps_c.h
[0.220s] -- Up-to-date symlink: /home/solhee/irc/install/msgs/include/msgs/msgs/msg/detail/motion_end__rosidl_typesupport_fastrtps_c.h
[0.220s] -- Up-to-date symlink: /home/solhee/irc/install/msgs/include/msgs/msgs/msg/rosidl_typesupport_fastrtps_c__visibility_control.h
[0.220s] -- Up-to-date symlink: /home/solhee/irc/install/msgs/include/msgs/msgs/msg/detail/ball_result__rosidl_typesupport_introspection_c.h
[0.220s] -- Up-to-date symlink: /home/solhee/irc/install/msgs/include/msgs/msgs/msg/detail/hurdle_result__rosidl_typesupport_introspection_c.h
[0.220s] -- Up-to-date symlink: /home/solhee/irc/install/msgs/include/msgs/msgs/msg/detail/line_result__rosidl_typesupport_introspection_c.h
[0.220s] -- Up-to-date symlink: /home/solhee/irc/install/msgs/include/msgs/msgs/msg/detail/motion_command__rosidl_typesupport_introspection_c.h
[0.220s] -- Up-to-date symlink: /home/solhee/irc/install/msgs/include/msgs/msgs/msg/detail/motion_end__rosidl_typesupport_introspection_c.h
[0.220s] -- Up-to-date symlink: /home/solhee/irc/install/msgs/include/msgs/msgs/msg/rosidl_typesupport_introspection_c__visibility_control.h
[0.220s] -- Up-to-date symlink: /home/solhee/irc/install/msgs/include/msgs/msgs/msg/ball_result.hpp
[0.220s] -- Up-to-date symlink: /home/solhee/irc/install/msgs/include/msgs/msgs/msg/detail/ball_result__builder.hpp
[0.221s] -- Up-to-date symlink: /home/solhee/irc/install/msgs/include/msgs/msgs/msg/detail/ball_result__struct.hpp
[0.221s] -- Up-to-date symlink: /home/solhee/irc/install/msgs/include/msgs/msgs/msg/detail/ball_result__traits.hpp
[0.221s] -- Up-to-date symlink: /home/solhee/irc/install/msgs/include/msgs/msgs/msg/detail/ball_result__type_support.hpp
[0.221s] -- Up-to-date symlink: /home/solhee/irc/install/msgs/include/msgs/msgs/msg/detail/hurdle_result__builder.hpp
[0.221s] -- Up-to-date symlink: /home/solhee/irc/install/msgs/include/msgs/msgs/msg/detail/hurdle_result__struct.hpp
[0.221s] -- Up-to-date symlink: /home/solhee/irc/install/msgs/include/msgs/msgs/msg/detail/hurdle_result__traits.hpp
[0.221s] -- Up-to-date symlink: /home/solhee/irc/install/msgs/include/msgs/msgs/msg/detail/hurdle_result__type_support.hpp
[0.221s] -- Up-to-date symlink: /home/solhee/irc/install/msgs/include/msgs/msgs/msg/detail/line_result__builder.hpp
[0.221s] -- Up-to-date symlink: /home/solhee/irc/install/msgs/include/msgs/msgs/msg/detail/line_result__struct.hpp
[0.221s] -- Up-to-date symlink: /home/solhee/irc/install/msgs/include/msgs/msgs/msg/detail/line_result__traits.hpp
[0.221s] -- Up-to-date symlink: /home/solhee/irc/install/msgs/include/msgs/msgs/msg/detail/line_result__type_support.hpp
[0.221s] -- Up-to-date symlink: /home/solhee/irc/install/msgs/include/msgs/msgs/msg/detail/motion_command__builder.hpp
[0.221s] -- Up-to-date symlink: /home/solhee/irc/install/msgs/include/msgs/msgs/msg/detail/motion_command__struct.hpp
[0.221s] -- Up-to-date symlink: /home/solhee/irc/install/msgs/include/msgs/msgs/msg/detail/motion_command__traits.hpp
[0.221s] -- Up-to-date symlink: /home/solhee/irc/install/msgs/include/msgs/msgs/msg/detail/motion_command__type_support.hpp
[0.221s] -- Up-to-date symlink: /home/solhee/irc/install/msgs/include/msgs/msgs/msg/detail/motion_end__builder.hpp
[0.222s] -- Up-to-date symlink: /home/solhee/irc/install/msgs/include/msgs/msgs/msg/detail/motion_end__struct.hpp
[0.222s] -- Up-to-date symlink: /home/solhee/irc/install/msgs/include/msgs/msgs/msg/detail/motion_end__traits.hpp
[0.222s] -- Up-to-date symlink: /home/solhee/irc/install/msgs/include/msgs/msgs/msg/detail/motion_end__type_support.hpp
[0.222s] -- Up-to-date symlink: /home/solhee/irc/install/msgs/include/msgs/msgs/msg/hurdle_result.hpp
[0.222s] -- Up-to-date symlink: /home/solhee/irc/install/msgs/include/msgs/msgs/msg/line_result.hpp
[0.222s] -- Up-to-date symlink: /home/solhee/irc/install/msgs/include/msgs/msgs/msg/motion_command.hpp
[0.222s] -- Up-to-date symlink: /home/solhee/irc/install/msgs/include/msgs/msgs/msg/motion_end.hpp
[0.222s] -- Up-to-date symlink: /home/solhee/irc/install/msgs/include/msgs/msgs/msg/rosidl_generator_cpp__visibility_control.hpp
[0.222s] -- Up-to-date symlink: /home/solhee/irc/install/msgs/include/msgs/msgs/msg/detail/ball_result__rosidl_typesupport_fastrtps_cpp.hpp
[0.222s] -- Up-to-date symlink: /home/solhee/irc/install/msgs/include/msgs/msgs/msg/detail/hurdle_result__rosidl_typesupport_fastrtps_cpp.hpp
[0.222s] -- Up-to-date symlink: /home/solhee/irc/install/msgs/include/msgs/msgs/msg/detail/line_result__rosidl_typesupport_fastrtps_cpp.hpp
[0.222s] -- Up-to-date symlink: /home/solhee/irc/install/msgs/include/msgs/msgs/msg/detail/motion_command__rosidl_typesupport_fastrtps_cpp.hpp
[0.222s] -- Up-to-date symlink: /home/solhee/irc/install/msgs/include/msgs/msgs/msg/detail/motion_end__rosidl_typesupport_fastrtps_cpp.hpp
[0.222s] -- Up-to-date symlink: /home/solhee/irc/install/msgs/include/msgs/msgs/msg/rosidl_typesupport_fastrtps_cpp__visibility_control.h
[0.222s] -- Up-to-date symlink: /home/solhee/irc/install/msgs/include/msgs/msgs/msg/detail/ball_result__rosidl_typesupport_introspection_cpp.hpp
[0.222s] -- Up-to-date symlink: /home/solhee/irc/install/msgs/include/msgs/msgs/msg/detail/hurdle_result__rosidl_typesupport_introspection_cpp.hpp
[0.222s] -- Up-to-date symlink: /home/solhee/irc/install/msgs/include/msgs/msgs/msg/detail/line_result__rosidl_typesupport_introspection_cpp.hpp
[0.222s] -- Up-to-date symlink: /home/solhee/irc/install/msgs/include/msgs/msgs/msg/detail/motion_command__rosidl_typesupport_introspection_cpp.hpp
[0.222s] -- Up-to-date symlink: /home/solhee/irc/install/msgs/include/msgs/msgs/msg/detail/motion_end__rosidl_typesupport_introspection_cpp.hpp
[0.223s] -- Up-to-date symlink: /home/solhee/irc/install/msgs/share/msgs/environment/pythonpath.sh
[0.223s] -- Up-to-date symlink: /home/solhee/irc/install/msgs/share/msgs/environment/pythonpath.dsv
[0.223s] -- Up-to-date symlink: /home/solhee/irc/install/msgs/local/lib/python3.10/dist-packages/msgs-0.0.0-py3.10.egg-info/PKG-INFO
[0.223s] -- Up-to-date symlink: /home/solhee/irc/install/msgs/local/lib/python3.10/dist-packages/msgs-0.0.0-py3.10.egg-info/SOURCES.txt
[0.223s] -- Up-to-date symlink: /home/solhee/irc/install/msgs/local/lib/python3.10/dist-packages/msgs-0.0.0-py3.10.egg-info/dependency_links.txt
[0.223s] -- Up-to-date symlink: /home/solhee/irc/install/msgs/local/lib/python3.10/dist-packages/msgs-0.0.0-py3.10.egg-info/top_level.txt
[0.223s] -- Up-to-date symlink: /home/solhee/irc/install/msgs/local/lib/python3.10/dist-packages/msgs/__init__.py
[0.223s] -- Up-to-date symlink: /home/solhee/irc/install/msgs/local/lib/python3.10/dist-packages/msgs/_msgs_s.ep.rosidl_typesupport_c.c
[0.223s] -- Up-to-date symlink: /home/solhee/irc/install/msgs/local/lib/python3.10/dist-packages/msgs/_msgs_s.ep.rosidl_typesupport_fastrtps_c.c
[0.223s] -- Up-to-date symlink: /home/solhee/irc/install/msgs/local/lib/python3.10/dist-packages/msgs/_msgs_s.ep.rosidl_typesupport_introspection_c.c
[0.223s] -- Up-to-date symlink: /home/solhee/irc/install/msgs/local/lib/python3.10/dist-packages/msgs/libmsgs__rosidl_generator_py.so
[0.224s] -- Up-to-date symlink: /home/solhee/irc/install/msgs/local/lib/python3.10/dist-packages/msgs/msg/__init__.py
[0.224s] -- Up-to-date symlink: /home/solhee/irc/install/msgs/local/lib/python3.10/dist-packages/msgs/msg/_ball_result.py
[0.224s] -- Up-to-date symlink: /home/solhee/irc/install/msgs/local/lib/python3.10/dist-packages/msgs/msg/_ball_result_s.c
[0.224s] -- Up-to-date symlink: /home/solhee/irc/install/msgs/local/lib/python3.10/dist-packages/msgs/msg/_hurdle_result.py
[0.224s] -- Up-to-date symlink: /home/solhee/irc/install/msgs/local/lib/python3.10/dist-packages/msgs/msg/_hurdle_result_s.c
[0.224s] -- Up-to-date symlink: /home/solhee/irc/install/msgs/local/lib/python3.10/dist-packages/msgs/msg/_line_result.py
[0.224s] -- Up-to-date symlink: /home/solhee/irc/install/msgs/local/lib/python3.10/dist-packages/msgs/msg/_line_result_s.c
[0.224s] -- Up-to-date symlink: /home/solhee/irc/install/msgs/local/lib/python3.10/dist-packages/msgs/msg/_motion_command.py
[0.224s] -- Up-to-date symlink: /home/solhee/irc/install/msgs/local/lib/python3.10/dist-packages/msgs/msg/_motion_command_s.c
[0.224s] -- Up-to-date symlink: /home/solhee/irc/install/msgs/local/lib/python3.10/dist-packages/msgs/msg/_motion_end.py
[0.224s] -- Up-to-date symlink: /home/solhee/irc/install/msgs/local/lib/python3.10/dist-packages/msgs/msg/_motion_end_s.c
[0.224s] -- Up-to-date symlink: /home/solhee/irc/install/msgs/local/lib/python3.10/dist-packages/msgs/msgs_s__rosidl_typesupport_c.cpython-310-x86_64-linux-gnu.so
[0.224s] -- Up-to-date symlink: /home/solhee/irc/install/msgs/local/lib/python3.10/dist-packages/msgs/msgs_s__rosidl_typesupport_fastrtps_c.cpython-310-x86_64-linux-gnu.so
[0.224s] -- Up-to-date symlink: /home/solhee/irc/install/msgs/local/lib/python3.10/dist-packages/msgs/msgs_s__rosidl_typesupport_introspection_c.cpython-310-x86_64-linux-gnu.so
[0.224s] -- Up-to-date symlink: /home/solhee/irc/install/msgs/local/lib/python3.10/dist-packages/msgs/msgs_s__rosidl_typesupport_fastrtps_c.cpython-310-x86_64-linux-gnu.so
[0.224s] -- Up-to-date symlink: /home/solhee/irc/install/msgs/local/lib/python3.10/dist-packages/msgs/msgs_s__rosidl_typesupport_introspection_c.cpython-310-x86_64-linux-gnu.so
[0.224s] -- Up-to-date symlink: /home/solhee/irc/install/msgs/local/lib/python3.10/dist-packages/msgs/msgs_s__rosidl_typesupport_c.cpython-310-x86_64-linux-gnu.so
[0.225s] -- Up-to-date symlink: /home/solhee/irc/install/msgs/share/msgs/msg/LineResult.idl
[0.225s] -- Up-to-date symlink: /home/solhee/irc/install/msgs/share/msgs/msg/BallResult.idl
[0.225s] -- Up-to-date symlink: /home/solhee/irc/install/msgs/share/msgs/msg/HurdleResult.idl
[0.225s] -- Up-to-date symlink: /home/solhee/irc/install/msgs/share/msgs/msg/MotionEnd.idl
[0.225s] -- Up-to-date symlink: /home/solhee/irc/install/msgs/share/msgs/msg/MotionCommand.idl
[0.225s] -- Up-to-date symlink: /home/solhee/irc/install/msgs/share/msgs/msg/LineResult.msg
[0.225s] -- Up-to-date symlink: /home/solhee/irc/install/msgs/share/msgs/msg/BallResult.msg
[0.225s] -- Up-to-date symlink: /home/solhee/irc/install/msgs/share/msgs/msg/HurdleResult.msg
[0.225s] -- Up-to-date symlink: /home/solhee/irc/install/msgs/share/msgs/msg/MotionEnd.msg
[0.225s] -- Up-to-date symlink: /home/solhee/irc/install/msgs/share/msgs/msg/MotionCommand.msg
[0.225s] -- Up-to-date symlink: /home/solhee/irc/install/msgs/share/ament_index/resource_index/package_run_dependencies/msgs
[0.225s] -- Up-to-date symlink: /home/solhee/irc/install/msgs/share/ament_index/resource_index/parent_prefix_path/msgs
[0.226s] -- Up-to-date symlink: /home/solhee/irc/install/msgs/share/msgs/environment/ament_prefix_path.sh
[0.226s] -- Up-to-date symlink: /home/solhee/irc/install/msgs/share/msgs/environment/ament_prefix_path.dsv
[0.226s] -- Up-to-date symlink: /home/solhee/irc/install/msgs/share/msgs/environment/path.sh
[0.226s] -- Up-to-date symlink: /home/solhee/irc/install/msgs/share/msgs/environment/path.dsv
[0.226s] -- Up-to-date symlink: /home/solhee/irc/install/msgs/share/msgs/local_setup.bash
[0.226s] -- Up-to-date symlink: /home/solhee/irc/install/msgs/share/msgs/local_setup.sh
[0.226s] -- Up-to-date symlink: /home/solhee/irc/install/msgs/share/msgs/local_setup.zsh
[0.226s] -- Up-to-date symlink: /home/solhee/irc/install/msgs/share/msgs/local_setup.dsv
[0.226s] -- Symlinking: /home/solhee/irc/install/msgs/share/msgs/package.dsv
[0.231s] -- Up-to-date symlink: /home/solhee/irc/install/msgs/share/ament_index/resource_index/packages/msgs
[0.231s] -- Up-to-date symlink: /home/solhee/irc/install/msgs/share/msgs/cmake/rosidl_cmake-extras.cmake
[0.231s] -- Up-to-date symlink: /home/solhee/irc/install/msgs/share/msgs/cmake/ament_cmake_export_dependencies-extras.cmake
[0.232s] -- Up-to-date symlink: /home/solhee/irc/install/msgs/share/msgs/cmake/ament_cmake_export_include_directories-extras.cmake
[0.232s] -- Up-to-date symlink: /home/solhee/irc/install/msgs/share/msgs/cmake/ament_cmake_export_libraries-extras.cmake
[0.232s] -- Up-to-date symlink: /home/solhee/irc/install/msgs/share/msgs/cmake/ament_cmake_export_targets-extras.cmake
[0.232s] -- Up-to-date symlink: /home/solhee/irc/install/msgs/share/msgs/cmake/rosidl_cmake_export_typesupport_targets-extras.cmake
[0.232s] -- Up-to-date symlink: /home/solhee/irc/install/msgs/share/msgs/cmake/rosidl_cmake_export_typesupport_libraries-extras.cmake
[0.232s] -- Up-to-date symlink: /home/solhee/irc/install/msgs/share/msgs/cmake/msgsConfig.cmake
[0.232s] -- Up-to-date symlink: /home/solhee/irc/install/msgs/share/msgs/cmake/msgsConfig-version.cmake
[0.232s] -- Up-to-date symlink: /home/solhee/irc/install/msgs/share/msgs/package.xml
[0.232s] -- Up-to-date: /home/solhee/irc/install/msgs/lib/libmsgs__rosidl_generator_c.so
[0.232s] -- Up-to-date: /home/solhee/irc/install/msgs/lib/libmsgs__rosidl_typesupport_fastrtps_c.so
[0.232s] -- Up-to-date: /home/solhee/irc/install/msgs/lib/libmsgs__rosidl_typesupport_introspection_c.so
[0.232s] -- Up-to-date: /home/solhee/irc/install/msgs/lib/libmsgs__rosidl_typesupport_c.so
[0.233s] -- Up-to-date: /home/solhee/irc/install/msgs/lib/libmsgs__rosidl_typesupport_fastrtps_cpp.so
[0.233s] -- Up-to-date: /home/solhee/irc/install/msgs/lib/libmsgs__rosidl_typesupport_introspection_cpp.so
[0.233s] -- Up-to-date: /home/solhee/irc/install/msgs/lib/libmsgs__rosidl_typesupport_cpp.so
[0.252s] Listing '/home/solhee/irc/install/msgs/local/lib/python3.10/dist-packages/msgs'...
[0.252s] Listing '/home/solhee/irc/install/msgs/local/lib/python3.10/dist-packages/msgs/msg'...
[0.255s] -- Up-to-date: /home/solhee/irc/install/msgs/lib/libmsgs__rosidl_generator_py.so
[0.255s] -- Up-to-date: /home/solhee/irc/install/msgs/share/msgs/cmake/export_msgs__rosidl_generator_cExport.cmake
[0.255s] -- Up-to-date: /home/solhee/irc/install/msgs/share/msgs/cmake/export_msgs__rosidl_generator_cExport-noconfig.cmake
[0.255s] -- Up-to-date: /home/solhee/irc/install/msgs/share/msgs/cmake/export_msgs__rosidl_typesupport_fastrtps_cExport.cmake
[0.255s] -- Up-to-date: /home/solhee/irc/install/msgs/share/msgs/cmake/export_msgs__rosidl_typesupport_fastrtps_cExport-noconfig.cmake
[0.256s] -- Up-to-date: /home/solhee/irc/install/msgs/share/msgs/cmake/msgs__rosidl_typesupport_introspection_cExport.cmake
[0.256s] -- Up-to-date: /home/solhee/irc/install/msgs/share/msgs/cmake/msgs__rosidl_typesupport_introspection_cExport-noconfig.cmake
[0.256s] -- Up-to-date: /home/solhee/irc/install/msgs/share/msgs/cmake/msgs__rosidl_typesupport_cExport.cmake
[0.256s] -- Up-to-date: /home/solhee/irc/install/msgs/share/msgs/cmake/msgs__rosidl_typesupport_cExport-noconfig.cmake
[0.256s] -- Up-to-date: /home/solhee/irc/install/msgs/share/msgs/cmake/export_msgs__rosidl_generator_cppExport.cmake
[0.256s] -- Up-to-date: /home/solhee/irc/install/msgs/share/msgs/cmake/export_msgs__rosidl_typesupport_fastrtps_cppExport.cmake
[0.256s] -- Up-to-date: /home/solhee/irc/install/msgs/share/msgs/cmake/export_msgs__rosidl_typesupport_fastrtps_cppExport-noconfig.cmake
[0.256s] -- Up-to-date: /home/solhee/irc/install/msgs/share/msgs/cmake/msgs__rosidl_typesupport_introspection_cppExport.cmake
[0.256s] -- Up-to-date: /home/solhee/irc/install/msgs/share/msgs/cmake/msgs__rosidl_typesupport_introspection_cppExport-noconfig.cmake
[0.256s] -- Up-to-date: /home/solhee/irc/install/msgs/share/msgs/cmake/msgs__rosidl_typesupport_cppExport.cmake
[0.256s] -- Up-to-date: /home/solhee/irc/install/msgs/share/msgs/cmake/msgs__rosidl_typesupport_cppExport-noconfig.cmake
[0.256s] -- Up-to-date: /home/solhee/irc/install/msgs/share/msgs/cmake/export_msgs__rosidl_generator_pyExport.cmake
[0.256s] -- Up-to-date: /home/solhee/irc/install/msgs/share/msgs/cmake/export_msgs__rosidl_generator_pyExport-noconfig.cmake
[0.257s] Invoked command in '/home/solhee/irc/build/msgs' returned '0': /usr/bin/cmake --install /home/solhee/irc/build/msgs
