[0.157s] Invoking command in '/home/solhee/irc/build/motion': CMAKE_PREFIX_PATH=${CMAKE_PREFIX_PATH}:/home/solhee/irc/install/robot_bringup:/home/solhee/irc/install/decision:/home/solhee/ros2_study/install/sol_package:/home/solhee/ros2_study/install/sol_line_track:/home/solhee/ros2_study/install/rnd:/home/solhee/ros2_study/install/my_first_package:/opt/ros/humble /usr/bin/cmake /home/solhee/irc/src/motion -DCMAKE_INSTALL_PREFIX=/home/solhee/irc/install/motion
[0.163s] -- Found rclcpp: 16.0.18 (/opt/ros/humble/share/rclcpp/cmake)
[0.265s] -- Found rosidl_generator_c: 3.1.8 (/opt/ros/humble/share/rosidl_generator_c/cmake)
[0.266s] -- Found rosidl_adapter: 3.1.8 (/opt/ros/humble/share/rosidl_adapter/cmake)
[0.270s] -- Found rosidl_generator_cpp: 3.1.8 (/opt/ros/humble/share/rosidl_generator_cpp/cmake)
[0.276s] -- Using all available rosidl_typesupport_c: rosidl_typesupport_fastrtps_c;rosidl_typesupport_introspection_c
[0.284s] -- Using all available rosidl_typesupport_cpp: rosidl_typesupport_fastrtps_cpp;rosidl_typesupport_introspection_cpp
[0.304s] -- Found rmw_implementation_cmake: 6.1.2 (/opt/ros/humble/share/rmw_implementation_cmake/cmake)
[0.305s] -- Found rmw_fastrtps_cpp: 6.2.10 (/opt/ros/humble/share/rmw_fastrtps_cpp/cmake)
[0.369s] -- Using RMW implementation 'rmw_fastrtps_cpp' as default
[0.406s] [31mCMake Error at CMakeLists.txt:11 (find_package):
[0.406s]   By not providing "Finddynamixel_sdk.cmake" in CMAKE_MODULE_PATH this
[0.407s]   project has asked CMake to find a package configuration file provided by
[0.407s]   "dynamixel_sdk", but CMake did not find one.
[0.407s] 
[0.407s]   Could not find a package configuration file provided by "dynamixel_sdk"
[0.407s]   with any of the following names:
[0.407s] 
[0.407s]     dynamixel_sdkConfig.cmake
[0.407s]     dynamixel_sdk-config.cmake
[0.407s] 
[0.407s]   Add the installation prefix of "dynamixel_sdk" to CMAKE_PREFIX_PATH or set
[0.407s]   "dynamixel_sdk_DIR" to a directory containing one of the above files.  If
[0.407s]   "dynamixel_sdk" provides a separate development package or SDK, be sure it
[0.407s]   has been installed.
[0.407s] 
[0.407s] [0m
[0.407s] -- Configuring incomplete, errors occurred!
[0.407s] See also "/home/solhee/irc/build/motion/CMakeFiles/CMakeOutput.log".
[0.411s] Invoked command in '/home/solhee/irc/build/motion' returned '1': CMAKE_PREFIX_PATH=${CMAKE_PREFIX_PATH}:/home/solhee/irc/install/robot_bringup:/home/solhee/irc/install/decision:/home/solhee/ros2_study/install/sol_package:/home/solhee/ros2_study/install/sol_line_track:/home/solhee/ros2_study/install/rnd:/home/solhee/ros2_study/install/my_first_package:/opt/ros/humble /usr/bin/cmake /home/solhee/irc/src/motion -DCMAKE_INSTALL_PREFIX=/home/solhee/irc/install/motion
