[0.133s] Invoking command in '/home/solhee/irc/build/vision': CMAKE_PREFIX_PATH=${CMAKE_PREFIX_PATH}:/home/solhee/irc/install/robot_bringup:/home/solhee/irc/install/decision:/home/solhee/ros2_study/install/sol_package:/home/solhee/ros2_study/install/sol_line_track:/home/solhee/ros2_study/install/rnd:/home/solhee/ros2_study/install/my_first_package:/opt/ros/humble PS1=\[\e]0;\u@\h: \w\a\]${debian_chroot:+($debian_chroot)}\[\033[01;32m\]\u@\h\[\033[00m\]:\[\033[01;34m\]\w\[\033[00m\]\$ /usr/bin/cmake /home/solhee/irc/src/vision -DCMAKE_INSTALL_PREFIX=/home/solhee/irc/install/vision
[0.140s] -- Found ament_cmake: 1.3.13 (/opt/ros/humble/share/ament_cmake/cmake)
[0.226s] -- Found rclpy: 3.3.20 (/opt/ros/humble/share/rclpy/cmake)
[0.226s] -- Found sensor_msgs: 4.9.1 (/opt/ros/humble/share/sensor_msgs/cmake)
[0.242s] -- Found rosidl_generator_c: 3.1.8 (/opt/ros/humble/share/rosidl_generator_c/cmake)
[0.243s] -- Found rosidl_adapter: 3.1.8 (/opt/ros/humble/share/rosidl_adapter/cmake)
[0.247s] -- Found rosidl_generator_cpp: 3.1.8 (/opt/ros/humble/share/rosidl_generator_cpp/cmake)
[0.253s] -- Using all available rosidl_typesupport_c: rosidl_typesupport_fastrtps_c;rosidl_typesupport_introspection_c
[0.260s] -- Using all available rosidl_typesupport_cpp: rosidl_typesupport_fastrtps_cpp;rosidl_typesupport_introspection_cpp
[0.293s] -- Found cv_bridge: 3.2.1 (/opt/ros/humble/share/cv_bridge/cmake)
[0.298s] -- Found message_filters: 4.3.14 (/opt/ros/humble/share/message_filters/cmake)
[0.315s] -- Found rmw_implementation_cmake: 6.1.2 (/opt/ros/humble/share/rmw_implementation_cmake/cmake)
[0.316s] -- Found rmw_fastrtps_cpp: 6.2.10 (/opt/ros/humble/share/rmw_fastrtps_cpp/cmake)
[0.380s] -- Using RMW implementation 'rmw_fastrtps_cpp' as default
[0.467s] -- Configuring done
[0.469s] -- Generating done
[0.471s] -- Build files have been written to: /home/solhee/irc/build/vision
[0.475s] Invoked command in '/home/solhee/irc/build/vision' returned '0': CMAKE_PREFIX_PATH=${CMAKE_PREFIX_PATH}:/home/solhee/irc/install/robot_bringup:/home/solhee/irc/install/decision:/home/solhee/ros2_study/install/sol_package:/home/solhee/ros2_study/install/sol_line_track:/home/solhee/ros2_study/install/rnd:/home/solhee/ros2_study/install/my_first_package:/opt/ros/humble PS1=\[\e]0;\u@\h: \w\a\]${debian_chroot:+($debian_chroot)}\[\033[01;32m\]\u@\h\[\033[00m\]:\[\033[01;34m\]\w\[\033[00m\]\$ /usr/bin/cmake /home/solhee/irc/src/vision -DCMAKE_INSTALL_PREFIX=/home/solhee/irc/install/vision
[0.476s] Invoking command in '/home/solhee/irc/build/vision': CMAKE_PREFIX_PATH=${CMAKE_PREFIX_PATH}:/home/solhee/irc/install/robot_bringup:/home/solhee/irc/install/decision:/home/solhee/ros2_study/install/sol_package:/home/solhee/ros2_study/install/sol_line_track:/home/solhee/ros2_study/install/rnd:/home/solhee/ros2_study/install/my_first_package:/opt/ros/humble PS1=\[\e]0;\u@\h: \w\a\]${debian_chroot:+($debian_chroot)}\[\033[01;32m\]\u@\h\[\033[00m\]:\[\033[01;34m\]\w\[\033[00m\]\$ /usr/bin/cmake --build /home/solhee/irc/build/vision -- -j12 -l12
[0.499s] Invoked command in '/home/solhee/irc/build/vision' returned '0': CMAKE_PREFIX_PATH=${CMAKE_PREFIX_PATH}:/home/solhee/irc/install/robot_bringup:/home/solhee/irc/install/decision:/home/solhee/ros2_study/install/sol_package:/home/solhee/ros2_study/install/sol_line_track:/home/solhee/ros2_study/install/rnd:/home/solhee/ros2_study/install/my_first_package:/opt/ros/humble PS1=\[\e]0;\u@\h: \w\a\]${debian_chroot:+($debian_chroot)}\[\033[01;32m\]\u@\h\[\033[00m\]:\[\033[01;34m\]\w\[\033[00m\]\$ /usr/bin/cmake --build /home/solhee/irc/build/vision -- -j12 -l12
[0.505s] Invoking command in '/home/solhee/irc/build/vision': CMAKE_PREFIX_PATH=${CMAKE_PREFIX_PATH}:/home/solhee/irc/install/robot_bringup:/home/solhee/irc/install/decision:/home/solhee/ros2_study/install/sol_package:/home/solhee/ros2_study/install/sol_line_track:/home/solhee/ros2_study/install/rnd:/home/solhee/ros2_study/install/my_first_package:/opt/ros/humble PS1=\[\e]0;\u@\h: \w\a\]${debian_chroot:+($debian_chroot)}\[\033[01;32m\]\u@\h\[\033[00m\]:\[\033[01;34m\]\w\[\033[00m\]\$ /usr/bin/cmake --install /home/solhee/irc/build/vision
[0.509s] -- Install configuration: ""
[0.509s] -- Up-to-date: /home/solhee/irc/install/vision/lib/vision/yolo_detector.py
[0.509s] -- Up-to-date: /home/solhee/irc/install/vision/lib/vision/ball_vision_fusion.py
[0.510s] -- Up-to-date: /home/solhee/irc/install/vision/share/vision/config
[0.510s] -- Up-to-date: /home/solhee/irc/install/vision/share/vision/config/settings.ini
[0.510s] -- Up-to-date: /home/solhee/irc/install/vision/share/ament_index/resource_index/package_run_dependencies/vision
[0.510s] -- Up-to-date: /home/solhee/irc/install/vision/share/ament_index/resource_index/parent_prefix_path/vision
[0.510s] -- Up-to-date: /home/solhee/irc/install/vision/share/vision/environment/ament_prefix_path.sh
[0.510s] -- Installing: /home/solhee/irc/install/vision/share/vision/environment/ament_prefix_path.dsv
[0.510s] -- Up-to-date: /home/solhee/irc/install/vision/share/vision/environment/path.sh
[0.510s] -- Installing: /home/solhee/irc/install/vision/share/vision/environment/path.dsv
[0.510s] -- Up-to-date: /home/solhee/irc/install/vision/share/vision/local_setup.bash
[0.510s] -- Up-to-date: /home/solhee/irc/install/vision/share/vision/local_setup.sh
[0.510s] -- Up-to-date: /home/solhee/irc/install/vision/share/vision/local_setup.zsh
[0.510s] -- Installing: /home/solhee/irc/install/vision/share/vision/local_setup.dsv
[0.510s] -- Installing: /home/solhee/irc/install/vision/share/vision/package.dsv
[0.510s] -- Up-to-date: /home/solhee/irc/install/vision/share/ament_index/resource_index/packages/vision
[0.510s] -- Up-to-date: /home/solhee/irc/install/vision/share/vision/cmake/visionConfig.cmake
[0.510s] -- Up-to-date: /home/solhee/irc/install/vision/share/vision/cmake/visionConfig-version.cmake
[0.510s] -- Up-to-date: /home/solhee/irc/install/vision/share/vision/package.xml
[0.512s] Invoked command in '/home/solhee/irc/build/vision' returned '0': CMAKE_PREFIX_PATH=${CMAKE_PREFIX_PATH}:/home/solhee/irc/install/robot_bringup:/home/solhee/irc/install/decision:/home/solhee/ros2_study/install/sol_package:/home/solhee/ros2_study/install/sol_line_track:/home/solhee/ros2_study/install/rnd:/home/solhee/ros2_study/install/my_first_package:/opt/ros/humble PS1=\[\e]0;\u@\h: \w\a\]${debian_chroot:+($debian_chroot)}\[\033[01;32m\]\u@\h\[\033[00m\]:\[\033[01;34m\]\w\[\033[00m\]\$ /usr/bin/cmake --install /home/solhee/irc/build/vision
