[0.007s] Invoking command in '/home/solhee/irc/build/vision': CMAKE_PREFIX_PATH=/home/solhee/irc/install/msgs:/home/solhee/irc/install/vision:/home/solhee/irc/install/dynamixel_sdk:/home/solhee/ros2_study/install/realsense2_description:/home/solhee/ros2_study/install/realsense2_camera:/home/solhee/ros2_study/install/realsense2_camera_msgs:/home/solhee/ros2_study/install/my_first_package_msgs:/home/solhee/irc/install/robot_bringup:/home/solhee/irc/install/decision:/home/solhee/ros2_study/install/sol_package:/home/solhee/ros2_study/install/sol_line_track:/home/solhee/ros2_study/install/rnd:/home/solhee/ros2_study/install/my_first_package:/opt/ros/humble PS1=\[\e]0;\u@\h: \w\a\]${debian_chroot:+($debian_chroot)}\[\033[01;32m\]\u@\h\[\033[00m\]:\[\033[01;34m\]\w\[\033[00m\]\$ /usr/bin/cmake /home/solhee/irc/src/vision -DCMAKE_INSTALL_PREFIX=/home/solhee/irc/install/vision
[0.016s] -- Found ament_cmake: 1.3.13 (/opt/ros/humble/share/ament_cmake/cmake)
[0.096s] -- Override CMake install command with custom implementation using symlinks instead of copying resources
[0.099s] -- Found rclpy: 3.3.20 (/opt/ros/humble/share/rclpy/cmake)
[0.100s] -- Found sensor_msgs: 4.9.1 (/opt/ros/humble/share/sensor_msgs/cmake)
[0.114s] -- Found rosidl_generator_c: 3.1.8 (/opt/ros/humble/share/rosidl_generator_c/cmake)
[0.115s] -- Found rosidl_adapter: 3.1.8 (/opt/ros/humble/share/rosidl_adapter/cmake)
[0.119s] -- Found rosidl_generator_cpp: 3.1.8 (/opt/ros/humble/share/rosidl_generator_cpp/cmake)
[0.124s] -- Using all available rosidl_typesupport_c: rosidl_typesupport_fastrtps_c;rosidl_typesupport_introspection_c
[0.132s] -- Using all available rosidl_typesupport_cpp: rosidl_typesupport_fastrtps_cpp;rosidl_typesupport_introspection_cpp
[0.162s] -- Found cv_bridge: 3.2.1 (/opt/ros/humble/share/cv_bridge/cmake)
[0.167s] -- Found message_filters: 4.3.14 (/opt/ros/humble/share/message_filters/cmake)
[0.182s] -- Found rmw_implementation_cmake: 6.1.2 (/opt/ros/humble/share/rmw_implementation_cmake/cmake)
[0.183s] -- Found rmw_fastrtps_cpp: 6.2.10 (/opt/ros/humble/share/rmw_fastrtps_cpp/cmake)
[0.242s] -- Using RMW implementation 'rmw_fastrtps_cpp' as default
[0.264s] -- Found msgs: 0.0.0 (/home/solhee/irc/install/msgs/share/msgs/cmake)
[0.330s] -- Configuring done
[0.332s] -- Generating done
[0.333s] -- Build files have been written to: /home/solhee/irc/build/vision
[0.339s] Invoked command in '/home/solhee/irc/build/vision' returned '0': CMAKE_PREFIX_PATH=/home/solhee/irc/install/msgs:/home/solhee/irc/install/vision:/home/solhee/irc/install/dynamixel_sdk:/home/solhee/ros2_study/install/realsense2_description:/home/solhee/ros2_study/install/realsense2_camera:/home/solhee/ros2_study/install/realsense2_camera_msgs:/home/solhee/ros2_study/install/my_first_package_msgs:/home/solhee/irc/install/robot_bringup:/home/solhee/irc/install/decision:/home/solhee/ros2_study/install/sol_package:/home/solhee/ros2_study/install/sol_line_track:/home/solhee/ros2_study/install/rnd:/home/solhee/ros2_study/install/my_first_package:/opt/ros/humble PS1=\[\e]0;\u@\h: \w\a\]${debian_chroot:+($debian_chroot)}\[\033[01;32m\]\u@\h\[\033[00m\]:\[\033[01;34m\]\w\[\033[00m\]\$ /usr/bin/cmake /home/solhee/irc/src/vision -DCMAKE_INSTALL_PREFIX=/home/solhee/irc/install/vision
[0.339s] Invoking command in '/home/solhee/irc/build/vision': CMAKE_PREFIX_PATH=/home/solhee/irc/install/msgs:/home/solhee/irc/install/vision:/home/solhee/irc/install/dynamixel_sdk:/home/solhee/ros2_study/install/realsense2_description:/home/solhee/ros2_study/install/realsense2_camera:/home/solhee/ros2_study/install/realsense2_camera_msgs:/home/solhee/ros2_study/install/my_first_package_msgs:/home/solhee/irc/install/robot_bringup:/home/solhee/irc/install/decision:/home/solhee/ros2_study/install/sol_package:/home/solhee/ros2_study/install/sol_line_track:/home/solhee/ros2_study/install/rnd:/home/solhee/ros2_study/install/my_first_package:/opt/ros/humble PS1=\[\e]0;\u@\h: \w\a\]${debian_chroot:+($debian_chroot)}\[\033[01;32m\]\u@\h\[\033[00m\]:\[\033[01;34m\]\w\[\033[00m\]\$ /usr/bin/cmake --build /home/solhee/irc/build/vision -- -j12 -l12
[0.366s] Invoked command in '/home/solhee/irc/build/vision' returned '0': CMAKE_PREFIX_PATH=/home/solhee/irc/install/msgs:/home/solhee/irc/install/vision:/home/solhee/irc/install/dynamixel_sdk:/home/solhee/ros2_study/install/realsense2_description:/home/solhee/ros2_study/install/realsense2_camera:/home/solhee/ros2_study/install/realsense2_camera_msgs:/home/solhee/ros2_study/install/my_first_package_msgs:/home/solhee/irc/install/robot_bringup:/home/solhee/irc/install/decision:/home/solhee/ros2_study/install/sol_package:/home/solhee/ros2_study/install/sol_line_track:/home/solhee/ros2_study/install/rnd:/home/solhee/ros2_study/install/my_first_package:/opt/ros/humble PS1=\[\e]0;\u@\h: \w\a\]${debian_chroot:+($debian_chroot)}\[\033[01;32m\]\u@\h\[\033[00m\]:\[\033[01;34m\]\w\[\033[00m\]\$ /usr/bin/cmake --build /home/solhee/irc/build/vision -- -j12 -l12
[0.375s] Invoking command in '/home/solhee/irc/build/vision': CMAKE_PREFIX_PATH=/home/solhee/irc/install/msgs:/home/solhee/irc/install/vision:/home/solhee/irc/install/dynamixel_sdk:/home/solhee/ros2_study/install/realsense2_description:/home/solhee/ros2_study/install/realsense2_camera:/home/solhee/ros2_study/install/realsense2_camera_msgs:/home/solhee/ros2_study/install/my_first_package_msgs:/home/solhee/irc/install/robot_bringup:/home/solhee/irc/install/decision:/home/solhee/ros2_study/install/sol_package:/home/solhee/ros2_study/install/sol_line_track:/home/solhee/ros2_study/install/rnd:/home/solhee/ros2_study/install/my_first_package:/opt/ros/humble PS1=\[\e]0;\u@\h: \w\a\]${debian_chroot:+($debian_chroot)}\[\033[01;32m\]\u@\h\[\033[00m\]:\[\033[01;34m\]\w\[\033[00m\]\$ /usr/bin/cmake --install /home/solhee/irc/build/vision
[0.388s] -- Install configuration: ""
[0.388s] -- Execute custom install script
[0.389s] -- Up-to-date symlink: /home/solhee/irc/install/vision/lib/vision/yolo_detector.py
[0.389s] -- Up-to-date symlink: /home/solhee/irc/install/vision/lib/vision/ball_vision_fusion.py
[0.389s] -- Up-to-date symlink: /home/solhee/irc/install/vision/lib/vision/line_status_publisher.py
[0.389s] -- Up-to-date symlink: /home/solhee/irc/install/vision/share/vision/config/settings.ini
[0.390s] -- Up-to-date symlink: /home/solhee/irc/install/vision/share/ament_index/resource_index/package_run_dependencies/vision
[0.390s] -- Up-to-date symlink: /home/solhee/irc/install/vision/share/ament_index/resource_index/parent_prefix_path/vision
[0.390s] -- Up-to-date symlink: /home/solhee/irc/install/vision/share/vision/environment/ament_prefix_path.sh
[0.390s] -- Up-to-date symlink: /home/solhee/irc/install/vision/share/vision/environment/ament_prefix_path.dsv
[0.391s] -- Up-to-date symlink: /home/solhee/irc/install/vision/share/vision/environment/path.sh
[0.391s] -- Up-to-date symlink: /home/solhee/irc/install/vision/share/vision/environment/path.dsv
[0.391s] -- Up-to-date symlink: /home/solhee/irc/install/vision/share/vision/local_setup.bash
[0.391s] -- Up-to-date symlink: /home/solhee/irc/install/vision/share/vision/local_setup.sh
[0.391s] -- Up-to-date symlink: /home/solhee/irc/install/vision/share/vision/local_setup.zsh
[0.392s] -- Up-to-date symlink: /home/solhee/irc/install/vision/share/vision/local_setup.dsv
[0.392s] -- Symlinking: /home/solhee/irc/install/vision/share/vision/package.dsv
[0.403s] -- Up-to-date symlink: /home/solhee/irc/install/vision/share/ament_index/resource_index/packages/vision
[0.403s] -- Up-to-date symlink: /home/solhee/irc/install/vision/share/vision/cmake/visionConfig.cmake
[0.403s] -- Up-to-date symlink: /home/solhee/irc/install/vision/share/vision/cmake/visionConfig-version.cmake
[0.403s] -- Up-to-date symlink: /home/solhee/irc/install/vision/share/vision/package.xml
[0.406s] Invoked command in '/home/solhee/irc/build/vision' returned '0': CMAKE_PREFIX_PATH=/home/solhee/irc/install/msgs:/home/solhee/irc/install/vision:/home/solhee/irc/install/dynamixel_sdk:/home/solhee/ros2_study/install/realsense2_description:/home/solhee/ros2_study/install/realsense2_camera:/home/solhee/ros2_study/install/realsense2_camera_msgs:/home/solhee/ros2_study/install/my_first_package_msgs:/home/solhee/irc/install/robot_bringup:/home/solhee/irc/install/decision:/home/solhee/ros2_study/install/sol_package:/home/solhee/ros2_study/install/sol_line_track:/home/solhee/ros2_study/install/rnd:/home/solhee/ros2_study/install/my_first_package:/opt/ros/humble PS1=\[\e]0;\u@\h: \w\a\]${debian_chroot:+($debian_chroot)}\[\033[01;32m\]\u@\h\[\033[00m\]:\[\033[01;34m\]\w\[\033[00m\]\$ /usr/bin/cmake --install /home/solhee/irc/build/vision
