[0.008s] Invoking command in '/home/solhee/irc/build/vision': CMAKE_PREFIX_PATH=/home/solhee/irc/install/msgs:/home/solhee/irc/install/vision:/home/solhee/ros2_study/install/realsense2_description:/home/solhee/ros2_study/install/realsense2_camera:/home/solhee/ros2_study/install/realsense2_camera_msgs:/home/solhee/ros2_study/install/my_first_package_msgs:/home/solhee/irc/install/robot_bringup:/home/solhee/irc/install/decision:/home/solhee/ros2_study/install/sol_package:/home/solhee/ros2_study/install/sol_line_track:/home/solhee/ros2_study/install/rnd:/home/solhee/ros2_study/install/my_first_package:/opt/ros/humble /usr/bin/cmake --build /home/solhee/irc/build/vision -- -j12 -l12
[0.030s] Invoked command in '/home/solhee/irc/build/vision' returned '0': CMAKE_PREFIX_PATH=/home/solhee/irc/install/msgs:/home/solhee/irc/install/vision:/home/solhee/ros2_study/install/realsense2_description:/home/solhee/ros2_study/install/realsense2_camera:/home/solhee/ros2_study/install/realsense2_camera_msgs:/home/solhee/ros2_study/install/my_first_package_msgs:/home/solhee/irc/install/robot_bringup:/home/solhee/irc/install/decision:/home/solhee/ros2_study/install/sol_package:/home/solhee/ros2_study/install/sol_line_track:/home/solhee/ros2_study/install/rnd:/home/solhee/ros2_study/install/my_first_package:/opt/ros/humble /usr/bin/cmake --build /home/solhee/irc/build/vision -- -j12 -l12
[0.036s] Invoking command in '/home/solhee/irc/build/vision': CMAKE_PREFIX_PATH=/home/solhee/irc/install/msgs:/home/solhee/irc/install/vision:/home/solhee/ros2_study/install/realsense2_description:/home/solhee/ros2_study/install/realsense2_camera:/home/solhee/ros2_study/install/realsense2_camera_msgs:/home/solhee/ros2_study/install/my_first_package_msgs:/home/solhee/irc/install/robot_bringup:/home/solhee/irc/install/decision:/home/solhee/ros2_study/install/sol_package:/home/solhee/ros2_study/install/sol_line_track:/home/solhee/ros2_study/install/rnd:/home/solhee/ros2_study/install/my_first_package:/opt/ros/humble /usr/bin/cmake --install /home/solhee/irc/build/vision
[0.042s] -- Install configuration: ""
[0.042s] -- Execute custom install script
[0.042s] -- Up-to-date symlink: /home/solhee/irc/install/vision/lib/vision/yolo_detector.py
[0.042s] -- Up-to-date symlink: /home/solhee/irc/install/vision/lib/vision/realsense_ball_detector.py
[0.042s] -- Up-to-date symlink: /home/solhee/irc/install/vision/lib/vision/ball_vision_fusion.py
[0.043s] -- Up-to-date symlink: /home/solhee/irc/install/vision/lib/vision/line_status_publisher.py
[0.043s] -- Up-to-date symlink: /home/solhee/irc/install/vision/lib/vision/ball_status_publisher.py
[0.043s] -- Up-to-date symlink: /home/solhee/irc/install/vision/lib/vision/hurdle_status_publisher.py
[0.043s] -- Up-to-date symlink: /home/solhee/irc/install/vision/share/vision/config/settings.ini
[0.043s] -- Up-to-date symlink: /home/solhee/irc/install/vision/share/ament_index/resource_index/package_run_dependencies/vision
[0.043s] -- Up-to-date symlink: /home/solhee/irc/install/vision/share/ament_index/resource_index/parent_prefix_path/vision
[0.043s] -- Up-to-date symlink: /home/solhee/irc/install/vision/share/vision/environment/ament_prefix_path.sh
[0.043s] -- Up-to-date symlink: /home/solhee/irc/install/vision/share/vision/environment/ament_prefix_path.dsv
[0.043s] -- Up-to-date symlink: /home/solhee/irc/install/vision/share/vision/environment/path.sh
[0.043s] -- Up-to-date symlink: /home/solhee/irc/install/vision/share/vision/environment/path.dsv
[0.043s] -- Up-to-date symlink: /home/solhee/irc/install/vision/share/vision/local_setup.bash
[0.043s] -- Up-to-date symlink: /home/solhee/irc/install/vision/share/vision/local_setup.sh
[0.043s] -- Up-to-date symlink: /home/solhee/irc/install/vision/share/vision/local_setup.zsh
[0.043s] -- Up-to-date symlink: /home/solhee/irc/install/vision/share/vision/local_setup.dsv
[0.044s] -- Symlinking: /home/solhee/irc/install/vision/share/vision/package.dsv
[0.049s] -- Up-to-date symlink: /home/solhee/irc/install/vision/share/ament_index/resource_index/packages/vision
[0.049s] -- Up-to-date symlink: /home/solhee/irc/install/vision/share/vision/cmake/visionConfig.cmake
[0.049s] -- Up-to-date symlink: /home/solhee/irc/install/vision/share/vision/cmake/visionConfig-version.cmake
[0.049s] -- Up-to-date symlink: /home/solhee/irc/install/vision/share/vision/package.xml
[0.051s] Invoked command in '/home/solhee/irc/build/vision' returned '0': CMAKE_PREFIX_PATH=/home/solhee/irc/install/msgs:/home/solhee/irc/install/vision:/home/solhee/ros2_study/install/realsense2_description:/home/solhee/ros2_study/install/realsense2_camera:/home/solhee/ros2_study/install/realsense2_camera_msgs:/home/solhee/ros2_study/install/my_first_package_msgs:/home/solhee/irc/install/robot_bringup:/home/solhee/irc/install/decision:/home/solhee/ros2_study/install/sol_package:/home/solhee/ros2_study/install/sol_line_track:/home/solhee/ros2_study/install/rnd:/home/solhee/ros2_study/install/my_first_package:/opt/ros/humble /usr/bin/cmake --install /home/solhee/irc/build/vision
