running egg_info
writing ../../build/decision/decision.egg-info/PKG-INFO
writing dependency_links to ../../build/decision/decision.egg-info/dependency_links.txt
writing entry points to ../../build/decision/decision.egg-info/entry_points.txt
writing requirements to ../../build/decision/decision.egg-info/requires.txt
writing top-level names to ../../build/decision/decision.egg-info/top_level.txt
reading manifest file '../../build/decision/decision.egg-info/SOURCES.txt'
writing manifest file '../../build/decision/decision.egg-info/SOURCES.txt'
running build
running build_py
copying decision/__init__.py -> /home/solhee/irc/build/decision/build/lib/decision
copying decision/main_decision.py -> /home/solhee/irc/build/decision/build/lib/decision
running install
running install_lib
running install_data
copying resource/decision -> /home/solhee/irc/install/decision/share/ament_index/resource_index/packages
copying package.xml -> /home/solhee/irc/install/decision/share/decision
running install_egg_info
removing '/home/solhee/irc/install/decision/lib/python3.10/site-packages/decision-0.0.0-py3.10.egg-info' (and everything under it)
Copying ../../build/decision/decision.egg-info to /home/solhee/irc/install/decision/lib/python3.10/site-packages/decision-0.0.0-py3.10.egg-info
running install_scripts
Installing main_decision script to /home/solhee/irc/install/decision/lib/decision
writing list of installed files to '/home/solhee/irc/build/decision/install.log'
