[0.361s] Invoking command in '/home/solhee/irc/src/decision': PS1=\[\e]0;\u@\h: \w\a\]${debian_chroot:+($debian_chroot)}\[\033[01;32m\]\u@\h\[\033[00m\]:\[\033[01;34m\]\w\[\033[00m\]\$ PYTHONPATH=/home/solhee/irc/build/decision/prefix_override:/usr/lib/python3/dist-packages/colcon_core/task/python/colcon_distutils_commands:/home/solhee/irc/install/decision/lib/python3.10/site-packages:${PYTHONPATH} /usr/bin/python3 -W ignore:setup.py install is deprecated -W ignore:easy_install command is deprecated setup.py egg_info --egg-base ../../build/decision build --build-base /home/solhee/irc/build/decision/build install --record /home/solhee/irc/build/decision/install.log --single-version-externally-managed install_data
[0.509s] running egg_info
[0.518s] writing ../../build/decision/decision.egg-info/PKG-INFO
[0.519s] writing dependency_links to ../../build/decision/decision.egg-info/dependency_links.txt
[0.519s] writing entry points to ../../build/decision/decision.egg-info/entry_points.txt
[0.519s] writing requirements to ../../build/decision/decision.egg-info/requires.txt
[0.519s] writing top-level names to ../../build/decision/decision.egg-info/top_level.txt
[0.539s] reading manifest file '../../build/decision/decision.egg-info/SOURCES.txt'
[0.539s] writing manifest file '../../build/decision/decision.egg-info/SOURCES.txt'
[0.539s] running build
[0.539s] running build_py
[0.540s] copying decision/__init__.py -> /home/solhee/irc/build/decision/build/lib/decision
[0.540s] copying decision/main_decision.py -> /home/solhee/irc/build/decision/build/lib/decision
[0.540s] running install
[0.542s] running install_lib
[0.552s] running install_data
[0.552s] copying resource/decision -> /home/solhee/irc/install/decision/share/ament_index/resource_index/packages
[0.552s] copying package.xml -> /home/solhee/irc/install/decision/share/decision
[0.552s] running install_egg_info
[0.563s] removing '/home/solhee/irc/install/decision/lib/python3.10/site-packages/decision-0.0.0-py3.10.egg-info' (and everything under it)
[0.563s] Copying ../../build/decision/decision.egg-info to /home/solhee/irc/install/decision/lib/python3.10/site-packages/decision-0.0.0-py3.10.egg-info
[0.563s] running install_scripts
[0.582s] Installing main_decision script to /home/solhee/irc/install/decision/lib/decision
[0.582s] writing list of installed files to '/home/solhee/irc/build/decision/install.log'
[0.595s] Invoked command in '/home/solhee/irc/src/decision' returned '0': PS1=\[\e]0;\u@\h: \w\a\]${debian_chroot:+($debian_chroot)}\[\033[01;32m\]\u@\h\[\033[00m\]:\[\033[01;34m\]\w\[\033[00m\]\$ PYTHONPATH=/home/solhee/irc/build/decision/prefix_override:/usr/lib/python3/dist-packages/colcon_core/task/python/colcon_distutils_commands:/home/solhee/irc/install/decision/lib/python3.10/site-packages:${PYTHONPATH} /usr/bin/python3 -W ignore:setup.py install is deprecated -W ignore:easy_install command is deprecated setup.py egg_info --egg-base ../../build/decision build --build-base /home/solhee/irc/build/decision/build install --record /home/solhee/irc/build/decision/install.log --single-version-externally-managed install_data
