[0.156s] Invoking command in '/home/solhee/irc/build/motion': /usr/bin/cmake /home/solhee/irc/src/motion -DCMAKE_INSTALL_PREFIX=/home/solhee/irc/install/motion
[0.161s] -- Found rclcpp: 16.0.18 (/opt/ros/humble/share/rclcpp/cmake)
[0.246s] Traceback (most recent call last):
[0.246s]   File "/opt/ros/humble/share/ament_cmake_core/cmake/package_templates/templates_2_cmake.py", line 21, in <module>
[0.246s]     from ament_package.templates import get_environment_hook_template_path
[0.247s] ModuleNotFoundError: No module named 'ament_package'
[0.254s] [31mCMake Error at /opt/ros/humble/share/ament_cmake_core/cmake/ament_cmake_package_templates-extras.cmake:41 (message):
[0.254s]   execute_process(/usr/bin/python3
[0.254s]   /opt/ros/humble/share/ament_cmake_core/cmake/package_templates/templates_2_cmake.py
[0.254s]   /home/solhee/irc/build/motion/ament_cmake_package_templates/templates.cmake)
[0.254s]   returned error code 1
[0.254s] Call Stack (most recent call first):
[0.254s]   /opt/ros/humble/share/ament_cmake_core/cmake/ament_cmake_coreConfig.cmake:41 (include)
[0.255s]   /opt/ros/humble/share/rclcpp/cmake/ament_cmake_export_include_directories-extras.cmake:8 (find_package)
[0.255s]   /opt/ros/humble/share/rclcpp/cmake/rclcppConfig.cmake:41 (include)
[0.255s]   CMakeLists.txt:10 (find_package)
[0.255s] 
[0.255s] [0m
[0.255s] -- Configuring incomplete, errors occurred!
[0.255s] See also "/home/solhee/irc/build/motion/CMakeFiles/CMakeOutput.log".
[0.268s] Invoked command in '/home/solhee/irc/build/motion' returned '1': /usr/bin/cmake /home/solhee/irc/src/motion -DCMAKE_INSTALL_PREFIX=/home/solhee/irc/install/motion
