[0.006s] Invoking command in '/home/solhee/irc/build/msgs': CMAKE_PREFIX_PATH=${CMAKE_PREFIX_PATH}:/home/solhee/irc/install/robot_bringup:/home/solhee/irc/install/decision:/home/solhee/ros2_study/install/sol_package:/home/solhee/ros2_study/install/sol_line_track:/home/solhee/ros2_study/install/rnd:/home/solhee/ros2_study/install/my_first_package:/opt/ros/humble /usr/bin/cmake /home/solhee/irc/src/msgs -DAMENT_CMAKE_SYMLINK_INSTALL=1 -DCMAKE_INSTALL_PREFIX=/home/solhee/irc/install/msgs
[0.013s] -- Found ament_cmake: 1.3.13 (/opt/ros/humble/share/ament_cmake/cmake)
[0.101s] -- Override CMake install command with custom implementation using symlinks instead of copying resources
[0.105s] -- Found rosidl_default_generators: 1.2.0 (/opt/ros/humble/share/rosidl_default_generators/cmake)
[0.107s] -- Using all available rosidl_typesupport_c: rosidl_typesupport_fastrtps_c;rosidl_typesupport_introspection_c
[0.109s] -- Found rosidl_adapter: 3.1.8 (/opt/ros/humble/share/rosidl_adapter/cmake)
[0.128s] -- Using all available rosidl_typesupport_cpp: rosidl_typesupport_fastrtps_cpp;rosidl_typesupport_introspection_cpp
[0.143s] -- Found std_msgs: 4.9.1 (/opt/ros/humble/share/std_msgs/cmake)
[0.342s] -- Found ament_cmake_ros: 0.10.0 (/opt/ros/humble/share/ament_cmake_ros/cmake)
[0.485s] -- Using all available rosidl_typesupport_c: rosidl_typesupport_fastrtps_c;rosidl_typesupport_introspection_c
[0.680s] -- Using all available rosidl_typesupport_cpp: rosidl_typesupport_fastrtps_cpp;rosidl_typesupport_introspection_cpp
[0.695s] -- Found python_cmake_module: 0.10.0 (/opt/ros/humble/share/python_cmake_module/cmake)
[0.710s] -- Using PYTHON_EXECUTABLE: /usr/bin/python3
[0.710s] -- Using PYTHON_INCLUDE_DIRS: /usr/include/python3.10
[0.710s] -- Using PYTHON_LIBRARIES: /usr/lib/x86_64-linux-gnu/libpython3.10.so
[0.734s] -- Found ament_lint_auto: 0.12.15 (/opt/ros/humble/share/ament_lint_auto/cmake)
[0.740s] -- Added test 'lint_cmake' to check CMake code style
[0.740s] -- Added test 'xmllint' to check XML markup files
[0.742s] -- Configuring done
[0.764s] -- Generating done
[0.771s] -- Build files have been written to: /home/solhee/irc/build/msgs
[0.775s] Invoked command in '/home/solhee/irc/build/msgs' returned '0': CMAKE_PREFIX_PATH=${CMAKE_PREFIX_PATH}:/home/solhee/irc/install/robot_bringup:/home/solhee/irc/install/decision:/home/solhee/ros2_study/install/sol_package:/home/solhee/ros2_study/install/sol_line_track:/home/solhee/ros2_study/install/rnd:/home/solhee/ros2_study/install/my_first_package:/opt/ros/humble /usr/bin/cmake /home/solhee/irc/src/msgs -DAMENT_CMAKE_SYMLINK_INSTALL=1 -DCMAKE_INSTALL_PREFIX=/home/solhee/irc/install/msgs
[0.776s] Invoking command in '/home/solhee/irc/build/msgs': CMAKE_PREFIX_PATH=${CMAKE_PREFIX_PATH}:/home/solhee/irc/install/robot_bringup:/home/solhee/irc/install/decision:/home/solhee/ros2_study/install/sol_package:/home/solhee/ros2_study/install/sol_line_track:/home/solhee/ros2_study/install/rnd:/home/solhee/ros2_study/install/my_first_package:/opt/ros/humble /usr/bin/cmake --build /home/solhee/irc/build/msgs -- -j12 -l12
[0.800s] [  1%] Generating C code for ROS interfaces
[0.808s] [  3%] Generating C++ code for ROS interfaces
[0.813s] [  3%] Built target ament_cmake_python_symlink_msgs
[0.956s] running egg_info
[0.957s] writing msgs.egg-info/PKG-INFO
[0.957s] writing dependency_links to msgs.egg-info/dependency_links.txt
[0.957s] writing top-level names to msgs.egg-info/top_level.txt
[0.959s] reading manifest file 'msgs.egg-info/SOURCES.txt'
[0.959s] writing manifest file 'msgs.egg-info/SOURCES.txt'
[0.976s] [  3%] Built target ament_cmake_python_build_msgs_egg
[1.064s] [  3%] Built target msgs__cpp
[1.070s] Consolidate compiler generated dependencies of target msgs__rosidl_generator_c
[1.070s] [  4%] Generating C++ type support for eProsima Fast-RTPS
[1.070s] [  6%] Generating C++ type support dispatch for ROS interfaces
[1.071s] [  7%] Generating C++ introspection for ROS interfaces
[1.079s] [  9%] Building C object CMakeFiles/msgs__rosidl_generator_c.dir/rosidl_generator_c/msgs/msg/detail/line_result__functions.c.o
[1.079s] [ 12%] Building C object CMakeFiles/msgs__rosidl_generator_c.dir/rosidl_generator_c/msgs/msg/detail/ball_result__functions.c.o
[1.079s] [ 12%] Building C object CMakeFiles/msgs__rosidl_generator_c.dir/rosidl_generator_c/msgs/msg/detail/hurdle_result__functions.c.o
[1.079s] [ 14%] Building C object CMakeFiles/msgs__rosidl_generator_c.dir/rosidl_generator_c/msgs/msg/detail/motion_end__functions.c.o
[1.079s] [ 15%] Building C object CMakeFiles/msgs__rosidl_generator_c.dir/rosidl_generator_c/msgs/msg/detail/motion_command__functions.c.o
[1.116s] [ 17%] Linking C shared library libmsgs__rosidl_generator_c.so
[1.139s] [ 17%] Built target msgs__rosidl_generator_c
[1.146s] [ 22%] Generating C introspection for ROS interfaces
[1.146s] [ 22%] Generating C type support dispatch for ROS interfaces
[1.147s] [ 22%] Generating C type support for eProsima Fast-RTPS
[1.255s] Consolidate compiler generated dependencies of target msgs__rosidl_typesupport_cpp
[1.266s] [ 26%] Building CXX object CMakeFiles/msgs__rosidl_typesupport_cpp.dir/rosidl_typesupport_cpp/msgs/msg/ball_result__type_support.cpp.o
[1.266s] [ 26%] Building CXX object CMakeFiles/msgs__rosidl_typesupport_cpp.dir/rosidl_typesupport_cpp/msgs/msg/line_result__type_support.cpp.o
[1.266s] [ 26%] Building CXX object CMakeFiles/msgs__rosidl_typesupport_cpp.dir/rosidl_typesupport_cpp/msgs/msg/hurdle_result__type_support.cpp.o
[1.266s] [ 28%] Building CXX object CMakeFiles/msgs__rosidl_typesupport_cpp.dir/rosidl_typesupport_cpp/msgs/msg/motion_end__type_support.cpp.o
[1.266s] [ 30%] Building CXX object CMakeFiles/msgs__rosidl_typesupport_cpp.dir/rosidl_typesupport_cpp/msgs/msg/motion_command__type_support.cpp.o
[1.326s] Consolidate compiler generated dependencies of target msgs__rosidl_typesupport_introspection_cpp
[1.338s] [ 31%] Building CXX object CMakeFiles/msgs__rosidl_typesupport_introspection_cpp.dir/rosidl_typesupport_introspection_cpp/msgs/msg/detail/line_result__type_support.cpp.o
[1.342s] [ 33%] Building CXX object CMakeFiles/msgs__rosidl_typesupport_introspection_cpp.dir/rosidl_typesupport_introspection_cpp/msgs/msg/detail/hurdle_result__type_support.cpp.o
[1.343s] [ 34%] Building CXX object CMakeFiles/msgs__rosidl_typesupport_introspection_cpp.dir/rosidl_typesupport_introspection_cpp/msgs/msg/detail/ball_result__type_support.cpp.o
[1.404s] Consolidate compiler generated dependencies of target msgs__rosidl_typesupport_c
[1.417s] Consolidate compiler generated dependencies of target msgs__rosidl_typesupport_fastrtps_cpp
[1.430s] [ 36%] Building CXX object CMakeFiles/msgs__rosidl_typesupport_c.dir/rosidl_typesupport_c/msgs/msg/line_result__type_support.cpp.o
[1.433s] [ 38%] Building CXX object CMakeFiles/msgs__rosidl_typesupport_fastrtps_cpp.dir/rosidl_typesupport_fastrtps_cpp/msgs/msg/detail/dds_fastrtps/line_result__type_support.cpp.o
[1.460s] [ 39%] Building CXX object CMakeFiles/msgs__rosidl_typesupport_c.dir/rosidl_typesupport_c/msgs/msg/ball_result__type_support.cpp.o
[1.491s] [ 41%] Building CXX object CMakeFiles/msgs__rosidl_typesupport_c.dir/rosidl_typesupport_c/msgs/msg/hurdle_result__type_support.cpp.o
[1.503s] [ 46%] Building CXX object CMakeFiles/msgs__rosidl_typesupport_fastrtps_cpp.dir/rosidl_typesupport_fastrtps_cpp/msgs/msg/detail/dds_fastrtps/ball_result__type_support.cpp.o
[1.503s] [ 46%] Building CXX object CMakeFiles/msgs__rosidl_typesupport_c.dir/rosidl_typesupport_c/msgs/msg/motion_end__type_support.cpp.o
[1.503s] [ 46%] Building CXX object CMakeFiles/msgs__rosidl_typesupport_introspection_cpp.dir/rosidl_typesupport_introspection_cpp/msgs/msg/detail/motion_end__type_support.cpp.o
[1.523s] Consolidate compiler generated dependencies of target msgs__rosidl_typesupport_introspection_c
[1.526s] [ 47%] Building CXX object CMakeFiles/msgs__rosidl_typesupport_c.dir/rosidl_typesupport_c/msgs/msg/motion_command__type_support.cpp.o
[1.527s] Consolidate compiler generated dependencies of target msgs__rosidl_typesupport_fastrtps_c
[1.534s] [ 49%] Building CXX object CMakeFiles/msgs__rosidl_typesupport_fastrtps_cpp.dir/rosidl_typesupport_fastrtps_cpp/msgs/msg/detail/dds_fastrtps/hurdle_result__type_support.cpp.o
[1.540s] [ 50%] Building C object CMakeFiles/msgs__rosidl_typesupport_introspection_c.dir/rosidl_typesupport_introspection_c/msgs/msg/detail/line_result__type_support.c.o
[1.543s] [ 52%] Linking CXX shared library libmsgs__rosidl_typesupport_cpp.so
[1.544s] [ 53%] Building CXX object CMakeFiles/msgs__rosidl_typesupport_fastrtps_c.dir/rosidl_typesupport_fastrtps_c/msgs/msg/detail/line_result__type_support_c.cpp.o
[1.549s] [ 55%] Building CXX object CMakeFiles/msgs__rosidl_typesupport_fastrtps_cpp.dir/rosidl_typesupport_fastrtps_cpp/msgs/msg/detail/dds_fastrtps/motion_end__type_support.cpp.o
[1.562s] [ 57%] Linking CXX shared library libmsgs__rosidl_typesupport_c.so
[1.574s] [ 58%] Building C object CMakeFiles/msgs__rosidl_typesupport_introspection_c.dir/rosidl_typesupport_introspection_c/msgs/msg/detail/ball_result__type_support.c.o
[1.607s] [ 60%] Building C object CMakeFiles/msgs__rosidl_typesupport_introspection_c.dir/rosidl_typesupport_introspection_c/msgs/msg/detail/hurdle_result__type_support.c.o
[1.611s] [ 60%] Built target msgs__rosidl_typesupport_cpp
[1.612s] [ 60%] Built target msgs__rosidl_typesupport_c
[1.621s] [ 61%] Building CXX object CMakeFiles/msgs__rosidl_typesupport_fastrtps_c.dir/rosidl_typesupport_fastrtps_c/msgs/msg/detail/ball_result__type_support_c.cpp.o
[1.623s] [ 63%] Building CXX object CMakeFiles/msgs__rosidl_typesupport_fastrtps_cpp.dir/rosidl_typesupport_fastrtps_cpp/msgs/msg/detail/dds_fastrtps/motion_command__type_support.cpp.o
[1.653s] [ 65%] Building C object CMakeFiles/msgs__rosidl_typesupport_introspection_c.dir/rosidl_typesupport_introspection_c/msgs/msg/detail/motion_end__type_support.c.o
[1.689s] [ 66%] Building C object CMakeFiles/msgs__rosidl_typesupport_introspection_c.dir/rosidl_typesupport_introspection_c/msgs/msg/detail/motion_command__type_support.c.o
[1.700s] [ 68%] Building CXX object CMakeFiles/msgs__rosidl_typesupport_introspection_cpp.dir/rosidl_typesupport_introspection_cpp/msgs/msg/detail/motion_command__type_support.cpp.o
[1.720s] [ 69%] Building CXX object CMakeFiles/msgs__rosidl_typesupport_fastrtps_c.dir/rosidl_typesupport_fastrtps_c/msgs/msg/detail/hurdle_result__type_support_c.cpp.o
[1.730s] [ 71%] Linking C shared library libmsgs__rosidl_typesupport_introspection_c.so
[1.753s] [ 73%] Building CXX object CMakeFiles/msgs__rosidl_typesupport_fastrtps_c.dir/rosidl_typesupport_fastrtps_c/msgs/msg/detail/motion_end__type_support_c.cpp.o
[1.764s] [ 73%] Built target msgs__rosidl_typesupport_introspection_c
[1.772s] [ 74%] Building CXX object CMakeFiles/msgs__rosidl_typesupport_fastrtps_c.dir/rosidl_typesupport_fastrtps_c/msgs/msg/detail/motion_command__type_support_c.cpp.o
[1.946s] [ 76%] Linking CXX shared library libmsgs__rosidl_typesupport_fastrtps_cpp.so
[1.994s] [ 76%] Built target msgs__rosidl_typesupport_fastrtps_cpp
[2.012s] [ 77%] Linking CXX shared library libmsgs__rosidl_typesupport_introspection_cpp.so
[2.019s] [ 79%] Linking CXX shared library libmsgs__rosidl_typesupport_fastrtps_c.so
[2.037s] [ 79%] Built target msgs__rosidl_typesupport_introspection_cpp
[2.065s] [ 79%] Built target msgs__rosidl_typesupport_fastrtps_c
[2.077s] [ 79%] Built target msgs
[2.088s] [ 80%] Generating Python code for ROS interfaces
[2.415s] [ 80%] Built target msgs__py
[2.426s] Consolidate compiler generated dependencies of target msgs__rosidl_generator_py
[2.436s] [ 82%] Building C object CMakeFiles/msgs__rosidl_generator_py.dir/rosidl_generator_py/msgs/msg/_line_result_s.c.o
[2.436s] [ 84%] Building C object CMakeFiles/msgs__rosidl_generator_py.dir/rosidl_generator_py/msgs/msg/_ball_result_s.c.o
[2.436s] [ 85%] Building C object CMakeFiles/msgs__rosidl_generator_py.dir/rosidl_generator_py/msgs/msg/_hurdle_result_s.c.o
[2.436s] [ 87%] Building C object CMakeFiles/msgs__rosidl_generator_py.dir/rosidl_generator_py/msgs/msg/_motion_end_s.c.o
[2.437s] [ 88%] Building C object CMakeFiles/msgs__rosidl_generator_py.dir/rosidl_generator_py/msgs/msg/_motion_command_s.c.o
[2.501s] [ 90%] Linking C shared library rosidl_generator_py/msgs/libmsgs__rosidl_generator_py.so
[2.527s] [ 90%] Built target msgs__rosidl_generator_py
[2.534s] Consolidate compiler generated dependencies of target msgs__rosidl_typesupport_c__pyext
[2.534s] Consolidate compiler generated dependencies of target msgs__rosidl_typesupport_introspection_c__pyext
[2.534s] Consolidate compiler generated dependencies of target msgs__rosidl_typesupport_fastrtps_c__pyext
[2.541s] [ 95%] Building C object CMakeFiles/msgs__rosidl_typesupport_fastrtps_c__pyext.dir/rosidl_generator_py/msgs/_msgs_s.ep.rosidl_typesupport_fastrtps_c.c.o
[2.541s] [ 95%] Building C object CMakeFiles/msgs__rosidl_typesupport_introspection_c__pyext.dir/rosidl_generator_py/msgs/_msgs_s.ep.rosidl_typesupport_introspection_c.c.o
[2.541s] [ 95%] Building C object CMakeFiles/msgs__rosidl_typesupport_c__pyext.dir/rosidl_generator_py/msgs/_msgs_s.ep.rosidl_typesupport_c.c.o
[2.604s] [100%] Linking C shared library rosidl_generator_py/msgs/msgs_s__rosidl_typesupport_c.cpython-310-x86_64-linux-gnu.so
[2.605s] [100%] Linking C shared library rosidl_generator_py/msgs/msgs_s__rosidl_typesupport_introspection_c.cpython-310-x86_64-linux-gnu.so
[2.605s] [100%] Linking C shared library rosidl_generator_py/msgs/msgs_s__rosidl_typesupport_fastrtps_c.cpython-310-x86_64-linux-gnu.so
[2.628s] [100%] Built target msgs__rosidl_typesupport_fastrtps_c__pyext
[2.628s] [100%] Built target msgs__rosidl_typesupport_introspection_c__pyext
[2.628s] [100%] Built target msgs__rosidl_typesupport_c__pyext
[2.634s] Invoked command in '/home/solhee/irc/build/msgs' returned '0': CMAKE_PREFIX_PATH=${CMAKE_PREFIX_PATH}:/home/solhee/irc/install/robot_bringup:/home/solhee/irc/install/decision:/home/solhee/ros2_study/install/sol_package:/home/solhee/ros2_study/install/sol_line_track:/home/solhee/ros2_study/install/rnd:/home/solhee/ros2_study/install/my_first_package:/opt/ros/humble /usr/bin/cmake --build /home/solhee/irc/build/msgs -- -j12 -l12
[2.640s] Invoking command in '/home/solhee/irc/build/msgs': CMAKE_PREFIX_PATH=${CMAKE_PREFIX_PATH}:/home/solhee/irc/install/robot_bringup:/home/solhee/irc/install/decision:/home/solhee/ros2_study/install/sol_package:/home/solhee/ros2_study/install/sol_line_track:/home/solhee/ros2_study/install/rnd:/home/solhee/ros2_study/install/my_first_package:/opt/ros/humble /usr/bin/cmake --install /home/solhee/irc/build/msgs
[2.645s] -- Install configuration: ""
[2.645s] -- Execute custom install script
[2.645s] -- Up-to-date symlink: /home/solhee/irc/install/msgs/share/ament_index/resource_index/rosidl_interfaces/msgs
[2.645s] -- Up-to-date symlink: /home/solhee/irc/install/msgs/include/msgs/msgs/msg/ball_result.h
[2.645s] -- Up-to-date symlink: /home/solhee/irc/install/msgs/include/msgs/msgs/msg/detail/ball_result__functions.h
[2.645s] -- Up-to-date symlink: /home/solhee/irc/install/msgs/include/msgs/msgs/msg/detail/ball_result__struct.h
[2.646s] -- Up-to-date symlink: /home/solhee/irc/install/msgs/include/msgs/msgs/msg/detail/ball_result__type_support.h
[2.646s] -- Up-to-date symlink: /home/solhee/irc/install/msgs/include/msgs/msgs/msg/detail/hurdle_result__functions.h
[2.646s] -- Up-to-date symlink: /home/solhee/irc/install/msgs/include/msgs/msgs/msg/detail/hurdle_result__struct.h
[2.646s] -- Up-to-date symlink: /home/solhee/irc/install/msgs/include/msgs/msgs/msg/detail/hurdle_result__type_support.h
[2.646s] -- Up-to-date symlink: /home/solhee/irc/install/msgs/include/msgs/msgs/msg/detail/line_result__functions.h
[2.646s] -- Up-to-date symlink: /home/solhee/irc/install/msgs/include/msgs/msgs/msg/detail/line_result__struct.h
[2.646s] -- Up-to-date symlink: /home/solhee/irc/install/msgs/include/msgs/msgs/msg/detail/line_result__type_support.h
[2.646s] -- Up-to-date symlink: /home/solhee/irc/install/msgs/include/msgs/msgs/msg/detail/motion_command__functions.h
[2.646s] -- Up-to-date symlink: /home/solhee/irc/install/msgs/include/msgs/msgs/msg/detail/motion_command__struct.h
[2.646s] -- Up-to-date symlink: /home/solhee/irc/install/msgs/include/msgs/msgs/msg/detail/motion_command__type_support.h
[2.646s] -- Up-to-date symlink: /home/solhee/irc/install/msgs/include/msgs/msgs/msg/detail/motion_end__functions.h
[2.646s] -- Up-to-date symlink: /home/solhee/irc/install/msgs/include/msgs/msgs/msg/detail/motion_end__struct.h
[2.646s] -- Up-to-date symlink: /home/solhee/irc/install/msgs/include/msgs/msgs/msg/detail/motion_end__type_support.h
[2.646s] -- Up-to-date symlink: /home/solhee/irc/install/msgs/include/msgs/msgs/msg/hurdle_result.h
[2.646s] -- Up-to-date symlink: /home/solhee/irc/install/msgs/include/msgs/msgs/msg/line_result.h
[2.646s] -- Up-to-date symlink: /home/solhee/irc/install/msgs/include/msgs/msgs/msg/motion_command.h
[2.646s] -- Up-to-date symlink: /home/solhee/irc/install/msgs/include/msgs/msgs/msg/motion_end.h
[2.646s] -- Up-to-date symlink: /home/solhee/irc/install/msgs/include/msgs/msgs/msg/rosidl_generator_c__visibility_control.h
[2.646s] -- Up-to-date symlink: /home/solhee/irc/install/msgs/share/msgs/environment/library_path.sh
[2.646s] -- Up-to-date symlink: /home/solhee/irc/install/msgs/share/msgs/environment/library_path.dsv
[2.647s] -- Up-to-date symlink: /home/solhee/irc/install/msgs/include/msgs/msgs/msg/detail/ball_result__rosidl_typesupport_fastrtps_c.h
[2.647s] -- Up-to-date symlink: /home/solhee/irc/install/msgs/include/msgs/msgs/msg/detail/hurdle_result__rosidl_typesupport_fastrtps_c.h
[2.647s] -- Up-to-date symlink: /home/solhee/irc/install/msgs/include/msgs/msgs/msg/detail/line_result__rosidl_typesupport_fastrtps_c.h
[2.647s] -- Up-to-date symlink: /home/solhee/irc/install/msgs/include/msgs/msgs/msg/detail/motion_command__rosidl_typesupport_fastrtps_c.h
[2.647s] -- Up-to-date symlink: /home/solhee/irc/install/msgs/include/msgs/msgs/msg/detail/motion_end__rosidl_typesupport_fastrtps_c.h
[2.647s] -- Up-to-date symlink: /home/solhee/irc/install/msgs/include/msgs/msgs/msg/rosidl_typesupport_fastrtps_c__visibility_control.h
[2.647s] -- Up-to-date symlink: /home/solhee/irc/install/msgs/include/msgs/msgs/msg/detail/ball_result__rosidl_typesupport_introspection_c.h
[2.647s] -- Up-to-date symlink: /home/solhee/irc/install/msgs/include/msgs/msgs/msg/detail/hurdle_result__rosidl_typesupport_introspection_c.h
[2.647s] -- Up-to-date symlink: /home/solhee/irc/install/msgs/include/msgs/msgs/msg/detail/line_result__rosidl_typesupport_introspection_c.h
[2.647s] -- Up-to-date symlink: /home/solhee/irc/install/msgs/include/msgs/msgs/msg/detail/motion_command__rosidl_typesupport_introspection_c.h
[2.647s] -- Up-to-date symlink: /home/solhee/irc/install/msgs/include/msgs/msgs/msg/detail/motion_end__rosidl_typesupport_introspection_c.h
[2.647s] -- Up-to-date symlink: /home/solhee/irc/install/msgs/include/msgs/msgs/msg/rosidl_typesupport_introspection_c__visibility_control.h
[2.648s] -- Up-to-date symlink: /home/solhee/irc/install/msgs/include/msgs/msgs/msg/ball_result.hpp
[2.648s] -- Up-to-date symlink: /home/solhee/irc/install/msgs/include/msgs/msgs/msg/detail/ball_result__builder.hpp
[2.648s] -- Up-to-date symlink: /home/solhee/irc/install/msgs/include/msgs/msgs/msg/detail/ball_result__struct.hpp
[2.648s] -- Up-to-date symlink: /home/solhee/irc/install/msgs/include/msgs/msgs/msg/detail/ball_result__traits.hpp
[2.648s] -- Up-to-date symlink: /home/solhee/irc/install/msgs/include/msgs/msgs/msg/detail/ball_result__type_support.hpp
[2.648s] -- Up-to-date symlink: /home/solhee/irc/install/msgs/include/msgs/msgs/msg/detail/hurdle_result__builder.hpp
[2.648s] -- Up-to-date symlink: /home/solhee/irc/install/msgs/include/msgs/msgs/msg/detail/hurdle_result__struct.hpp
[2.648s] -- Up-to-date symlink: /home/solhee/irc/install/msgs/include/msgs/msgs/msg/detail/hurdle_result__traits.hpp
[2.648s] -- Up-to-date symlink: /home/solhee/irc/install/msgs/include/msgs/msgs/msg/detail/hurdle_result__type_support.hpp
[2.648s] -- Up-to-date symlink: /home/solhee/irc/install/msgs/include/msgs/msgs/msg/detail/line_result__builder.hpp
[2.648s] -- Up-to-date symlink: /home/solhee/irc/install/msgs/include/msgs/msgs/msg/detail/line_result__struct.hpp
[2.648s] -- Up-to-date symlink: /home/solhee/irc/install/msgs/include/msgs/msgs/msg/detail/line_result__traits.hpp
[2.648s] -- Up-to-date symlink: /home/solhee/irc/install/msgs/include/msgs/msgs/msg/detail/line_result__type_support.hpp
[2.648s] -- Up-to-date symlink: /home/solhee/irc/install/msgs/include/msgs/msgs/msg/detail/motion_command__builder.hpp
[2.648s] -- Up-to-date symlink: /home/solhee/irc/install/msgs/include/msgs/msgs/msg/detail/motion_command__struct.hpp
[2.648s] -- Up-to-date symlink: /home/solhee/irc/install/msgs/include/msgs/msgs/msg/detail/motion_command__traits.hpp
[2.648s] -- Up-to-date symlink: /home/solhee/irc/install/msgs/include/msgs/msgs/msg/detail/motion_command__type_support.hpp
[2.648s] -- Up-to-date symlink: /home/solhee/irc/install/msgs/include/msgs/msgs/msg/detail/motion_end__builder.hpp
[2.649s] -- Up-to-date symlink: /home/solhee/irc/install/msgs/include/msgs/msgs/msg/detail/motion_end__struct.hpp
[2.649s] -- Up-to-date symlink: /home/solhee/irc/install/msgs/include/msgs/msgs/msg/detail/motion_end__traits.hpp
[2.649s] -- Up-to-date symlink: /home/solhee/irc/install/msgs/include/msgs/msgs/msg/detail/motion_end__type_support.hpp
[2.649s] -- Up-to-date symlink: /home/solhee/irc/install/msgs/include/msgs/msgs/msg/hurdle_result.hpp
[2.649s] -- Up-to-date symlink: /home/solhee/irc/install/msgs/include/msgs/msgs/msg/line_result.hpp
[2.649s] -- Up-to-date symlink: /home/solhee/irc/install/msgs/include/msgs/msgs/msg/motion_command.hpp
[2.649s] -- Up-to-date symlink: /home/solhee/irc/install/msgs/include/msgs/msgs/msg/motion_end.hpp
[2.649s] -- Up-to-date symlink: /home/solhee/irc/install/msgs/include/msgs/msgs/msg/rosidl_generator_cpp__visibility_control.hpp
[2.649s] -- Up-to-date symlink: /home/solhee/irc/install/msgs/include/msgs/msgs/msg/detail/ball_result__rosidl_typesupport_fastrtps_cpp.hpp
[2.649s] -- Up-to-date symlink: /home/solhee/irc/install/msgs/include/msgs/msgs/msg/detail/hurdle_result__rosidl_typesupport_fastrtps_cpp.hpp
[2.649s] -- Up-to-date symlink: /home/solhee/irc/install/msgs/include/msgs/msgs/msg/detail/line_result__rosidl_typesupport_fastrtps_cpp.hpp
[2.649s] -- Up-to-date symlink: /home/solhee/irc/install/msgs/include/msgs/msgs/msg/detail/motion_command__rosidl_typesupport_fastrtps_cpp.hpp
[2.649s] -- Up-to-date symlink: /home/solhee/irc/install/msgs/include/msgs/msgs/msg/detail/motion_end__rosidl_typesupport_fastrtps_cpp.hpp
[2.649s] -- Up-to-date symlink: /home/solhee/irc/install/msgs/include/msgs/msgs/msg/rosidl_typesupport_fastrtps_cpp__visibility_control.h
[2.649s] -- Up-to-date symlink: /home/solhee/irc/install/msgs/include/msgs/msgs/msg/detail/ball_result__rosidl_typesupport_introspection_cpp.hpp
[2.650s] -- Up-to-date symlink: /home/solhee/irc/install/msgs/include/msgs/msgs/msg/detail/hurdle_result__rosidl_typesupport_introspection_cpp.hpp
[2.650s] -- Up-to-date symlink: /home/solhee/irc/install/msgs/include/msgs/msgs/msg/detail/line_result__rosidl_typesupport_introspection_cpp.hpp
[2.650s] -- Up-to-date symlink: /home/solhee/irc/install/msgs/include/msgs/msgs/msg/detail/motion_command__rosidl_typesupport_introspection_cpp.hpp
[2.650s] -- Up-to-date symlink: /home/solhee/irc/install/msgs/include/msgs/msgs/msg/detail/motion_end__rosidl_typesupport_introspection_cpp.hpp
[2.650s] -- Up-to-date symlink: /home/solhee/irc/install/msgs/share/msgs/environment/pythonpath.sh
[2.650s] -- Up-to-date symlink: /home/solhee/irc/install/msgs/share/msgs/environment/pythonpath.dsv
[2.650s] -- Up-to-date symlink: /home/solhee/irc/install/msgs/local/lib/python3.10/dist-packages/msgs-0.0.0-py3.10.egg-info/PKG-INFO
[2.650s] -- Up-to-date symlink: /home/solhee/irc/install/msgs/local/lib/python3.10/dist-packages/msgs-0.0.0-py3.10.egg-info/SOURCES.txt
[2.650s] -- Up-to-date symlink: /home/solhee/irc/install/msgs/local/lib/python3.10/dist-packages/msgs-0.0.0-py3.10.egg-info/dependency_links.txt
[2.650s] -- Up-to-date symlink: /home/solhee/irc/install/msgs/local/lib/python3.10/dist-packages/msgs-0.0.0-py3.10.egg-info/top_level.txt
[2.650s] -- Up-to-date symlink: /home/solhee/irc/install/msgs/local/lib/python3.10/dist-packages/msgs/__init__.py
[2.650s] -- Up-to-date symlink: /home/solhee/irc/install/msgs/local/lib/python3.10/dist-packages/msgs/_msgs_s.ep.rosidl_typesupport_c.c
[2.651s] -- Up-to-date symlink: /home/solhee/irc/install/msgs/local/lib/python3.10/dist-packages/msgs/_msgs_s.ep.rosidl_typesupport_fastrtps_c.c
[2.651s] -- Up-to-date symlink: /home/solhee/irc/install/msgs/local/lib/python3.10/dist-packages/msgs/_msgs_s.ep.rosidl_typesupport_introspection_c.c
[2.651s] -- Up-to-date symlink: /home/solhee/irc/install/msgs/local/lib/python3.10/dist-packages/msgs/libmsgs__rosidl_generator_py.so
[2.651s] -- Up-to-date symlink: /home/solhee/irc/install/msgs/local/lib/python3.10/dist-packages/msgs/msg/__init__.py
[2.651s] -- Up-to-date symlink: /home/solhee/irc/install/msgs/local/lib/python3.10/dist-packages/msgs/msg/_ball_result.py
[2.651s] -- Up-to-date symlink: /home/solhee/irc/install/msgs/local/lib/python3.10/dist-packages/msgs/msg/_ball_result_s.c
[2.651s] -- Up-to-date symlink: /home/solhee/irc/install/msgs/local/lib/python3.10/dist-packages/msgs/msg/_hurdle_result.py
[2.651s] -- Up-to-date symlink: /home/solhee/irc/install/msgs/local/lib/python3.10/dist-packages/msgs/msg/_hurdle_result_s.c
[2.651s] -- Up-to-date symlink: /home/solhee/irc/install/msgs/local/lib/python3.10/dist-packages/msgs/msg/_line_result.py
[2.651s] -- Up-to-date symlink: /home/solhee/irc/install/msgs/local/lib/python3.10/dist-packages/msgs/msg/_line_result_s.c
[2.651s] -- Up-to-date symlink: /home/solhee/irc/install/msgs/local/lib/python3.10/dist-packages/msgs/msg/_motion_command.py
[2.651s] -- Up-to-date symlink: /home/solhee/irc/install/msgs/local/lib/python3.10/dist-packages/msgs/msg/_motion_command_s.c
[2.651s] -- Up-to-date symlink: /home/solhee/irc/install/msgs/local/lib/python3.10/dist-packages/msgs/msg/_motion_end.py
[2.651s] -- Up-to-date symlink: /home/solhee/irc/install/msgs/local/lib/python3.10/dist-packages/msgs/msg/_motion_end_s.c
[2.651s] -- Up-to-date symlink: /home/solhee/irc/install/msgs/local/lib/python3.10/dist-packages/msgs/msgs_s__rosidl_typesupport_c.cpython-310-x86_64-linux-gnu.so
[2.651s] -- Up-to-date symlink: /home/solhee/irc/install/msgs/local/lib/python3.10/dist-packages/msgs/msgs_s__rosidl_typesupport_fastrtps_c.cpython-310-x86_64-linux-gnu.so
[2.651s] -- Up-to-date symlink: /home/solhee/irc/install/msgs/local/lib/python3.10/dist-packages/msgs/msgs_s__rosidl_typesupport_introspection_c.cpython-310-x86_64-linux-gnu.so
[2.651s] -- Up-to-date symlink: /home/solhee/irc/install/msgs/local/lib/python3.10/dist-packages/msgs/msgs_s__rosidl_typesupport_fastrtps_c.cpython-310-x86_64-linux-gnu.so
[2.652s] -- Up-to-date symlink: /home/solhee/irc/install/msgs/local/lib/python3.10/dist-packages/msgs/msgs_s__rosidl_typesupport_introspection_c.cpython-310-x86_64-linux-gnu.so
[2.652s] -- Up-to-date symlink: /home/solhee/irc/install/msgs/local/lib/python3.10/dist-packages/msgs/msgs_s__rosidl_typesupport_c.cpython-310-x86_64-linux-gnu.so
[2.652s] -- Up-to-date symlink: /home/solhee/irc/install/msgs/share/msgs/msg/LineResult.idl
[2.652s] -- Up-to-date symlink: /home/solhee/irc/install/msgs/share/msgs/msg/BallResult.idl
[2.652s] -- Up-to-date symlink: /home/solhee/irc/install/msgs/share/msgs/msg/HurdleResult.idl
[2.652s] -- Up-to-date symlink: /home/solhee/irc/install/msgs/share/msgs/msg/MotionEnd.idl
[2.652s] -- Up-to-date symlink: /home/solhee/irc/install/msgs/share/msgs/msg/MotionCommand.idl
[2.652s] -- Up-to-date symlink: /home/solhee/irc/install/msgs/share/msgs/msg/LineResult.msg
[2.652s] -- Up-to-date symlink: /home/solhee/irc/install/msgs/share/msgs/msg/BallResult.msg
[2.652s] -- Up-to-date symlink: /home/solhee/irc/install/msgs/share/msgs/msg/HurdleResult.msg
[2.652s] -- Up-to-date symlink: /home/solhee/irc/install/msgs/share/msgs/msg/MotionEnd.msg
[2.653s] -- Up-to-date symlink: /home/solhee/irc/install/msgs/share/msgs/msg/MotionCommand.msg
[2.653s] -- Up-to-date symlink: /home/solhee/irc/install/msgs/share/ament_index/resource_index/package_run_dependencies/msgs
[2.653s] -- Up-to-date symlink: /home/solhee/irc/install/msgs/share/ament_index/resource_index/parent_prefix_path/msgs
[2.653s] -- Up-to-date symlink: /home/solhee/irc/install/msgs/share/msgs/environment/ament_prefix_path.sh
[2.653s] -- Up-to-date symlink: /home/solhee/irc/install/msgs/share/msgs/environment/ament_prefix_path.dsv
[2.653s] -- Up-to-date symlink: /home/solhee/irc/install/msgs/share/msgs/environment/path.sh
[2.653s] -- Up-to-date symlink: /home/solhee/irc/install/msgs/share/msgs/environment/path.dsv
[2.653s] -- Up-to-date symlink: /home/solhee/irc/install/msgs/share/msgs/local_setup.bash
[2.653s] -- Up-to-date symlink: /home/solhee/irc/install/msgs/share/msgs/local_setup.sh
[2.653s] -- Up-to-date symlink: /home/solhee/irc/install/msgs/share/msgs/local_setup.zsh
[2.653s] -- Up-to-date symlink: /home/solhee/irc/install/msgs/share/msgs/local_setup.dsv
[2.653s] -- Symlinking: /home/solhee/irc/install/msgs/share/msgs/package.dsv
[2.659s] -- Up-to-date symlink: /home/solhee/irc/install/msgs/share/ament_index/resource_index/packages/msgs
[2.659s] -- Up-to-date symlink: /home/solhee/irc/install/msgs/share/msgs/cmake/rosidl_cmake-extras.cmake
[2.659s] -- Up-to-date symlink: /home/solhee/irc/install/msgs/share/msgs/cmake/ament_cmake_export_dependencies-extras.cmake
[2.659s] -- Up-to-date symlink: /home/solhee/irc/install/msgs/share/msgs/cmake/ament_cmake_export_include_directories-extras.cmake
[2.659s] -- Up-to-date symlink: /home/solhee/irc/install/msgs/share/msgs/cmake/ament_cmake_export_libraries-extras.cmake
[2.659s] -- Up-to-date symlink: /home/solhee/irc/install/msgs/share/msgs/cmake/ament_cmake_export_targets-extras.cmake
[2.660s] -- Up-to-date symlink: /home/solhee/irc/install/msgs/share/msgs/cmake/rosidl_cmake_export_typesupport_targets-extras.cmake
[2.660s] -- Up-to-date symlink: /home/solhee/irc/install/msgs/share/msgs/cmake/rosidl_cmake_export_typesupport_libraries-extras.cmake
[2.660s] -- Up-to-date symlink: /home/solhee/irc/install/msgs/share/msgs/cmake/msgsConfig.cmake
[2.660s] -- Up-to-date symlink: /home/solhee/irc/install/msgs/share/msgs/cmake/msgsConfig-version.cmake
[2.660s] -- Up-to-date symlink: /home/solhee/irc/install/msgs/share/msgs/package.xml
[2.660s] -- Installing: /home/solhee/irc/install/msgs/lib/libmsgs__rosidl_generator_c.so
[2.660s] -- Set runtime path of "/home/solhee/irc/install/msgs/lib/libmsgs__rosidl_generator_c.so" to ""
[2.660s] -- Installing: /home/solhee/irc/install/msgs/lib/libmsgs__rosidl_typesupport_fastrtps_c.so
[2.660s] -- Set runtime path of "/home/solhee/irc/install/msgs/lib/libmsgs__rosidl_typesupport_fastrtps_c.so" to ""
[2.660s] -- Installing: /home/solhee/irc/install/msgs/lib/libmsgs__rosidl_typesupport_introspection_c.so
[2.660s] -- Set runtime path of "/home/solhee/irc/install/msgs/lib/libmsgs__rosidl_typesupport_introspection_c.so" to ""
[2.660s] -- Installing: /home/solhee/irc/install/msgs/lib/libmsgs__rosidl_typesupport_c.so
[2.661s] -- Set runtime path of "/home/solhee/irc/install/msgs/lib/libmsgs__rosidl_typesupport_c.so" to ""
[2.661s] -- Installing: /home/solhee/irc/install/msgs/lib/libmsgs__rosidl_typesupport_fastrtps_cpp.so
[2.661s] -- Set runtime path of "/home/solhee/irc/install/msgs/lib/libmsgs__rosidl_typesupport_fastrtps_cpp.so" to ""
[2.661s] -- Installing: /home/solhee/irc/install/msgs/lib/libmsgs__rosidl_typesupport_introspection_cpp.so
[2.661s] -- Set runtime path of "/home/solhee/irc/install/msgs/lib/libmsgs__rosidl_typesupport_introspection_cpp.so" to ""
[2.661s] -- Installing: /home/solhee/irc/install/msgs/lib/libmsgs__rosidl_typesupport_cpp.so
[2.661s] -- Set runtime path of "/home/solhee/irc/install/msgs/lib/libmsgs__rosidl_typesupport_cpp.so" to ""
[2.687s] Listing '/home/solhee/irc/install/msgs/local/lib/python3.10/dist-packages/msgs'...
[2.687s] Compiling '/home/solhee/irc/install/msgs/local/lib/python3.10/dist-packages/msgs/__init__.py'...
[2.687s] Listing '/home/solhee/irc/install/msgs/local/lib/python3.10/dist-packages/msgs/msg'...
[2.687s] Compiling '/home/solhee/irc/install/msgs/local/lib/python3.10/dist-packages/msgs/msg/__init__.py'...
[2.687s] Compiling '/home/solhee/irc/install/msgs/local/lib/python3.10/dist-packages/msgs/msg/_ball_result.py'...
[2.687s] Compiling '/home/solhee/irc/install/msgs/local/lib/python3.10/dist-packages/msgs/msg/_hurdle_result.py'...
[2.687s] Compiling '/home/solhee/irc/install/msgs/local/lib/python3.10/dist-packages/msgs/msg/_line_result.py'...
[2.687s] Compiling '/home/solhee/irc/install/msgs/local/lib/python3.10/dist-packages/msgs/msg/_motion_command.py'...
[2.687s] Compiling '/home/solhee/irc/install/msgs/local/lib/python3.10/dist-packages/msgs/msg/_motion_end.py'...
[2.690s] -- Installing: /home/solhee/irc/install/msgs/lib/libmsgs__rosidl_generator_py.so
[2.691s] -- Set runtime path of "/home/solhee/irc/install/msgs/lib/libmsgs__rosidl_generator_py.so" to ""
[2.691s] -- Up-to-date: /home/solhee/irc/install/msgs/share/msgs/cmake/export_msgs__rosidl_generator_cExport.cmake
[2.691s] -- Up-to-date: /home/solhee/irc/install/msgs/share/msgs/cmake/export_msgs__rosidl_generator_cExport-noconfig.cmake
[2.691s] -- Up-to-date: /home/solhee/irc/install/msgs/share/msgs/cmake/export_msgs__rosidl_typesupport_fastrtps_cExport.cmake
[2.691s] -- Up-to-date: /home/solhee/irc/install/msgs/share/msgs/cmake/export_msgs__rosidl_typesupport_fastrtps_cExport-noconfig.cmake
[2.691s] -- Up-to-date: /home/solhee/irc/install/msgs/share/msgs/cmake/msgs__rosidl_typesupport_introspection_cExport.cmake
[2.691s] -- Up-to-date: /home/solhee/irc/install/msgs/share/msgs/cmake/msgs__rosidl_typesupport_introspection_cExport-noconfig.cmake
[2.691s] -- Up-to-date: /home/solhee/irc/install/msgs/share/msgs/cmake/msgs__rosidl_typesupport_cExport.cmake
[2.691s] -- Up-to-date: /home/solhee/irc/install/msgs/share/msgs/cmake/msgs__rosidl_typesupport_cExport-noconfig.cmake
[2.691s] -- Up-to-date: /home/solhee/irc/install/msgs/share/msgs/cmake/export_msgs__rosidl_generator_cppExport.cmake
[2.691s] -- Up-to-date: /home/solhee/irc/install/msgs/share/msgs/cmake/export_msgs__rosidl_typesupport_fastrtps_cppExport.cmake
[2.691s] -- Up-to-date: /home/solhee/irc/install/msgs/share/msgs/cmake/export_msgs__rosidl_typesupport_fastrtps_cppExport-noconfig.cmake
[2.691s] -- Up-to-date: /home/solhee/irc/install/msgs/share/msgs/cmake/msgs__rosidl_typesupport_introspection_cppExport.cmake
[2.691s] -- Up-to-date: /home/solhee/irc/install/msgs/share/msgs/cmake/msgs__rosidl_typesupport_introspection_cppExport-noconfig.cmake
[2.691s] -- Up-to-date: /home/solhee/irc/install/msgs/share/msgs/cmake/msgs__rosidl_typesupport_cppExport.cmake
[2.691s] -- Up-to-date: /home/solhee/irc/install/msgs/share/msgs/cmake/msgs__rosidl_typesupport_cppExport-noconfig.cmake
[2.691s] -- Up-to-date: /home/solhee/irc/install/msgs/share/msgs/cmake/export_msgs__rosidl_generator_pyExport.cmake
[2.691s] -- Up-to-date: /home/solhee/irc/install/msgs/share/msgs/cmake/export_msgs__rosidl_generator_pyExport-noconfig.cmake
[2.693s] Invoked command in '/home/solhee/irc/build/msgs' returned '0': CMAKE_PREFIX_PATH=${CMAKE_PREFIX_PATH}:/home/solhee/irc/install/robot_bringup:/home/solhee/irc/install/decision:/home/solhee/ros2_study/install/sol_package:/home/solhee/ros2_study/install/sol_line_track:/home/solhee/ros2_study/install/rnd:/home/solhee/ros2_study/install/my_first_package:/opt/ros/humble /usr/bin/cmake --install /home/solhee/irc/build/msgs
